2024-09-23 12:47:28,049 [ERROR] ConfigurationRetriever:142 - IOException on connection: Read timed out
2024-09-23 14:21:15,449 [INFO] WebApp:189 - Connection lost
2024-09-23 14:21:15,954 [INFO] WebApp:186 - Connection restablished
2024-09-23 14:21:22,790 [INFO] WebApp:189 - Connection lost
2024-09-23 14:21:23,034 [INFO] WebApp:186 - Connection restablished
2024-09-23 16:24:26,103 [INFO] WebApp:388 - JxBrowser engine has been closed 
2024-09-23 16:24:53,888 [ERROR] LogOutputStream:75 - [STDERR_REDIRECT] [Fatal Error] :1:1: Premature end of file.
2024-09-23 16:24:53,888 [ERROR] LogOutputStream:75 - [STDERR_REDIRECT] 
2024-09-23 16:24:54,870 [ERROR] LogOutputStream:75 - [STDERR_REDIRECT] [Fatal Error] :1:1: Premature end of file.
2024-09-23 16:24:54,870 [ERROR] LogOutputStream:75 - [STDERR_REDIRECT] 
2024-09-23 16:24:55,873 [ERROR] LogOutputStream:75 - [STDERR_REDIRECT] [Fatal Error] :1:1: Premature end of file.
2024-09-23 16:24:55,873 [ERROR] LogOutputStream:75 - [STDERR_REDIRECT] 
2024-09-23 16:24:56,861 [ERROR] LogOutputStream:75 - [STDERR_REDIRECT] [Fatal Error] :1:1: Premature end of file.
2024-09-23 16:24:56,861 [ERROR] LogOutputStream:75 - [STDERR_REDIRECT] 
2024-09-23 16:24:57,865 [ERROR] LogOutputStream:75 - [STDERR_REDIRECT] [Fatal Error] :1:1: Premature end of file.
2024-09-23 16:24:57,865 [ERROR] LogOutputStream:75 - [STDERR_REDIRECT] 
2024-09-23 16:24:58,865 [ERROR] LogOutputStream:75 - [STDERR_REDIRECT] [Fatal Error] :1:1: Premature end of file.
2024-09-23 16:24:58,865 [ERROR] LogOutputStream:75 - [STDERR_REDIRECT] 
2024-09-23 16:24:59,876 [ERROR] LogOutputStream:75 - [STDERR_REDIRECT] [Fatal Error] :1:1: Premature end of file.
2024-09-23 16:24:59,876 [ERROR] LogOutputStream:75 - [STDERR_REDIRECT] 
2024-09-23 16:25:00,876 [ERROR] LogOutputStream:75 - [STDERR_REDIRECT] [Fatal Error] :1:1: Premature end of file.
2024-09-23 16:25:00,876 [ERROR] LogOutputStream:75 - [STDERR_REDIRECT] 
2024-09-23 16:25:01,867 [ERROR] LogOutputStream:75 - [STDERR_REDIRECT] [Fatal Error] :1:1: Premature end of file.
2024-09-23 16:25:01,867 [ERROR] LogOutputStream:75 - [STDERR_REDIRECT] 
2024-09-23 16:25:02,872 [ERROR] LogOutputStream:75 - [STDERR_REDIRECT] [Fatal Error] :1:1: Premature end of file.
2024-09-23 16:25:02,872 [ERROR] LogOutputStream:75 - [STDERR_REDIRECT] 
2024-09-23 16:25:03,870 [ERROR] LogOutputStream:75 - [STDERR_REDIRECT] [Fatal Error] :1:1: Premature end of file.
2024-09-23 16:25:03,870 [ERROR] LogOutputStream:75 - [STDERR_REDIRECT] 
2024-09-23 16:25:04,872 [ERROR] LogOutputStream:75 - [STDERR_REDIRECT] [Fatal Error] :1:1: Premature end of file.
2024-09-23 16:25:04,872 [ERROR] LogOutputStream:75 - [STDERR_REDIRECT] 
2024-09-23 16:25:05,870 [ERROR] LogOutputStream:75 - [STDERR_REDIRECT] [Fatal Error] :1:1: Premature end of file.
2024-09-23 16:25:05,870 [ERROR] LogOutputStream:75 - [STDERR_REDIRECT] 
2024-09-23 16:25:06,870 [ERROR] LogOutputStream:75 - [STDERR_REDIRECT] [Fatal Error] :1:1: Premature end of file.
2024-09-23 16:25:06,870 [ERROR] LogOutputStream:75 - [STDERR_REDIRECT] 
2024-09-23 16:25:07,869 [ERROR] LogOutputStream:75 - [STDERR_REDIRECT] [Fatal Error] :1:1: Premature end of file.
2024-09-23 16:25:07,869 [ERROR] LogOutputStream:75 - [STDERR_REDIRECT] 
2024-09-23 16:25:08,871 [ERROR] LogOutputStream:75 - [STDERR_REDIRECT] [Fatal Error] :1:1: Premature end of file.
2024-09-23 16:25:08,871 [ERROR] LogOutputStream:75 - [STDERR_REDIRECT] 
2024-09-23 16:25:09,873 [ERROR] LogOutputStream:75 - [STDERR_REDIRECT] [Fatal Error] :1:1: Premature end of file.
2024-09-23 16:25:09,873 [ERROR] LogOutputStream:75 - [STDERR_REDIRECT] 
2024-09-23 16:25:10,871 [ERROR] LogOutputStream:75 - [STDERR_REDIRECT] [Fatal Error] :1:1: Premature end of file.
2024-09-23 16:25:10,871 [ERROR] LogOutputStream:75 - [STDERR_REDIRECT] 
2024-09-23 16:25:11,870 [ERROR] LogOutputStream:75 - [STDERR_REDIRECT] [Fatal Error] :1:1: Premature end of file.
2024-09-23 16:25:11,870 [ERROR] LogOutputStream:75 - [STDERR_REDIRECT] 
2024-09-23 16:25:12,871 [ERROR] LogOutputStream:75 - [STDERR_REDIRECT] [Fatal Error] :1:1: Premature end of file.
2024-09-23 16:25:12,871 [ERROR] LogOutputStream:75 - [STDERR_REDIRECT] 
2024-09-23 16:25:13,871 [ERROR] LogOutputStream:75 - [STDERR_REDIRECT] [Fatal Error] :1:1: Premature end of file.
2024-09-23 16:25:13,871 [ERROR] LogOutputStream:75 - [STDERR_REDIRECT] 
2024-09-23 16:25:14,871 [ERROR] LogOutputStream:75 - [STDERR_REDIRECT] [Fatal Error] :1:1: Premature end of file.
2024-09-23 16:25:14,871 [ERROR] LogOutputStream:75 - [STDERR_REDIRECT] 
2024-09-23 16:25:15,871 [ERROR] LogOutputStream:75 - [STDERR_REDIRECT] [Fatal Error] :1:1: Premature end of file.
2024-09-23 16:25:15,871 [ERROR] LogOutputStream:75 - [STDERR_REDIRECT] 
2024-09-23 16:25:16,870 [ERROR] LogOutputStream:75 - [STDERR_REDIRECT] [Fatal Error] :1:1: Premature end of file.
2024-09-23 16:25:16,870 [ERROR] LogOutputStream:75 - [STDERR_REDIRECT] 
2024-09-23 16:25:17,871 [ERROR] LogOutputStream:75 - [STDERR_REDIRECT] [Fatal Error] :1:1: Premature end of file.
2024-09-23 16:25:17,871 [ERROR] LogOutputStream:75 - [STDERR_REDIRECT] 
2024-09-23 16:25:18,872 [ERROR] LogOutputStream:75 - [STDERR_REDIRECT] [Fatal Error] :1:1: Premature end of file.
2024-09-23 16:25:18,872 [ERROR] LogOutputStream:75 - [STDERR_REDIRECT] 
2024-09-23 16:25:19,871 [ERROR] LogOutputStream:75 - [STDERR_REDIRECT] [Fatal Error] :1:1: Premature end of file.
2024-09-23 16:25:19,871 [ERROR] LogOutputStream:75 - [STDERR_REDIRECT] 
2024-09-23 16:25:20,872 [ERROR] LogOutputStream:75 - [STDERR_REDIRECT] [Fatal Error] :1:1: Premature end of file.
2024-09-23 16:25:20,872 [ERROR] LogOutputStream:75 - [STDERR_REDIRECT] 
2024-09-23 16:25:21,872 [ERROR] LogOutputStream:75 - [STDERR_REDIRECT] [Fatal Error] :1:1: Premature end of file.
2024-09-23 16:25:21,872 [ERROR] LogOutputStream:75 - [STDERR_REDIRECT] 
2024-09-23 16:25:22,870 [ERROR] LogOutputStream:75 - [STDERR_REDIRECT] [Fatal Error] :1:1: Premature end of file.
2024-09-23 16:25:22,870 [ERROR] LogOutputStream:75 - [STDERR_REDIRECT] 
2024-09-23 16:25:23,870 [ERROR] LogOutputStream:75 - [STDERR_REDIRECT] [Fatal Error] :1:1: Premature end of file.
2024-09-23 16:25:23,870 [ERROR] LogOutputStream:75 - [STDERR_REDIRECT] 
2024-09-23 16:25:24,872 [ERROR] LogOutputStream:75 - [STDERR_REDIRECT] [Fatal Error] :1:1: Premature end of file.
2024-09-23 16:25:24,872 [ERROR] LogOutputStream:75 - [STDERR_REDIRECT] 
2024-09-23 16:25:25,872 [ERROR] LogOutputStream:75 - [STDERR_REDIRECT] [Fatal Error] :1:1: Premature end of file.
2024-09-23 16:25:25,872 [ERROR] LogOutputStream:75 - [STDERR_REDIRECT] 
2024-09-23 16:25:26,874 [ERROR] LogOutputStream:75 - [STDERR_REDIRECT] [Fatal Error] :1:1: Premature end of file.
2024-09-23 16:25:26,874 [ERROR] LogOutputStream:75 - [STDERR_REDIRECT] 
2024-09-23 16:25:27,871 [ERROR] LogOutputStream:75 - [STDERR_REDIRECT] [Fatal Error] :1:1: Premature end of file.
2024-09-23 16:25:27,871 [ERROR] LogOutputStream:75 - [STDERR_REDIRECT] 
2024-09-23 16:25:28,870 [ERROR] LogOutputStream:75 - [STDERR_REDIRECT] [Fatal Error] :1:1: Premature end of file.
2024-09-23 16:25:28,870 [ERROR] LogOutputStream:75 - [STDERR_REDIRECT] 
