2024-09-05 00:09:34,902 [INFO] MainUpdater:2873 - connection check result : 10
2024-09-05 00:09:34,912 [INFO] MainUpdater:2873 - connection check result : 10
2024-09-05 00:09:35,041 [INFO] MicroXplorer:468 - Change Database Path : 
2024-09-05 00:09:35,041 [INFO] MicroXplorer:498 - Change Database Version : DB.6.0.120
2024-09-05 00:09:35,064 [ERROR] ProjectManagerView:394 - 
java.lang.NullPointerException: Cannot invoke "javax.swing.JTextField.getText()" because the return value of "java.util.List.get(int)" is null
	at com.st.microxplorer.plugins.projectmanager.gui.ProjectChoiceTab$10.caretUpdate(ProjectChoiceTab.java:2622) ~[filemanager.jar:?]
	at javax.swing.text.JTextComponent.fireCaretUpdate(JTextComponent.java:412) ~[?:?]
	at javax.swing.text.JTextComponent$MutableCaretEvent.fire(JTextComponent.java:4491) ~[?:?]
	at javax.swing.text.JTextComponent$MutableCaretEvent.stateChanged(JTextComponent.java:4513) ~[?:?]
	at javax.swing.text.DefaultCaret.fireStateChanged(DefaultCaret.java:842) ~[?:?]
	at javax.swing.text.DefaultCaret.changeCaretPosition(DefaultCaret.java:1313) ~[?:?]
	at javax.swing.text.DefaultCaret.handleSetDot(DefaultCaret.java:1212) ~[?:?]
	at javax.swing.text.DefaultCaret.setDot(DefaultCaret.java:1193) ~[?:?]
	at javax.swing.text.DefaultCaret$Handler.insertUpdate(DefaultCaret.java:1789) ~[?:?]
	at javax.swing.text.AbstractDocument.fireInsertUpdate(AbstractDocument.java:226) ~[?:?]
	at javax.swing.text.AbstractDocument.handleInsertString(AbstractDocument.java:780) ~[?:?]
	at javax.swing.text.AbstractDocument.insertString(AbstractDocument.java:739) ~[?:?]
	at javax.swing.text.PlainDocument.insertString(PlainDocument.java:131) ~[?:?]
	at javax.swing.text.AbstractDocument.replace(AbstractDocument.java:698) ~[?:?]
	at javax.swing.text.JTextComponent.setText(JTextComponent.java:1729) ~[?:?]
	at com.st.microxplorer.plugins.projectmanager.gui.ProjectChoiceTab.createHeapStackFields(ProjectChoiceTab.java:972) ~[filemanager.jar:?]
	at com.st.microxplorer.plugins.projectmanager.gui.ProjectChoiceTab.buildLinkSettingsPanel(ProjectChoiceTab.java:3597) ~[filemanager.jar:?]
	at com.st.microxplorer.plugins.projectmanager.gui.ProjectChoiceTab.defineWindowsFields(ProjectChoiceTab.java:1940) ~[filemanager.jar:?]
	at com.st.microxplorer.plugins.projectmanager.gui.ProjectChoiceTab.updateSettings(ProjectChoiceTab.java:550) ~[filemanager.jar:?]
	at com.st.microxplorer.plugins.projectmanager.gui.ProjectSettingsPanel.UpdateDialog(ProjectSettingsPanel.java:245) ~[filemanager.jar:?]
	at com.st.microxplorer.plugins.projectmanager.ProjectManagerView.propertyChange(ProjectManagerView.java:391) ~[filemanager.jar:?]
	at java.beans.PropertyChangeSupport.fire(PropertyChangeSupport.java:343) ~[?:?]
	at java.beans.PropertyChangeSupport.firePropertyChange(PropertyChangeSupport.java:335) ~[?:?]
	at java.beans.PropertyChangeSupport.firePropertyChange(PropertyChangeSupport.java:268) ~[?:?]
	at com.st.microxplorer.util.MXPropertyChangeSupport.firePropertyChange(MXPropertyChangeSupport.java:54) ~[STM32CubeMX.jar:?]
	at com.st.microxplorer.mxsystem.MxSystem.closeConfig(MxSystem.java:900) ~[STM32CubeMX.jar:?]
	at com.st.microxplorer.maingui.MainPanel.closeConfig(MainPanel.java:781) ~[STM32CubeMX.jar:?]
	at com.st.microxplorer.plugins.filemanager.engine.OpenFileManager.loadConfigurationFile(OpenFileManager.java:265) ~[filemanager.jar:?]
	at com.st.microxplorer.plugins.filemanager.engine.MainFileManager.userLoadConfig(MainFileManager.java:352) ~[filemanager.jar:?]
	at com.st.microxplorer.plugins.filemanager.engine.MainFileManager.userLoadConfig(MainFileManager.java:330) ~[filemanager.jar:?]
	at com.st.microxplorer.plugins.filemanager.FileManagerView.getSpecificTask(FileManagerView.java:246) ~[filemanager.jar:?]
	at com.st.stm32cube.common.mx.editor.CubeMxEditor.getMxTabbedPaneInstance(CubeMxEditor.java:1198) ~[com.st.stm32cube.common.mx_6.12.0.202406281431/:?]
	at com.st.stm32cube.common.mx.editor.CubeMxEditor$12$1.createSwingComponent(CubeMxEditor.java:1068) ~[com.st.stm32cube.common.mx_6.12.0.202406281431/:?]
	at com.st.stm32cube.common.mx.oss.core.awtswtbridge.EmbeddedSwingComposite.doComponentCreation(EmbeddedSwingComposite.java:492) ~[com.st.stm32cube.common.mx.oss_6.12.0.202406281431/:?]
	at com.st.stm32cube.common.mx.oss.core.awtswtbridge.EmbeddedSwingComposite$4.run(EmbeddedSwingComposite.java:291) ~[com.st.stm32cube.common.mx.oss_6.12.0.202406281431/:?]
	at com.st.stm32cube.common.mx.oss.core.awtswtbridge.AwtEnvironment$2.run(AwtEnvironment.java:166) ~[com.st.stm32cube.common.mx.oss_6.12.0.202406281431/:?]
	at java.awt.event.InvocationEvent.dispatch(InvocationEvent.java:318) ~[?:?]
	at java.awt.EventQueue.dispatchEventImpl(EventQueue.java:773) ~[?:?]
	at java.awt.EventQueue$4.run(EventQueue.java:720) ~[?:?]
	at java.awt.EventQueue$4.run(EventQueue.java:714) ~[?:?]
	at java.security.AccessController.doPrivileged(AccessController.java:399) ~[?:?]
	at java.security.ProtectionDomain$JavaSecurityAccessImpl.doIntersectionPrivilege(ProtectionDomain.java:86) ~[?:?]
	at java.awt.EventQueue.dispatchEvent(EventQueue.java:742) ~[?:?]
	at java.awt.EventDispatchThread.pumpOneEventForFilters(EventDispatchThread.java:203) ~[?:?]
	at java.awt.EventDispatchThread.pumpEventsForFilter(EventDispatchThread.java:124) ~[?:?]
	at java.awt.EventDispatchThread.pumpEventsForHierarchy(EventDispatchThread.java:113) ~[?:?]
	at java.awt.EventDispatchThread.pumpEvents(EventDispatchThread.java:109) ~[?:?]
	at java.awt.EventDispatchThread.pumpEvents(EventDispatchThread.java:101) ~[?:?]
	at java.awt.EventDispatchThread.run(EventDispatchThread.java:90) ~[?:?]
2024-09-05 00:09:35,078 [WARN] ThirdParty:871 - waiting for thirdparty lock release [close project]
2024-09-05 00:09:35,078 [INFO] ThirdParty:873 - entering critical section [close project]
2024-09-05 00:09:35,078 [INFO] ThirdParty:883 - exiting critical section [close project]
2024-09-05 00:09:35,080 [INFO] PinOutPanel:1561 - setPackage(No Configuration,No Configuration)
2024-09-05 00:09:35,115 [WARN] IP:2191 - SERVICE2_UUID not found: check if there is a RefParameter without a condition.
2024-09-05 00:09:35,117 [WARN] IP:2191 - SERVICE3_UUID not found: check if there is a RefParameter without a condition.
2024-09-05 00:09:35,120 [WARN] IP:2191 - SERVICE4_UUID not found: check if there is a RefParameter without a condition.
2024-09-05 00:09:35,123 [WARN] IP:2191 - SERVICE5_UUID not found: check if there is a RefParameter without a condition.
2024-09-05 00:09:35,223 [WARN] IpParametersView:151 - Warning: This peripheral hasn't parameters
2024-09-05 00:09:35,291 [WARN] IpParametersView:151 - Warning: This peripheral hasn't parameters
2024-09-05 00:09:35,302 [WARN] IpParametersView:151 - Warning: This peripheral hasn't parameters
2024-09-05 00:09:35,309 [WARN] IpParametersView:151 - Warning: This peripheral hasn't parameters
2024-09-05 00:09:35,315 [WARN] IpParametersView:151 - Warning: This peripheral hasn't parameters
2024-09-05 00:09:35,358 [INFO] HwResourcesManager:1923 - RZone for current mcu STM32WB55RGVx : STM32_DIE495_256_1024
2024-09-05 00:09:35,386 [INFO] HwResourcesManager:472 - Memory Region Flash added without MPC
2024-09-05 00:09:35,388 [INFO] HwResourcesManager:472 - Memory Region SRAM2_C added without MPC
2024-09-05 00:09:35,390 [INFO] HwResourcesManager:472 - Memory Region SRAM1 added without MPC
2024-09-05 00:09:35,392 [INFO] HwResourcesManager:472 - Memory Region SRAM2 added without MPC
2024-09-05 00:09:35,445 [INFO] MemInfoExtractor$OctoQuadSPIInfoExtractor:1587 - Cannot find QUADSPI start address in the info provided by HWResourceManager => Set it to the default value
2024-09-05 00:09:36,254 [INFO] MemInfoExtractor:277 - EVENT_MCU_SET_IP_PARAMETER
2024-09-05 00:09:36,776 [INFO] UtilMem:75 - Begin LoadConfig() Used Memory: 407612840 Bytes (592445440)
2024-09-05 00:09:36,777 [INFO] MicroXplorer:468 - Change Database Path : 
2024-09-05 00:09:36,777 [INFO] MicroXplorer:498 - Change Database Version : DB.6.0.120
2024-09-05 00:09:36,777 [INFO] OpenFileManager:332 - Change cursor
2024-09-05 00:09:36,800 [INFO] RulesReader:64 - Compatibility file has been processed (297 Rules)
2024-09-05 00:09:36,813 [INFO] Mcu:2032 - Initializing MCU STM32WB55RGVx STM32WB55RGVx STM32WB55RGV6
2024-09-05 00:09:38,241 [INFO] Context:742 - Trying to add GPIOservice into a context  which must be forbidden
2024-09-05 00:09:38,602 [INFO] ApiDbMcu:508 - Load IP Config File for NUCLEO-WB55RG
2024-09-05 00:09:38,749 [INFO] RtosManager:555 - Registered RTOS mode: class=CMSIS, group=RTOS, mode=CMSIS_V1, owner=FREERTOS
2024-09-05 00:09:38,749 [INFO] RtosManager:555 - Registered RTOS mode: class=CMSIS, group=RTOS2, mode=CMSIS_V2, owner=FREERTOS
2024-09-05 00:09:38,749 [INFO] RtosManager:555 - Registered RTOS mode: class=RTOS, group=Core, mode=CMSIS_V1, owner=FREERTOS
2024-09-05 00:09:38,749 [INFO] RtosManager:555 - Registered RTOS mode: class=RTOS, group=Core, mode=CMSIS_V2, owner=FREERTOS
2024-09-05 00:09:38,749 [WARN] ModelIntegratedComponent:184 - Missing modes for component STMicroelectronics:FreeRTOS:0.0.1:STMicroelectronics:RTOS:FreeRTOS:Core:::10.2.0:
2024-09-05 00:09:38,756 [WARN] ModelIntegratedComponent:63 - No mode defined for component null
2024-09-05 00:09:38,756 [WARN] ModelIntegratedComponent:63 - No mode defined for component null
2024-09-05 00:09:38,756 [WARN] ModelIntegratedComponent:63 - No mode defined for component null
2024-09-05 00:09:38,756 [WARN] ModelIntegratedComponent:63 - No mode defined for component null
2024-09-05 00:09:38,756 [WARN] ModelIntegratedComponent:63 - No mode defined for component null
2024-09-05 00:09:38,756 [WARN] ModelIntegratedComponent:63 - No mode defined for component null
2024-09-05 00:09:38,756 [WARN] ModelIntegratedComponent:63 - No mode defined for component null
2024-09-05 00:09:38,756 [WARN] ModelIntegratedComponent:63 - No mode defined for component null
2024-09-05 00:09:38,756 [WARN] ModelIntegratedComponent:63 - No mode defined for component null
2024-09-05 00:09:38,756 [WARN] ModelIntegratedComponent:63 - No mode defined for component null
2024-09-05 00:09:38,756 [WARN] ModelIntegratedComponent:63 - No mode defined for component null
2024-09-05 00:09:38,756 [WARN] ModelIntegratedComponent:63 - No mode defined for component null
2024-09-05 00:09:38,756 [WARN] ModelIntegratedComponent:63 - No mode defined for component null
2024-09-05 00:09:38,756 [WARN] ModelIntegratedComponent:63 - No mode defined for component null
2024-09-05 00:09:38,756 [WARN] ModelIntegratedComponent:63 - No mode defined for component null
2024-09-05 00:09:38,756 [WARN] ModelIntegratedComponent:63 - No mode defined for component null
2024-09-05 00:09:38,756 [WARN] ModelIntegratedComponent:63 - No mode defined for component null
2024-09-05 00:09:38,756 [WARN] ModelIntegratedComponent:63 - No mode defined for component null
2024-09-05 00:09:38,756 [WARN] ModelIntegratedComponent:63 - No mode defined for component null
2024-09-05 00:09:38,756 [WARN] ModelIntegratedComponent:63 - No mode defined for component null
2024-09-05 00:09:38,756 [WARN] ModelIntegratedComponent:63 - No mode defined for component null
2024-09-05 00:09:38,756 [WARN] ModelIntegratedComponent:63 - No mode defined for component null
2024-09-05 00:09:38,756 [WARN] ModelIntegratedComponent:63 - No mode defined for component null
2024-09-05 00:09:38,757 [WARN] ModelIntegratedComponent:63 - No mode defined for component null
2024-09-05 00:09:38,757 [WARN] ModelIntegratedComponent:63 - No mode defined for component null
2024-09-05 00:09:38,757 [WARN] ModelIntegratedComponent:63 - No mode defined for component null
2024-09-05 00:09:38,757 [WARN] ModelIntegratedComponent:63 - No mode defined for component null
2024-09-05 00:09:38,757 [WARN] ModelIntegratedComponent:63 - No mode defined for component null
2024-09-05 00:09:38,757 [WARN] ModelIntegratedComponent:63 - No mode defined for component null
2024-09-05 00:09:38,757 [WARN] ModelIntegratedComponent:63 - No mode defined for component null
2024-09-05 00:09:38,757 [WARN] ModelIntegratedComponent:63 - No mode defined for component null
2024-09-05 00:09:38,757 [WARN] ModelIntegratedComponent:63 - No mode defined for component null
2024-09-05 00:09:38,757 [WARN] ModelIntegratedComponent:63 - No mode defined for component null
2024-09-05 00:09:38,757 [WARN] ModelIntegratedComponent:63 - No mode defined for component null
2024-09-05 00:09:38,757 [WARN] ModelIntegratedComponent:63 - No mode defined for component null
2024-09-05 00:09:38,757 [WARN] ModelPack:524 - Component already loaded: STMicroelectronics:HAL Drivers:0.0.0:STMicroelectronics:Device:STMicro_Driver:XSPI:HAL::0.0.1:HAL_XSPI
2024-09-05 00:09:38,825 [INFO] ThirdPartyModel:298 - Start build external matchings
2024-09-05 00:09:39,174 [INFO] ThirdPartyModel:316 - End build external matchings
2024-09-05 00:09:39,184 [INFO] ImportTextPane:205 - (OptionalMessage_ERROR) IP (RCC) : Parameter (ADCFreq_Value) has invalid value (128000000)
2024-09-05 00:09:39,184 [INFO] ImportTextPane:205 - (OptionalMessage_ERROR) IP (RCC) : Invalid parameter (FamilyName)
2024-09-05 00:09:39,185 [INFO] ImportTextPane:205 - (OptionalMessage_ERROR) IP (RCC) : Invalid parameter (SMPSCLockSelectionVirtualVirtual)
2024-09-05 00:09:39,185 [INFO] ImportTextPane:205 - (OptionalMessage_ERROR) IP (RCC) : Parameter (USBFreq_Value) has invalid value (128000000)
2024-09-05 00:09:39,212 [WARN] IP:2191 - SERVICE2_UUID not found: check if there is a RefParameter without a condition.
2024-09-05 00:09:39,215 [WARN] IP:2191 - SERVICE3_UUID not found: check if there is a RefParameter without a condition.
2024-09-05 00:09:39,218 [WARN] IP:2191 - SERVICE4_UUID not found: check if there is a RefParameter without a condition.
2024-09-05 00:09:39,221 [WARN] IP:2191 - SERVICE5_UUID not found: check if there is a RefParameter without a condition.
2024-09-05 00:09:39,231 [INFO] ImportTextPane:205 - (OptionalMessage_ERROR) IP (STM32_WPAN) : Invalid parameter (CFG_LSCLK_LSE)
2024-09-05 00:09:39,470 [INFO] UtilMem:75 - End LoadConfig() Used Memory: 309109280 Bytes (592445440)
2024-09-05 00:09:39,510 [WARN] ThirdParty:833 - waiting for thirdparty lock release [change project]
2024-09-05 00:09:39,510 [INFO] ThirdParty:835 - entering critical section [change project]
2024-09-05 00:09:39,510 [INFO] ThirdParty:1030 - CMSIS Pack Vendor :STMicroelectronics USBPD 4.1
2024-09-05 00:09:39,510 [INFO] ThirdParty:1030 - CMSIS Pack Vendor :STMicroelectronics X-CUBE-AZRTOS-H7 3.3.0
2024-09-05 00:09:39,510 [INFO] ThirdParty:1030 - CMSIS Pack Vendor :STMicroelectronics X-CUBE-GNSS1 6.0.0
2024-09-05 00:09:39,510 [INFO] ThirdParty:1030 - CMSIS Pack Vendor :STMicroelectronics USB_HOST 2.0.0
2024-09-05 00:09:39,510 [INFO] ThirdParty:1030 - CMSIS Pack Vendor :STMicroelectronics FP-SNS-MOTENVWB1 1.4.0
2024-09-05 00:09:39,510 [INFO] ThirdParty:1030 - CMSIS Pack Vendor :STMicroelectronics X-CUBE-AZRTOS-F4 1.1.0
2024-09-05 00:09:39,510 [INFO] ThirdParty:1030 - CMSIS Pack Vendor :STMicroelectronics LIBJPEG 8.0.0
2024-09-05 00:09:39,510 [INFO] ThirdParty:1030 - CMSIS Pack Vendor :STMicroelectronics X-CUBE-SMBUS 2.1.0
2024-09-05 00:09:39,510 [INFO] ThirdParty:1030 - CMSIS Pack Vendor :STMicroelectronics USB_DEVICE 3.0.0
2024-09-05 00:09:39,510 [INFO] ThirdParty:1030 - CMSIS Pack Vendor :STMicroelectronics X-CUBE-TCPP 4.1.0
2024-09-05 00:09:39,511 [INFO] ThirdParty:1030 - CMSIS Pack Vendor :STMicroelectronics X-CUBE-FREERTOS 1.2.0
2024-09-05 00:09:39,511 [INFO] ThirdParty:1030 - CMSIS Pack Vendor :STMicroelectronics X-CUBE-AZRTOS-WB 2.0.0
2024-09-05 00:09:39,511 [INFO] ThirdParty:1030 - CMSIS Pack Vendor :STMicroelectronics X-CUBE-AZRTOS-F7 1.1.0
2024-09-05 00:09:39,511 [INFO] ThirdParty:1030 - CMSIS Pack Vendor :STMicroelectronics X-CUBE-AZRTOS-L5 2.0.0
2024-09-05 00:09:39,511 [INFO] ThirdParty:1030 - CMSIS Pack Vendor :STMicroelectronics USB_DEVICE 2.0.0
2024-09-05 00:09:39,511 [INFO] ThirdParty:1030 - CMSIS Pack Vendor :STMicroelectronics X-CUBE-NFC6 3.1.0
2024-09-05 00:09:39,511 [INFO] ThirdParty:1030 - CMSIS Pack Vendor :STMicroelectronics FP-SNS-STBOX1 2.0.0
2024-09-05 00:09:39,511 [INFO] ThirdParty:1030 - CMSIS Pack Vendor :STMicroelectronics X-CUBE-MEMS1 11.0.0
2024-09-05 00:09:39,511 [INFO] ThirdParty:1030 - CMSIS Pack Vendor :STMicroelectronics FreeRTOS 0.0.1
2024-09-05 00:09:39,511 [INFO] ThirdParty:1030 - CMSIS Pack Vendor :STMicroelectronics X-CUBE-AZRTOS-G0 1.1.0
2024-09-05 00:09:39,511 [INFO] ThirdParty:1030 - CMSIS Pack Vendor :STMicroelectronics X-CUBE-SAFEA1 1.2.2
2024-09-05 00:09:39,511 [INFO] ThirdParty:1030 - CMSIS Pack Vendor :STMicroelectronics X-CUBE-NFC4 3.0.0
2024-09-05 00:09:39,511 [INFO] ThirdParty:1030 - CMSIS Pack Vendor :STMicroelectronics X-CUBE-DPower 1.2.0
2024-09-05 00:09:39,511 [INFO] ThirdParty:1030 - CMSIS Pack Vendor :STMicroelectronics X-CUBE-SUBG2 5.0.0
2024-09-05 00:09:39,511 [INFO] ThirdParty:1030 - CMSIS Pack Vendor :STMicroelectronics STM32_WPAN 1.0.0
2024-09-05 00:09:39,511 [INFO] ThirdParty:1030 - CMSIS Pack Vendor :EmbeddedOffice I-CUBE-FS-RTOS 1.0.1
2024-09-05 00:09:39,511 [INFO] ThirdParty:1030 - CMSIS Pack Vendor :STMicroelectronics lwIP 2.0.3
2024-09-05 00:09:39,511 [INFO] ThirdParty:1030 - CMSIS Pack Vendor :STMicroelectronics FP-SNS-FLIGHT1 5.0.2
2024-09-05 00:09:39,511 [INFO] ThirdParty:1030 - CMSIS Pack Vendor :Cesanta I-CUBE-Mongoose 7.13.0
2024-09-05 00:09:39,511 [INFO] ThirdParty:1030 - CMSIS Pack Vendor :STMicroelectronics USB_HOST 1.0.0
2024-09-05 00:09:39,511 [INFO] ThirdParty:1030 - CMSIS Pack Vendor :STMicroelectronics X-CUBE-AI 9.0.0
2024-09-05 00:09:39,511 [INFO] ThirdParty:1030 - CMSIS Pack Vendor :STMicroelectronics X-CUBE-AZRTOS-G4 2.0.0
2024-09-05 00:09:39,511 [INFO] ThirdParty:1030 - CMSIS Pack Vendor :STMicroelectronics PDM2PCM 3.1.0
2024-09-05 00:09:39,511 [INFO] ThirdParty:1030 - CMSIS Pack Vendor :STMicroelectronics PDM2PCM 3.3.0
2024-09-05 00:09:39,511 [INFO] ThirdParty:1030 - CMSIS Pack Vendor :STMicroelectronics X-CUBE-DISPLAY 3.0.0
2024-09-05 00:09:39,511 [INFO] ThirdParty:1030 - CMSIS Pack Vendor :RealThread X-CUBE-RT-Thread_Nano 4.1.1
2024-09-05 00:09:39,511 [INFO] ThirdParty:1030 - CMSIS Pack Vendor :STMicroelectronics X-CUBE-BLE1 7.0.0
2024-09-05 00:09:39,511 [INFO] ThirdParty:1030 - CMSIS Pack Vendor :STMicroelectronics FP-ATR-SIGFOX1 3.2.0
2024-09-05 00:09:39,511 [INFO] ThirdParty:1030 - CMSIS Pack Vendor :wolfSSL I-CUBE-wolfSSL 5.7.2
2024-09-05 00:09:39,511 [INFO] ThirdParty:1030 - CMSIS Pack Vendor :STMicroelectronics X-CUBE-ISPU 2.0.0
2024-09-05 00:09:39,512 [INFO] ThirdParty:1030 - CMSIS Pack Vendor :STMicroelectronics X-CUBE-EEPRMA1 5.1.0
2024-09-05 00:09:39,512 [INFO] ThirdParty:1030 - CMSIS Pack Vendor :STMicroelectronics HAL Drivers 0.0.0
2024-09-05 00:09:39,512 [INFO] ThirdParty:1030 - CMSIS Pack Vendor :STMicroelectronics MBEDTLS 2.16.2
2024-09-05 00:09:39,512 [INFO] ThirdParty:1030 - CMSIS Pack Vendor :STMicroelectronics X-CUBE-ALS 1.0.2
2024-09-05 00:09:39,512 [INFO] ThirdParty:1030 - CMSIS Pack Vendor :emotas I-CUBE-CANOPEN 1.3.0
2024-09-05 00:09:39,512 [INFO] ThirdParty:1030 - CMSIS Pack Vendor :STMicroelectronics X-CUBE-MEMS1 10.0.0
2024-09-05 00:09:39,512 [INFO] ThirdParty:1030 - CMSIS Pack Vendor :STMicroelectronics X-CUBE-NFC7 1.0.1
2024-09-05 00:09:39,512 [INFO] ThirdParty:1030 - CMSIS Pack Vendor :STMicroelectronics MBEDTLS 2.14.1
2024-09-05 00:09:39,512 [INFO] ThirdParty:1030 - CMSIS Pack Vendor :STMicroelectronics X-CUBE-TOUCHGFX 4.24.0
2024-09-05 00:09:39,512 [INFO] ThirdParty:1030 - CMSIS Pack Vendor :ITTIA_DB I-CUBE-ITTIADB 8.9.0
2024-09-05 00:09:39,512 [INFO] ThirdParty:1030 - CMSIS Pack Vendor :wolfSSL I-CUBE-wolfTPM 3.2.0
2024-09-05 00:09:39,512 [INFO] ThirdParty:1030 - CMSIS Pack Vendor :portGmbH I-Cube-SoM-uGOAL 1.1.0
2024-09-05 00:09:39,512 [INFO] ThirdParty:1030 - CMSIS Pack Vendor :STMicroelectronics X-CUBE-BLEMGR 3.1.0
2024-09-05 00:09:39,512 [INFO] ThirdParty:1030 - CMSIS Pack Vendor :STMicroelectronics ThreadX 1.0.0
2024-09-05 00:09:39,512 [INFO] ThirdParty:1030 - CMSIS Pack Vendor :STMicroelectronics FP-SNS-SMARTAG2 1.2.0
2024-09-05 00:09:39,512 [INFO] ThirdParty:1030 - CMSIS Pack Vendor :STMicroelectronics X-CUBE-AZRTOS-WL 2.0.0
2024-09-05 00:09:39,512 [INFO] ThirdParty:1030 - CMSIS Pack Vendor :SEGGER I-CUBE-embOS 1.3.1
2024-09-05 00:09:39,512 [INFO] ThirdParty:1030 - CMSIS Pack Vendor :STMicroelectronics X-CUBE-ALGOBUILD 1.4.0
2024-09-05 00:09:39,512 [INFO] ThirdParty:1030 - CMSIS Pack Vendor :STMicroelectronics FP-SNS-MOTENV1 5.0.0
2024-09-05 00:09:39,512 [INFO] ThirdParty:1030 - CMSIS Pack Vendor :STMicroelectronics USB_DEVICE 1.0.0
2024-09-05 00:09:39,512 [INFO] ThirdParty:1030 - CMSIS Pack Vendor :STMicroelectronics X-CUBE-AZRTOS-H7RS 1.0.0
2024-09-05 00:09:39,512 [INFO] ThirdParty:1030 - CMSIS Pack Vendor :wolfSSL I-CUBE-wolfMQTT 1.19.0
2024-09-05 00:09:39,512 [INFO] ThirdParty:1030 - CMSIS Pack Vendor :STMicroelectronics X-CUBE-AZRTOS-L4 2.0.0
2024-09-05 00:09:39,512 [INFO] ThirdParty:1030 - CMSIS Pack Vendor :STMicroelectronics ThreadX 0.0.2
2024-09-05 00:09:39,512 [INFO] ThirdParty:1030 - CMSIS Pack Vendor :WES I-CUBE-Cesium 1.3.0
2024-09-05 00:09:39,512 [INFO] ThirdParty:1030 - CMSIS Pack Vendor :STMicroelectronics FP-ATR-ASTRA1 2.0.0
2024-09-05 00:09:39,512 [INFO] ThirdParty:1030 - CMSIS Pack Vendor :STMicroelectronics lwIP 2.1.2
2024-09-05 00:09:39,512 [INFO] ThirdParty:1030 - CMSIS Pack Vendor :STMicroelectronics X-CUBE-SFXS2LP1 4.0.0
2024-09-05 00:09:39,512 [INFO] ThirdParty:1030 - CMSIS Pack Vendor :STMicroelectronics X-CUBE-BLE2 3.3.0
2024-09-05 00:09:39,512 [INFO] ThirdParty:1030 - CMSIS Pack Vendor :STMicroelectronics X-CUBE-TOF1 3.4.2
2024-09-05 00:09:39,512 [INFO] ThirdParty:1030 - CMSIS Pack Vendor :STMicroelectronics X-CUBE-AZRTOS-H7 3.2.0
2024-09-05 00:09:39,512 [INFO] ThirdParty:1030 - CMSIS Pack Vendor :Infineon AIROC-Wi-Fi-Bluetooth-STM32 1.6.0
2024-09-05 00:09:39,512 [INFO] ThirdParty:1030 - CMSIS Pack Vendor :STMicroelectronics PDM2PCM 3.2.0
2024-09-05 00:09:39,513 [INFO] ThirdParty:1030 - CMSIS Pack Vendor :wolfSSL I-CUBE-wolfSSH 1.4.17
2024-09-05 00:09:39,513 [INFO] ThirdParty:841 - exiting critical section [change project]
2024-09-05 00:09:39,666 [INFO] PinOutPanel:1561 - setPackage(No Configuration,No Configuration)
2024-09-05 00:09:39,667 [INFO] PinOutPanel:1561 - setPackage(STM32WB55RGVx,VFQFPN68)
2024-09-05 00:09:39,988 [INFO] UtilMem:75 - Before build in PCC Used Memory: 338135296 Bytes (592445440)
