2024-09-27 15:16:57,492 [INFO] Activator:176 - 


2024-09-27 15:16:57,500 [INFO] Activator:177 - !SESSION log4j initialized
2024-09-27 15:17:04,704 [INFO] LogOutputStream:77 - [STDOUT_REDIRECT] 
2024-09-27 15:17:08,410 [INFO] ApplicationProperties:184 - Using Application install path: D:\stm\STM32CubeIDE_1.16.0\STM32CubeIDE\plugins\com.st.stm32cube.common.mx_6.12.0.202406281431
2024-09-27 15:17:08,437 [INFO] DbMcusXml:78 - Set database path to: D:\stm\STM32CubeIDE_1.16.0\STM32CubeIDE\plugins\com.st.stm32cube.common.mx_6.12.0.202406281431\\db\/mcu/
2024-09-27 15:17:08,438 [INFO] ApiDb:274 - Set plugin database path to: D:\stm\STM32CubeIDE_1.16.0\STM32CubeIDE\plugins\com.st.stm32cube.common.mx_6.12.0.202406281431\\db\/plugins/boardmanager/
2024-09-27 15:17:08,438 [WARN] ApiDb:259 - Overriding images path with different value:  => D:\stm\STM32CubeIDE_1.16.0\STM32CubeIDE\plugins\com.st.stm32cube.common.mx_6.12.0.202406281431\\db\/plugins/mcufinder/images/
2024-09-27 15:17:08,453 [INFO] ApiDb:250 - Set database path to: C:\Users\udaya\.stmcufinder\plugins\mcufinder//mcu/
2024-09-27 15:17:08,454 [INFO] DbMcusAds:125 - Set database path to: C:\Users\udaya\.stmcufinder\plugins\mcufinder//mcu/
2024-09-27 15:17:08,457 [INFO] CrossReferenceDbSqlite:203 - Set database path to: C:\Users\udaya\.stmcufinder\plugins\mcufinder//mcu/cs/
2024-09-27 15:17:08,594 [INFO] RulesReader:64 - Compatibility file has been processed (297 Rules)
2024-09-27 15:17:08,707 [INFO] DbMcusXml:78 - Set database path to: D:\stm\STM32CubeIDE_1.16.0\STM32CubeIDE\plugins\com.st.stm32cube.common.mx_6.12.0.202406281431\\db\/mcu/
2024-09-27 15:17:08,707 [INFO] ApiDb:274 - Set plugin database path to: D:\stm\STM32CubeIDE_1.16.0\STM32CubeIDE\plugins\com.st.stm32cube.common.mx_6.12.0.202406281431\\db\/plugins/boardmanager/
2024-09-27 15:17:08,707 [INFO] ApiDb:261 - Set plugin images path to: D:\stm\STM32CubeIDE_1.16.0\STM32CubeIDE\plugins\com.st.stm32cube.common.mx_6.12.0.202406281431\\db\/plugins/mcufinder/images/
2024-09-27 15:17:08,707 [WARN] DbFile:41 - Overriding database path with different value: C:\Users\udaya\.stmcufinder\plugins\mcufinder/ => C:\Users\udaya\.stmcufinder\plugins\mcufinder
2024-09-27 15:17:08,707 [INFO] ApiDb:250 - Set database path to: C:\Users\udaya\.stmcufinder\plugins\mcufinder//mcu/
2024-09-27 15:17:08,707 [WARN] DbFile:41 - Overriding database path with different value: C:\Users\udaya\.stmcufinder\plugins\mcufinder/ => C:\Users\udaya\.stmcufinder\plugins\mcufinder
2024-09-27 15:17:08,708 [INFO] DbMcusAds:125 - Set database path to: C:\Users\udaya\.stmcufinder\plugins\mcufinder//mcu/
2024-09-27 15:17:08,708 [WARN] DbFile:41 - Overriding database path with different value: C:\Users\udaya\.stmcufinder\plugins\mcufinder/ => C:\Users\udaya\.stmcufinder\plugins\mcufinder
2024-09-27 15:17:08,708 [WARN] DbFile:41 - Overriding database path with different value: C:\Users\udaya\.stmcufinder\plugins\mcufinder/ => C:\Users\udaya\.stmcufinder\plugins\mcufinder
2024-09-27 15:17:08,708 [INFO] CrossReferenceDbSqlite:203 - Set database path to: C:\Users\udaya\.stmcufinder\plugins\mcufinder//mcu/cs/
2024-09-27 15:17:08,812 [INFO] MainPanel:268 - HeapMemory: 268435456
2024-09-27 15:17:08,947 [INFO] DbMcusXml:78 - Set database path to: D:\stm\STM32CubeIDE_1.16.0\STM32CubeIDE\plugins\com.st.stm32cube.common.mx_6.12.0.202406281431\\db\/mcu/
2024-09-27 15:17:08,947 [INFO] ApiDb:274 - Set plugin database path to: D:\stm\STM32CubeIDE_1.16.0\STM32CubeIDE\plugins\com.st.stm32cube.common.mx_6.12.0.202406281431\\db\/plugins/boardmanager/
2024-09-27 15:17:08,947 [INFO] ApiDb:261 - Set plugin images path to: D:\stm\STM32CubeIDE_1.16.0\STM32CubeIDE\plugins\com.st.stm32cube.common.mx_6.12.0.202406281431\\db\/plugins/mcufinder/images/
2024-09-27 15:17:08,947 [WARN] DbFile:41 - Overriding database path with different value: C:\Users\udaya\.stmcufinder\plugins\mcufinder/ => C:\Users\udaya\.stmcufinder\plugins\mcufinder
2024-09-27 15:17:08,947 [INFO] ApiDb:250 - Set database path to: C:\Users\udaya\.stmcufinder\plugins\mcufinder//mcu/
2024-09-27 15:17:08,948 [WARN] DbFile:41 - Overriding database path with different value: C:\Users\udaya\.stmcufinder\plugins\mcufinder/ => C:\Users\udaya\.stmcufinder\plugins\mcufinder
2024-09-27 15:17:08,948 [INFO] DbMcusAds:125 - Set database path to: C:\Users\udaya\.stmcufinder\plugins\mcufinder//mcu/
2024-09-27 15:17:08,948 [WARN] DbFile:41 - Overriding database path with different value: C:\Users\udaya\.stmcufinder\plugins\mcufinder/ => C:\Users\udaya\.stmcufinder\plugins\mcufinder
2024-09-27 15:17:08,948 [WARN] DbFile:41 - Overriding database path with different value: C:\Users\udaya\.stmcufinder\plugins\mcufinder/ => C:\Users\udaya\.stmcufinder\plugins\mcufinder
2024-09-27 15:17:08,948 [INFO] CrossReferenceDbSqlite:203 - Set database path to: C:\Users\udaya\.stmcufinder\plugins\mcufinder//mcu/cs/
2024-09-27 15:17:08,967 [INFO] ApplicationProperties:184 - Using Application install path: D:\stm\STM32CubeIDE_1.16.0\STM32CubeIDE\plugins\com.st.stm32cube.common.mx_6.12.0.202406281431
2024-09-27 15:17:08,969 [INFO] PluginManage:196 - Search for loadable plugins [exclusion list=, ]
2024-09-27 15:17:08,971 [INFO] PluginManage:310 - Check plugin analytics
2024-09-27 15:17:09,174 [INFO] AnalyticsPlugin:253 - Accepted Software Licenses: STM32CubeMX.6.12.0
2024-09-27 15:17:09,174 [INFO] AnalyticsPlugin:255 - Accepted CMSIS Pack Licenses: 
2024-09-27 15:17:09,175 [INFO] AnalyticsPlugin:257 - Accepted Firmware Licenses: FW.WB.1.20.0,FW.F4.1.28.0
2024-09-27 15:17:09,176 [INFO] PluginManage:359 - Loaded plugin analytics (category:tool,tabindex:-1)
2024-09-27 15:17:09,177 [INFO] PluginManage:310 - Check plugin cadmodel
2024-09-27 15:17:09,198 [INFO] CADModel:105 - Init CAD model plugin
2024-09-27 15:17:09,198 [INFO] PluginManage:359 - Loaded plugin cadmodel (category:power,tabindex:5)
2024-09-27 15:17:09,198 [INFO] PluginManage:310 - Check plugin clock
2024-09-27 15:17:09,224 [INFO] PluginManage:359 - Loaded plugin clock (category:base,tabindex:2)
2024-09-27 15:17:09,224 [INFO] PluginManage:310 - Check plugin ddr
2024-09-27 15:17:09,228 [INFO] PluginManage:359 - Loaded plugin ddr (category:tool,tabindex:6)
2024-09-27 15:17:09,228 [INFO] PluginManage:310 - Check plugin filemanager
2024-09-27 15:17:09,395 [INFO] PluginManage:359 - Loaded plugin filemanager (category:base,tabindex:10)
2024-09-27 15:17:09,396 [INFO] PluginManage:310 - Check plugin ipmanager
2024-09-27 15:17:09,404 [INFO] PluginManage:359 - Loaded plugin ipmanager (category:base,tabindex:5)
2024-09-27 15:17:09,404 [INFO] PluginManage:310 - Check plugin lpbam
2024-09-27 15:17:09,424 [INFO] PluginManage:359 - Loaded plugin lpbam (category:base,tabindex:0)
2024-09-27 15:17:09,424 [INFO] PluginManage:310 - Check plugin memorymap
2024-09-27 15:17:09,453 [INFO] PluginManage:359 - Loaded plugin memorymap (category:base,tabindex:4)
2024-09-27 15:17:09,453 [INFO] PluginManage:310 - Check plugin pinoutandconfiguration
2024-09-27 15:17:09,474 [INFO] PluginManage:359 - Loaded plugin pinoutandconfiguration (category:base,tabindex:1)
2024-09-27 15:17:09,474 [INFO] PluginManage:310 - Check plugin pinoutconfig
2024-09-27 15:17:09,597 [WARN] SupportedApi:132 - Cannot load RTOS API schema: s4s-elt-must-match.1: The content of 'definitions' must match (annotation?, (simpleType | complexType)?, (unique | key | keyref)*)). A problem was found starting at: attribute.
2024-09-27 15:17:09,767 [INFO] PluginManage:359 - Loaded plugin pinoutconfig (category:base,tabindex:0)
2024-09-27 15:17:09,767 [INFO] PluginManage:310 - Check plugin power
2024-09-27 15:17:09,790 [INFO] PluginManage:359 - Loaded plugin power (category:power,tabindex:4)
2024-09-27 15:17:09,790 [INFO] PluginManage:310 - Check plugin projectmanager
2024-09-27 15:17:09,806 [INFO] PluginManage:359 - Loaded plugin projectmanager (category:projectmanager,tabindex:4)
2024-09-27 15:17:09,806 [INFO] PluginManage:310 - Check plugin rif
2024-09-27 15:17:09,826 [INFO] PluginManage:359 - Loaded plugin rif (category:base,tabindex:3)
2024-09-27 15:17:09,826 [INFO] PluginManage:310 - Check plugin thirdparty
2024-09-27 15:17:10,152 [INFO] PluginManage:359 - Loaded plugin thirdparty (category:base,tabindex:-1)
2024-09-27 15:17:10,153 [INFO] PluginManage:310 - Check plugin tools
2024-09-27 15:17:10,152 [WARN] IntegrityCheckThread:84 - waiting for thirdparty lock release [integrity check]
2024-09-27 15:17:10,153 [INFO] IntegrityCheckThread:86 - entering critical section [integrity check]
2024-09-27 15:17:10,153 [INFO] ThirdPartyUpdaterWithRetryManager:70 - Updater plugin not ready yet. [1/15]
2024-09-27 15:17:10,196 [INFO] PluginManage:359 - Loaded plugin tools (category:base,tabindex:7)
2024-09-27 15:17:10,196 [INFO] PluginManage:310 - Check plugin tutovideos
2024-09-27 15:17:10,419 [INFO] PluginManage:359 - Loaded plugin tutovideos (category:base,tabindex:-1)
2024-09-27 15:17:10,419 [INFO] PluginManage:310 - Check plugin updater
2024-09-27 15:17:10,439 [INFO] PluginManage:359 - Loaded plugin updater (category:base,tabindex:12)
2024-09-27 15:17:10,439 [INFO] PluginManage:310 - Check plugin userauth
2024-09-27 15:17:10,447 [INFO] UserAuth:113 - Init User Auth plugin
2024-09-27 15:17:10,447 [INFO] PluginManage:359 - Loaded plugin userauth (category:base,tabindex:14)
2024-09-27 15:17:10,448 [INFO] PluginManage:283 - PluginManage : Loaded plugins [18]
2024-09-27 15:17:10,728 [INFO] PinOutPanel:1561 - setPackage(No Configuration,No Configuration)
2024-09-27 15:17:10,851 [INFO] CADModel:165 - CPN selected for project level
2024-09-27 15:17:10,851 [INFO] CADModel:114 - Register for checkConnection events
2024-09-27 15:17:10,882 [INFO] IPUIPlugin:80 - create IPUIPlugin
2024-09-27 15:17:10,882 [INFO] PluginManager:220 - loadIPPluginJar : add adc
2024-09-27 15:17:10,926 [INFO] IPUIPlugin:80 - create IPUIPlugin
2024-09-27 15:17:10,926 [INFO] PluginManager:220 - loadIPPluginJar : add aes
2024-09-27 15:17:10,975 [INFO] IPUIPlugin:80 - create IPUIPlugin
2024-09-27 15:17:10,975 [INFO] PluginManager:220 - loadIPPluginJar : add can
2024-09-27 15:17:11,006 [INFO] IPUIPlugin:80 - create IPUIPlugin
2024-09-27 15:17:11,006 [INFO] PluginManager:220 - loadIPPluginJar : add comp
2024-09-27 15:17:11,046 [INFO] IPUIPlugin:80 - create IPUIPlugin
2024-09-27 15:17:11,046 [INFO] PluginManager:220 - loadIPPluginJar : add cryp
2024-09-27 15:17:11,060 [INFO] IPUIPlugin:80 - create IPUIPlugin
2024-09-27 15:17:11,060 [INFO] PluginManager:220 - loadIPPluginJar : add ddr_ctrl_phy
2024-09-27 15:17:11,099 [INFO] IPUIPlugin:80 - create IPUIPlugin
2024-09-27 15:17:11,099 [INFO] PluginManager:220 - loadIPPluginJar : add dfsdm
2024-09-27 15:17:11,116 [INFO] IPUIPlugin:80 - create IPUIPlugin
2024-09-27 15:17:11,116 [INFO] PluginManager:220 - loadIPPluginJar : add dma
2024-09-27 15:17:11,170 [INFO] IPUIPlugin:80 - create IPUIPlugin
2024-09-27 15:17:11,170 [INFO] PluginManager:220 - loadIPPluginJar : add dma3
2024-09-27 15:17:11,224 [INFO] IPUIPlugin:80 - create IPUIPlugin
2024-09-27 15:17:11,224 [INFO] PluginManager:220 - loadIPPluginJar : add extmemmanager
2024-09-27 15:17:11,247 [INFO] IPUIPlugin:80 - create IPUIPlugin
2024-09-27 15:17:11,247 [INFO] PluginManager:220 - loadIPPluginJar : add fatfs
2024-09-27 15:17:11,306 [INFO] IPUIPlugin:80 - create IPUIPlugin
2024-09-27 15:17:11,306 [INFO] PluginManager:220 - loadIPPluginJar : add fmc
2024-09-27 15:17:11,335 [INFO] IPUIPlugin:80 - create IPUIPlugin
2024-09-27 15:17:11,335 [INFO] PluginManager:220 - loadIPPluginJar : add freertos
2024-09-27 15:17:11,363 [INFO] IPUIPlugin:80 - create IPUIPlugin
2024-09-27 15:17:11,363 [INFO] PluginManager:220 - loadIPPluginJar : add genericplugin
2024-09-27 15:17:11,480 [INFO] IPUIPlugin:80 - create IPUIPlugin
2024-09-27 15:17:11,480 [INFO] PluginManager:220 - loadIPPluginJar : add gfxmmu
2024-09-27 15:17:11,634 [INFO] IPUIPlugin:80 - create IPUIPlugin
2024-09-27 15:17:11,635 [INFO] PluginManager:220 - loadIPPluginJar : add gic
2024-09-27 15:17:11,651 [INFO] IPUIPlugin:80 - create IPUIPlugin
2024-09-27 15:17:11,651 [INFO] PluginManager:220 - loadIPPluginJar : add gpio
2024-09-27 15:17:11,795 [INFO] IPUIPlugin:80 - create IPUIPlugin
2024-09-27 15:17:11,796 [INFO] PluginManager:220 - loadIPPluginJar : add gtzc
2024-09-27 15:17:11,840 [INFO] IPUIPlugin:80 - create IPUIPlugin
2024-09-27 15:17:11,840 [INFO] PluginManager:220 - loadIPPluginJar : add hash
2024-09-27 15:17:11,912 [INFO] IPUIPlugin:80 - create IPUIPlugin
2024-09-27 15:17:11,912 [INFO] PluginManager:220 - loadIPPluginJar : add i2c
2024-09-27 15:17:11,966 [INFO] IPUIPlugin:80 - create IPUIPlugin
2024-09-27 15:17:11,967 [INFO] PluginManager:220 - loadIPPluginJar : add i2s
2024-09-27 15:17:12,021 [INFO] IPUIPlugin:80 - create IPUIPlugin
2024-09-27 15:17:12,021 [INFO] PluginManager:220 - loadIPPluginJar : add i3c
2024-09-27 15:17:12,145 [INFO] IPUIPlugin:80 - create IPUIPlugin
2024-09-27 15:17:12,145 [INFO] PluginManager:220 - loadIPPluginJar : add ipddr
2024-09-27 15:17:12,262 [INFO] IPUIPlugin:80 - create IPUIPlugin
2024-09-27 15:17:12,263 [INFO] PluginManager:220 - loadIPPluginJar : add linkedlist
2024-09-27 15:17:12,308 [INFO] IPUIPlugin:80 - create IPUIPlugin
2024-09-27 15:17:12,308 [INFO] PluginManager:220 - loadIPPluginJar : add lorawan
2024-09-27 15:17:12,360 [INFO] IPUIPlugin:80 - create IPUIPlugin
2024-09-27 15:17:12,360 [INFO] PluginManager:220 - loadIPPluginJar : add ltdc
2024-09-27 15:17:12,381 [INFO] IPUIPlugin:80 - create IPUIPlugin
2024-09-27 15:17:12,382 [INFO] PluginManager:220 - loadIPPluginJar : add mdma
2024-09-27 15:17:12,400 [INFO] IPUIPlugin:80 - create IPUIPlugin
2024-09-27 15:17:12,401 [INFO] PluginManager:220 - loadIPPluginJar : add nvic
2024-09-27 15:17:12,454 [INFO] IPUIPlugin:80 - create IPUIPlugin
2024-09-27 15:17:12,454 [INFO] PluginManager:220 - loadIPPluginJar : add opamp
2024-09-27 15:17:12,536 [INFO] IPUIPlugin:80 - create IPUIPlugin
2024-09-27 15:17:12,537 [INFO] PluginManager:220 - loadIPPluginJar : add openamp
2024-09-27 15:17:12,587 [INFO] IPUIPlugin:80 - create IPUIPlugin
2024-09-27 15:17:12,587 [INFO] PluginManager:220 - loadIPPluginJar : add pdm2pcm
2024-09-27 15:17:12,606 [INFO] IPUIPlugin:80 - create IPUIPlugin
2024-09-27 15:17:12,610 [INFO] PluginManager:220 - loadIPPluginJar : add plateformsettings
2024-09-27 15:17:12,639 [INFO] IPUIPlugin:80 - create IPUIPlugin
2024-09-27 15:17:12,639 [INFO] PluginManager:220 - loadIPPluginJar : add quadspi
2024-09-27 15:17:12,675 [INFO] IPUIPlugin:80 - create IPUIPlugin
2024-09-27 15:17:12,677 [INFO] PluginManager:220 - loadIPPluginJar : add radio
2024-09-27 15:17:12,691 [INFO] IPUIPlugin:80 - create IPUIPlugin
2024-09-27 15:17:12,692 [INFO] PluginManager:220 - loadIPPluginJar : add resmgrutility
2024-09-27 15:17:12,756 [INFO] IPUIPlugin:80 - create IPUIPlugin
2024-09-27 15:17:12,756 [INFO] PluginManager:220 - loadIPPluginJar : add sai
2024-09-27 15:17:12,804 [INFO] IPUIPlugin:80 - create IPUIPlugin
2024-09-27 15:17:12,804 [INFO] PluginManager:220 - loadIPPluginJar : add spi
2024-09-27 15:17:12,886 [INFO] IPUIPlugin:80 - create IPUIPlugin
2024-09-27 15:17:12,886 [INFO] PluginManager:220 - loadIPPluginJar : add stm32_wpan
2024-09-27 15:17:12,915 [INFO] IPUIPlugin:80 - create IPUIPlugin
2024-09-27 15:17:12,915 [INFO] PluginManager:220 - loadIPPluginJar : add tim
2024-09-27 15:17:12,989 [INFO] IPUIPlugin:80 - create IPUIPlugin
2024-09-27 15:17:12,990 [INFO] PluginManager:220 - loadIPPluginJar : add touchsensing
2024-09-27 15:17:13,017 [INFO] IPUIPlugin:80 - create IPUIPlugin
2024-09-27 15:17:13,018 [INFO] PluginManager:220 - loadIPPluginJar : add tracer_emb
2024-09-27 15:17:13,044 [INFO] IPUIPlugin:80 - create IPUIPlugin
2024-09-27 15:17:13,044 [INFO] PluginManager:220 - loadIPPluginJar : add ts
2024-09-27 15:17:13,073 [INFO] IPUIPlugin:80 - create IPUIPlugin
2024-09-27 15:17:13,074 [INFO] PluginManager:220 - loadIPPluginJar : add tsc
2024-09-27 15:17:13,100 [INFO] IPUIPlugin:80 - create IPUIPlugin
2024-09-27 15:17:13,101 [INFO] PluginManager:220 - loadIPPluginJar : add ucpd
2024-09-27 15:17:13,155 [INFO] ThirdPartyUpdaterWithRetryManager:70 - Updater plugin not ready yet. [2/15]
2024-09-27 15:17:13,155 [INFO] IPUIPlugin:80 - create IPUIPlugin
2024-09-27 15:17:13,155 [INFO] PluginManager:220 - loadIPPluginJar : add usart
2024-09-27 15:17:13,211 [INFO] IPUIPlugin:80 - create IPUIPlugin
2024-09-27 15:17:13,211 [INFO] PluginManager:220 - loadIPPluginJar : add usbx
2024-09-27 15:17:13,353 [INFO] CADModel:165 - CPN selected for project level
2024-09-27 15:17:13,353 [INFO] CADModel:114 - Register for checkConnection events
2024-09-27 15:17:13,353 [FATAL] Updater:334 - Updater called before beeing initialized
2024-09-27 15:17:13,353 [ERROR] CADModel:125 - Updater not yet initialized, retry later 
2024-09-27 15:17:13,540 [INFO] CADModel:165 - CPN selected for project level
2024-09-27 15:17:13,541 [INFO] CADModel:114 - Register for checkConnection events
2024-09-27 15:17:13,541 [FATAL] Updater:334 - Updater called before beeing initialized
2024-09-27 15:17:13,541 [ERROR] CADModel:125 - Updater not yet initialized, retry later 
2024-09-27 15:17:13,545 [FATAL] Updater:334 - Updater called before beeing initialized
2024-09-27 15:17:13,689 [FATAL] Updater:334 - Updater called before beeing initialized
2024-09-27 15:17:13,702 [INFO] DbMcusAds:53 - JSON generation date=Thu May 16 19:22:00 AEST 2024 (1715851320667)
2024-09-27 15:17:13,702 [FATAL] Updater:334 - Updater called before beeing initialized
2024-09-27 15:17:13,799 [WARN] DetailPanel:346 - Failed to get advertising image, set to default
2024-09-27 15:17:13,891 [FATAL] Updater:334 - Updater called before beeing initialized
2024-09-27 15:17:13,894 [FATAL] Updater:334 - Updater called before beeing initialized
2024-09-27 15:17:13,894 [FATAL] Updater:334 - Updater called before beeing initialized
2024-09-27 15:17:13,894 [WARN] DetailPanel:346 - Failed to get advertising image, set to default
2024-09-27 15:17:13,895 [FATAL] Updater:334 - Updater called before beeing initialized
2024-09-27 15:17:13,968 [ERROR] Updater:1164 - MainUpdater not yet initialized. External WinMGr cannot be set.
2024-09-27 15:17:13,982 [INFO] Updater:1100 - Updater Version found : 6.12.0
2024-09-27 15:17:14,009 [INFO] ApplicationProperties:184 - Using Application install path: D:\stm\STM32CubeIDE_1.16.0\STM32CubeIDE\plugins\com.st.stm32cube.common.mx_6.12.0.202406281431
2024-09-27 15:17:15,747 [INFO] MainUpdater:2873 - connection check result : 10
2024-09-27 15:17:15,748 [INFO] MainUpdater:3567 - Updater definition file requires update
2024-09-27 15:17:15,749 [INFO] MainUpdater:290 - Updater Check For Update Now.
2024-09-27 15:17:15,749 [INFO] MicroXplorer:498 - Change Database Version : DB.6.0.120
2024-09-27 15:17:15,773 [INFO] McuFinderGlobals:63 - Set McuFinder mode to 2 (CubeIDE integrated)
2024-09-27 15:17:15,780 [INFO] UserAuth:417 - Internet connection configuration mode: 1
2024-09-27 15:17:15,798 [INFO] ServerAccessManage:473 - Download File updaters.zip
2024-09-27 15:17:15,814 [INFO] JxBrowserEngine:152 - Initiate JxBrowser Engine with user profile folder
2024-09-27 15:17:15,899 [INFO] FileExtend:240 - Unzip File : updaters.zip
2024-09-27 15:17:15,899 [INFO] FileExtend:255 - Standard Zip Deflate
2024-09-27 15:17:16,156 [WARN] MainUpdater:1194 - Updater busy. Cannot search thirdparties
2024-09-27 15:17:16,157 [INFO] ThirdPartyUpdaterWithRetryManager:96 - Updater plugin is busy. [1/15]
2024-09-27 15:17:16,744 [INFO] ServerAccessManage:473 - Download File PacksControlFlags.xml
2024-09-27 15:17:16,858 [INFO] ServerAccessManage:473 - Download File cubemx.pidx
2024-09-27 15:17:17,763 [INFO] ServerAccessManage:473 - Download File STMicroelectronics.X-CUBE-ISPU.pdsc
2024-09-27 15:17:18,120 [INFO] ServerAccessManage:473 - Download File STMicroelectronics.X-CUBE-NFC9.pdsc
2024-09-27 15:17:18,225 [INFO] ServerAccessManage:473 - Download File STMicroelectronics.X-CUBE-NFC10.pdsc
2024-09-27 15:17:18,500 [INFO] ServerAccessManage:473 - Download File STMicroelectronics.X-CUBE-TOUCHGFX.pdsc
2024-09-27 15:17:19,171 [WARN] MainUpdater:1194 - Updater busy. Cannot search thirdparties
2024-09-27 15:17:19,171 [INFO] ThirdPartyUpdaterWithRetryManager:96 - Updater plugin is busy. [2/15]
2024-09-27 15:17:20,287 [WARN] PackLoader:240 - Cannot read IP mode file for STMicroelectronics.X-CUBE-ISPU.2.1.0
2024-09-27 15:17:20,338 [WARN] PackLoader:240 - Cannot read IP mode file for STMicroelectronics.X-CUBE-NFC9.1.0.0
2024-09-27 15:17:20,366 [WARN] PackLoader:240 - Cannot read IP mode file for STMicroelectronics.X-CUBE-NFC10.1.0.0
2024-09-27 15:17:20,376 [WARN] PackLoader:240 - Cannot read IP mode file for STMicroelectronics.X-CUBE-TOUCHGFX.4.24.1
2024-09-27 15:17:20,377 [INFO] PopulateThirdPartyThread:66 - Ending populate Thread
2024-09-27 15:17:20,381 [INFO] ThirdParty:1030 - CMSIS Pack Vendor :STMicroelectronics X-CUBE-NFC9 1.0.0
2024-09-27 15:17:20,381 [INFO] ThirdParty:1030 - CMSIS Pack Vendor :STMicroelectronics X-CUBE-NFC10 1.0.0
2024-09-27 15:17:20,381 [INFO] ThirdParty:1030 - CMSIS Pack Vendor :STMicroelectronics X-CUBE-TOUCHGFX 4.24.1
2024-09-27 15:17:20,381 [INFO] ThirdParty:1030 - CMSIS Pack Vendor :STMicroelectronics X-CUBE-ISPU 2.1.0
2024-09-27 15:17:20,383 [INFO] LoadServerUpdatesThread:375 - End of LoadServerUpdate Thread
2024-09-27 15:17:20,490 [INFO] CheckServerUpdateThread:120 - End of CheckServer Thread
2024-09-27 15:17:20,663 [INFO] WebApp:167 - Instantiating new browser for Auth
2024-09-27 15:17:21,652 [INFO] WebApp:448 - Apply proxy settings
2024-09-27 15:17:21,653 [INFO] WebApp:533 - Chromium requires no authentication
2024-09-27 15:17:21,670 [INFO] WebApp:476 - Direct internet connection detected
2024-09-27 15:17:21,716 [INFO] WebApp:869 - Register for checkConnection events
2024-09-27 15:17:21,716 [INFO] WebApp:448 - Apply proxy settings
2024-09-27 15:17:21,717 [INFO] WebApp:533 - Chromium requires no authentication
2024-09-27 15:17:21,718 [INFO] WebApp:476 - Direct internet connection detected
2024-09-27 15:17:21,946 [INFO] WebApp:220 - Starting web application
2024-09-27 15:17:21,946 [INFO] WebApp:578 - Web application path used D:\stm\STM32CubeIDE_1.16.0\STM32CubeIDE\plugins\com.st.stm32cube.common.mx_6.12.0.202406281431\db\plugins\mcufinder\reactClient1\index.html
2024-09-27 15:17:22,087 [INFO] UserAuth:417 - Internet connection configuration mode: 1
2024-09-27 15:17:22,216 [INFO] WebApp:186 - Connection restablished
2024-09-27 15:17:22,537 [WARN] PackLoader:240 - Cannot read IP mode file for STMicroelectronics.FP-SNS-MOTENVWB1.1.4.0
2024-09-27 15:17:22,567 [WARN] PackLoader:240 - Cannot read IP mode file for STMicroelectronics.X-CUBE-SMBUS.2.1.0
2024-09-27 15:17:22,627 [WARN] PackLoader:240 - Cannot read IP mode file for STMicroelectronics.X-CUBE-AZRTOS-F7.1.1.0
2024-09-27 15:17:22,754 [WARN] PackLoader:240 - Cannot read IP mode file for STMicroelectronics.X-CUBE-MEMS1.11.0.0
2024-09-27 15:17:22,946 [WARN] PackLoader:240 - Cannot read IP mode file for STMicroelectronics.FP-SNS-FLIGHT1.5.0.2
2024-09-27 15:17:22,974 [WARN] PackLoader:240 - Cannot read IP mode file for STMicroelectronics.X-CUBE-DISPLAY.3.0.0
2024-09-27 15:17:23,005 [WARN] PackLoader:240 - Cannot read IP mode file for STMicroelectronics.X-CUBE-BLE1.7.0.0
2024-09-27 15:17:23,013 [WARN] PackLoader:240 - Cannot read IP mode file for STMicroelectronics.X-CUBE-NFC10.1.0.0
2024-09-27 15:17:23,034 [WARN] PackLoader:240 - Cannot read IP mode file for emotas.I-CUBE-CANOPEN.1.3.0
2024-09-27 15:17:23,056 [WARN] PackLoader:240 - Cannot read IP mode file for STMicroelectronics.X-CUBE-BLEMGR.3.1.0
2024-09-27 15:17:23,079 [WARN] PackLoader:240 - Cannot read IP mode file for STMicroelectronics.FP-SNS-SMARTAG2.1.2.0
2024-09-27 15:17:23,104 [INFO] LogOutputStream:77 - [STDOUT_REDIRECT] 1 : Invalid condition id : UX_CORESTACK_Condition cause : null
2024-09-27 15:17:23,105 [INFO] LogOutputStream:77 - [STDOUT_REDIRECT] 1 : Invalid condition id : UX_CORESTACK_Condition cause : null
2024-09-27 15:17:23,107 [INFO] LogOutputStream:77 - [STDOUT_REDIRECT] 1 : Invalid condition id : UX_CORESTACK_Condition cause : null
2024-09-27 15:17:23,108 [INFO] LogOutputStream:77 - [STDOUT_REDIRECT] 1 : Invalid condition id : UX_CORESTACK_Condition cause : null
2024-09-27 15:17:23,110 [INFO] LogOutputStream:77 - [STDOUT_REDIRECT] 1 : Invalid condition id : UX_CORESTACK_Condition cause : null
2024-09-27 15:17:23,114 [WARN] PackLoader:240 - Cannot read IP mode file for STMicroelectronics.X-CUBE-AZRTOS-WL.2.0.0
2024-09-27 15:17:23,132 [WARN] PackLoader:240 - Cannot read IP mode file for STMicroelectronics.FP-SNS-MOTENV1.5.0.0
2024-09-27 15:17:23,142 [WARN] PackLoader:240 - Cannot read IP mode file for wolfSSL.I-CUBE-wolfMQTT.1.19.0
2024-09-27 15:17:23,163 [WARN] PackLoader:240 - Cannot read IP mode file for WES.I-CUBE-Cesium.1.3.0
2024-09-27 15:17:23,185 [WARN] PackLoader:240 - Cannot read IP mode file for STMicroelectronics.X-CUBE-BLE2.3.3.0
2024-09-27 15:17:23,193 [WARN] PackLoader:240 - Cannot read IP mode file for STMicroelectronics.X-CUBE-NFC9.1.0.0
2024-09-27 15:17:23,213 [WARN] PackLoader:240 - Cannot read IP mode file for STMicroelectronics.X-CUBE-TCPP.4.1.0
2024-09-27 15:17:23,250 [WARN] PackLoader:240 - Cannot read IP mode file for STMicroelectronics.X-CUBE-AZRTOS-G0.1.1.0
2024-09-27 15:17:23,273 [WARN] PackLoader:240 - Cannot read IP mode file for STMicroelectronics.X-CUBE-SAFEA1.1.2.2
2024-09-27 15:17:23,291 [WARN] PackLoader:240 - Cannot read IP mode file for STMicroelectronics.X-CUBE-NFC4.3.0.0
2024-09-27 15:17:23,315 [WARN] PackLoader:240 - Cannot read IP mode file for EmbeddedOffice.I-CUBE-FS-RTOS.1.0.1
2024-09-27 15:17:23,316 [ERROR] ConditionMgr:805 - Attr not supported : Dmpu
2024-09-27 15:17:23,316 [ERROR] ConditionMgr:805 - Attr not supported : Dmpu
2024-09-27 15:17:23,316 [ERROR] ConditionMgr:805 - Attr not supported : Dmpu
2024-09-27 15:17:23,316 [ERROR] ConditionMgr:805 - Attr not supported : Dmpu
2024-09-27 15:17:23,317 [ERROR] ConditionMgr:805 - Attr not supported : Dmpu
2024-09-27 15:17:23,317 [ERROR] ConditionMgr:805 - Attr not supported : Dmpu
2024-09-27 15:17:23,317 [ERROR] ConditionMgr:805 - Attr not supported : Dmpu
2024-09-27 15:17:23,317 [ERROR] ConditionMgr:805 - Attr not supported : Dmpu
2024-09-27 15:17:23,317 [ERROR] ConditionMgr:805 - Attr not supported : Dmpu
2024-09-27 15:17:23,317 [ERROR] ConditionMgr:805 - Attr not supported : Dmpu
2024-09-27 15:17:23,317 [ERROR] ConditionMgr:805 - Attr not supported : Dmpu
2024-09-27 15:17:23,317 [ERROR] ConditionMgr:805 - Attr not supported : Dmpu
2024-09-27 15:17:23,317 [ERROR] ConditionMgr:805 - Attr not supported : Dmpu
2024-09-27 15:17:23,317 [ERROR] ConditionMgr:805 - Attr not supported : Dmpu
2024-09-27 15:17:23,317 [ERROR] ConditionMgr:805 - Attr not supported : Dmpu
2024-09-27 15:17:23,317 [ERROR] ConditionMgr:805 - Attr not supported : Dmpu
2024-09-27 15:17:23,317 [ERROR] ConditionMgr:805 - Attr not supported : Dmpu
2024-09-27 15:17:23,317 [ERROR] ConditionMgr:805 - Attr not supported : Dmpu
2024-09-27 15:17:23,317 [ERROR] ConditionMgr:805 - Attr not supported : Dmpu
2024-09-27 15:17:23,317 [ERROR] ConditionMgr:805 - Attr not supported : Dmpu
2024-09-27 15:17:23,317 [ERROR] ConditionMgr:805 - Attr not supported : Dmpu
2024-09-27 15:17:23,318 [ERROR] ConditionMgr:805 - Attr not supported : Dmpu
2024-09-27 15:17:23,318 [ERROR] ConditionMgr:805 - Attr not supported : Dmpu
2024-09-27 15:17:23,318 [ERROR] ConditionMgr:805 - Attr not supported : Dmpu
2024-09-27 15:17:23,318 [ERROR] ConditionMgr:805 - Attr not supported : Dmpu
2024-09-27 15:17:23,318 [ERROR] ConditionMgr:805 - Attr not supported : Dmpu
2024-09-27 15:17:23,318 [ERROR] ConditionMgr:805 - Attr not supported : Dmpu
2024-09-27 15:17:23,318 [ERROR] ConditionMgr:805 - Attr not supported : Dmpu
2024-09-27 15:17:23,318 [ERROR] ConditionMgr:805 - Attr not supported : Dmpu
2024-09-27 15:17:23,318 [ERROR] ConditionMgr:805 - Attr not supported : Dmpu
2024-09-27 15:17:23,318 [ERROR] ConditionMgr:805 - Attr not supported : Dmpu
2024-09-27 15:17:23,318 [ERROR] ConditionMgr:805 - Attr not supported : Dmpu
2024-09-27 15:17:23,318 [ERROR] ConditionMgr:805 - Attr not supported : Dmpu
2024-09-27 15:17:23,318 [ERROR] ConditionMgr:805 - Attr not supported : Dmpu
2024-09-27 15:17:23,318 [ERROR] ConditionMgr:805 - Attr not supported : Dmpu
2024-09-27 15:17:23,318 [ERROR] ConditionMgr:805 - Attr not supported : Dmpu
2024-09-27 15:17:23,318 [ERROR] ConditionMgr:805 - Attr not supported : Dmpu
2024-09-27 15:17:23,319 [ERROR] ConditionMgr:805 - Attr not supported : Dmpu
2024-09-27 15:17:23,319 [ERROR] ConditionMgr:805 - Attr not supported : Dmpu
2024-09-27 15:17:23,319 [ERROR] ConditionMgr:805 - Attr not supported : Dmpu
2024-09-27 15:17:23,319 [ERROR] ConditionMgr:805 - Attr not supported : Dmpu
2024-09-27 15:17:23,319 [ERROR] ConditionMgr:805 - Attr not supported : Dmpu
2024-09-27 15:17:23,319 [ERROR] ConditionMgr:805 - Attr not supported : Dmpu
2024-09-27 15:17:23,319 [ERROR] ConditionMgr:805 - Attr not supported : Dmpu
2024-09-27 15:17:23,319 [ERROR] ConditionMgr:805 - Attr not supported : Dmpu
2024-09-27 15:17:23,319 [ERROR] ConditionMgr:805 - Attr not supported : Dmpu
2024-09-27 15:17:23,319 [ERROR] ConditionMgr:805 - Attr not supported : Dmpu
2024-09-27 15:17:23,319 [ERROR] ConditionMgr:805 - Attr not supported : Dmpu
2024-09-27 15:17:23,319 [ERROR] ConditionMgr:805 - Attr not supported : Dmpu
2024-09-27 15:17:23,319 [ERROR] ConditionMgr:805 - Attr not supported : Dmpu
2024-09-27 15:17:23,319 [ERROR] ConditionMgr:805 - Attr not supported : Dmpu
2024-09-27 15:17:23,320 [ERROR] ConditionMgr:805 - Attr not supported : Dmpu
2024-09-27 15:17:23,320 [ERROR] ConditionMgr:805 - Attr not supported : Dmpu
2024-09-27 15:17:23,320 [ERROR] ConditionMgr:805 - Attr not supported : Dmpu
2024-09-27 15:17:23,320 [ERROR] ConditionMgr:805 - Attr not supported : Dmpu
2024-09-27 15:17:23,320 [ERROR] ConditionMgr:805 - Attr not supported : Dmpu
2024-09-27 15:17:23,320 [ERROR] ConditionMgr:805 - Attr not supported : Dmpu
2024-09-27 15:17:23,321 [ERROR] ConditionMgr:805 - Attr not supported : Dmpu
2024-09-27 15:17:23,321 [ERROR] ConditionMgr:805 - Attr not supported : Dmpu
2024-09-27 15:17:23,321 [ERROR] ConditionMgr:805 - Attr not supported : Dmpu
2024-09-27 15:17:23,321 [ERROR] ConditionMgr:805 - Attr not supported : Dmpu
2024-09-27 15:17:23,321 [ERROR] ConditionMgr:805 - Attr not supported : Dmpu
2024-09-27 15:17:23,321 [ERROR] ConditionMgr:805 - Attr not supported : Dmpu
2024-09-27 15:17:23,321 [ERROR] ConditionMgr:805 - Attr not supported : Dmpu
2024-09-27 15:17:23,340 [WARN] PackLoader:240 - Cannot read IP mode file for RealThread.X-CUBE-RT-Thread_Nano.4.1.1
2024-09-27 15:17:23,348 [WARN] PackLoader:240 - Cannot read IP mode file for STMicroelectronics.FP-ATR-SIGFOX1.3.2.0
2024-09-27 15:17:23,366 [WARN] PackLoader:240 - Cannot read IP mode file for wolfSSL.I-CUBE-wolfSSL.5.7.2
2024-09-27 15:17:23,386 [WARN] PackLoader:240 - Cannot read IP mode file for STMicroelectronics.X-CUBE-EEPRMA1.5.1.0
2024-09-27 15:17:23,408 [WARN] PackLoader:240 - Cannot read IP mode file for ITTIA_DB.I-CUBE-ITTIADB.8.9.0
2024-09-27 15:17:23,451 [WARN] PackLoader:240 - Cannot read IP mode file for SEGGER.I-CUBE-embOS.1.3.1
2024-09-27 15:17:23,513 [WARN] PackLoader:240 - Cannot read IP mode file for STMicroelectronics.X-CUBE-ALGOBUILD.1.4.0
2024-09-27 15:17:23,547 [WARN] PackLoader:240 - Cannot read IP mode file for STMicroelectronics.X-CUBE-GNSS1.6.0.0
2024-09-27 15:17:23,595 [WARN] PackLoader:240 - Cannot read IP mode file for STMicroelectronics.X-CUBE-AZRTOS-F4.1.1.0
2024-09-27 15:17:23,604 [WARN] PackLoader:240 - Cannot read IP mode file for STMicroelectronics.X-CUBE-ISPU.2.1.0
2024-09-27 15:17:23,622 [WARN] PackLoader:240 - Cannot read IP mode file for STMicroelectronics.X-CUBE-FREERTOS.1.2.0
2024-09-27 15:17:23,657 [WARN] PackLoader:240 - Cannot read IP mode file for STMicroelectronics.X-CUBE-AZRTOS-L5.2.0.0
2024-09-27 15:17:23,681 [WARN] PackLoader:240 - Cannot read IP mode file for STMicroelectronics.X-CUBE-NFC6.3.1.0
2024-09-27 15:17:23,704 [WARN] PackLoader:240 - Cannot read IP mode file for STMicroelectronics.X-CUBE-DPower.1.2.0
2024-09-27 15:17:23,726 [WARN] PackLoader:240 - Cannot read IP mode file for STMicroelectronics.X-CUBE-AI.9.0.0
2024-09-27 15:17:23,749 [WARN] PackLoader:240 - Cannot read IP mode file for STMicroelectronics.X-CUBE-NFC7.1.0.1
2024-09-27 15:17:23,772 [WARN] PackLoader:240 - Cannot read IP mode file for wolfSSL.I-CUBE-wolfTPM.3.2.0
2024-09-27 15:17:23,804 [WARN] ConditionMgr:438 - getConditionDescription Invalid condition id : LAN8742 Phy interface Condition cause : null
2024-09-27 15:17:23,805 [WARN] PackLoader:240 - Cannot read IP mode file for STMicroelectronics.X-CUBE-AZRTOS-L4.2.0.0
2024-09-27 15:17:23,807 [WARN] ConditionMgr:1039 - genDependencies : Invalid condition id : LAN8742 Phy interface Condition cause : null
2024-09-27 15:17:23,807 [WARN] ConditionMgr:1039 - genDependencies : Invalid condition id : LAN8742 Phy interface Condition cause : null
2024-09-27 15:17:23,808 [WARN] ConditionMgr:1039 - genDependencies : Invalid condition id : LAN8742 Phy interface Condition cause : null
2024-09-27 15:17:23,827 [WARN] PackLoader:240 - Cannot read IP mode file for STMicroelectronics.X-CUBE-SFXS2LP1.4.0.0
2024-09-27 15:17:23,864 [WARN] PackLoader:240 - Cannot read IP mode file for STMicroelectronics.X-CUBE-AZRTOS-H7.3.3.0
2024-09-27 15:17:23,895 [WARN] ConditionMgr:438 - getConditionDescription Invalid condition id : UX DEVICE CLASS RTOS Condition cause : null
2024-09-27 15:17:23,896 [WARN] ConditionMgr:438 - getConditionDescription Invalid condition id : UX DEVICE CLASS RTOS Condition cause : null
2024-09-27 15:17:23,898 [WARN] PackLoader:240 - Cannot read IP mode file for STMicroelectronics.X-CUBE-AZRTOS-WB.2.0.0
2024-09-27 15:17:23,899 [WARN] ConditionMgr:1039 - genDependencies : Invalid condition id : UX DEVICE CLASS RTOS Condition cause : null
2024-09-27 15:17:23,899 [WARN] ConditionMgr:1039 - genDependencies : Invalid condition id : UX DEVICE CLASS RTOS Condition cause : null
2024-09-27 15:17:23,899 [WARN] ConditionMgr:1039 - genDependencies : Invalid condition id : UX DEVICE CLASS RTOS Condition cause : null
2024-09-27 15:17:23,899 [WARN] ConditionMgr:1039 - genDependencies : Invalid condition id : UX DEVICE CLASS RTOS Condition cause : null
2024-09-27 15:17:23,899 [WARN] ConditionMgr:1039 - genDependencies : Invalid condition id : UX DEVICE CLASS RTOS Condition cause : null
2024-09-27 15:17:23,916 [WARN] PackLoader:240 - Cannot read IP mode file for STMicroelectronics.X-CUBE-GNSS1.7.0.0
2024-09-27 15:17:23,935 [WARN] PackLoader:240 - Cannot read IP mode file for STMicroelectronics.FP-SNS-STBOX1.2.0.0
2024-09-27 15:17:23,961 [WARN] PackLoader:240 - Cannot read IP mode file for STMicroelectronics.X-CUBE-SUBG2.5.0.0
2024-09-27 15:17:23,971 [WARN] PackLoader:240 - Cannot read IP mode file for Cesanta.I-CUBE-Mongoose.7.13.0
2024-09-27 15:17:24,004 [WARN] PackLoader:240 - Cannot read IP mode file for STMicroelectronics.X-CUBE-AZRTOS-G4.2.0.0
2024-09-27 15:17:24,023 [WARN] PackLoader:240 - Cannot read IP mode file for STMicroelectronics.X-CUBE-ISPU.2.0.0
2024-09-27 15:17:24,042 [WARN] PackLoader:240 - Cannot read IP mode file for STMicroelectronics.X-CUBE-ALS.1.0.2
2024-09-27 15:17:24,092 [WARN] PackLoader:240 - Cannot read IP mode file for STMicroelectronics.X-CUBE-MEMS1.10.0.0
2024-09-27 15:17:24,201 [WARN] PackLoader:240 - Cannot read IP mode file for STMicroelectronics.X-CUBE-TOUCHGFX.4.24.0
2024-09-27 15:17:24,204 [WARN] PackLoader:240 - Cannot read IP mode file for STMicroelectronics.X-CUBE-TOUCHGFX.4.24.1
2024-09-27 15:17:24,225 [WARN] PackLoader:240 - Cannot read IP mode file for portGmbH.I-Cube-SoM-uGOAL.1.1.0
2024-09-27 15:17:24,263 [WARN] PackLoader:240 - Cannot read IP mode file for STMicroelectronics.X-CUBE-AZRTOS-H7RS.1.0.0
2024-09-27 15:17:24,275 [WARN] PackLoader:240 - Cannot read IP mode file for STMicroelectronics.FP-ATR-ASTRA1.2.0.0
2024-09-27 15:17:24,312 [WARN] PackLoader:240 - Cannot read IP mode file for STMicroelectronics.X-CUBE-TOF1.3.4.2
2024-09-27 15:17:24,359 [WARN] PackLoader:240 - Cannot read IP mode file for STMicroelectronics.X-CUBE-AZRTOS-H7.3.2.0
2024-09-27 15:17:24,389 [WARN] PackLoader:240 - Cannot read IP mode file for Infineon.AIROC-Wi-Fi-Bluetooth-STM32.1.6.0
2024-09-27 15:17:24,400 [WARN] PackLoader:240 - Cannot read IP mode file for wolfSSL.I-CUBE-wolfSSH.1.4.17
2024-09-27 15:17:24,402 [INFO] ThirdParty:978 - Integrity check success = true
2024-09-27 15:17:24,403 [INFO] IntegrityCheckThread:100 - exiting critical section [integrity check]
2024-09-27 15:17:24,404 [INFO] IntegrityCheckThread:103 - End integrity checks thread
