2024-09-09 11:34:49,419 [INFO] Activator:176 - 


2024-09-09 11:34:49,425 [INFO] Activator:177 - !SESSION log4j initialized
2024-09-09 11:34:57,516 [INFO] LogOutputStream:77 - [STDOUT_REDIRECT] 
2024-09-09 11:35:01,044 [INFO] ApplicationProperties:184 - Using Application install path: D:\stm\STM32CubeIDE_1.16.0\STM32CubeIDE\plugins\com.st.stm32cube.common.mx_6.12.0.202406281431
2024-09-09 11:35:01,065 [INFO] DbMcusXml:78 - Set database path to: D:\stm\STM32CubeIDE_1.16.0\STM32CubeIDE\plugins\com.st.stm32cube.common.mx_6.12.0.202406281431\\db\/mcu/
2024-09-09 11:35:01,065 [INFO] ApiDb:274 - Set plugin database path to: D:\stm\STM32CubeIDE_1.16.0\STM32CubeIDE\plugins\com.st.stm32cube.common.mx_6.12.0.202406281431\\db\/plugins/boardmanager/
2024-09-09 11:35:01,066 [WARN] ApiDb:259 - Overriding images path with different value:  => D:\stm\STM32CubeIDE_1.16.0\STM32CubeIDE\plugins\com.st.stm32cube.common.mx_6.12.0.202406281431\\db\/plugins/mcufinder/images/
2024-09-09 11:35:01,080 [INFO] ApiDb:250 - Set database path to: C:\Users\udaya\.stmcufinder\plugins\mcufinder//mcu/
2024-09-09 11:35:01,081 [INFO] DbMcusAds:125 - Set database path to: C:\Users\udaya\.stmcufinder\plugins\mcufinder//mcu/
2024-09-09 11:35:01,084 [INFO] CrossReferenceDbSqlite:203 - Set database path to: C:\Users\udaya\.stmcufinder\plugins\mcufinder//mcu/cs/
2024-09-09 11:35:01,209 [INFO] RulesReader:64 - Compatibility file has been processed (297 Rules)
2024-09-09 11:35:01,293 [INFO] DbMcusXml:78 - Set database path to: D:\stm\STM32CubeIDE_1.16.0\STM32CubeIDE\plugins\com.st.stm32cube.common.mx_6.12.0.202406281431\\db\/mcu/
2024-09-09 11:35:01,293 [INFO] ApiDb:274 - Set plugin database path to: D:\stm\STM32CubeIDE_1.16.0\STM32CubeIDE\plugins\com.st.stm32cube.common.mx_6.12.0.202406281431\\db\/plugins/boardmanager/
2024-09-09 11:35:01,293 [INFO] ApiDb:261 - Set plugin images path to: D:\stm\STM32CubeIDE_1.16.0\STM32CubeIDE\plugins\com.st.stm32cube.common.mx_6.12.0.202406281431\\db\/plugins/mcufinder/images/
2024-09-09 11:35:01,294 [WARN] DbFile:41 - Overriding database path with different value: C:\Users\udaya\.stmcufinder\plugins\mcufinder/ => C:\Users\udaya\.stmcufinder\plugins\mcufinder
2024-09-09 11:35:01,294 [INFO] ApiDb:250 - Set database path to: C:\Users\udaya\.stmcufinder\plugins\mcufinder//mcu/
2024-09-09 11:35:01,294 [WARN] DbFile:41 - Overriding database path with different value: C:\Users\udaya\.stmcufinder\plugins\mcufinder/ => C:\Users\udaya\.stmcufinder\plugins\mcufinder
2024-09-09 11:35:01,294 [INFO] DbMcusAds:125 - Set database path to: C:\Users\udaya\.stmcufinder\plugins\mcufinder//mcu/
2024-09-09 11:35:01,294 [WARN] DbFile:41 - Overriding database path with different value: C:\Users\udaya\.stmcufinder\plugins\mcufinder/ => C:\Users\udaya\.stmcufinder\plugins\mcufinder
2024-09-09 11:35:01,294 [WARN] DbFile:41 - Overriding database path with different value: C:\Users\udaya\.stmcufinder\plugins\mcufinder/ => C:\Users\udaya\.stmcufinder\plugins\mcufinder
2024-09-09 11:35:01,294 [INFO] CrossReferenceDbSqlite:203 - Set database path to: C:\Users\udaya\.stmcufinder\plugins\mcufinder//mcu/cs/
2024-09-09 11:35:01,389 [INFO] MainPanel:268 - HeapMemory: 268435456
2024-09-09 11:35:01,514 [INFO] DbMcusXml:78 - Set database path to: D:\stm\STM32CubeIDE_1.16.0\STM32CubeIDE\plugins\com.st.stm32cube.common.mx_6.12.0.202406281431\\db\/mcu/
2024-09-09 11:35:01,514 [INFO] ApiDb:274 - Set plugin database path to: D:\stm\STM32CubeIDE_1.16.0\STM32CubeIDE\plugins\com.st.stm32cube.common.mx_6.12.0.202406281431\\db\/plugins/boardmanager/
2024-09-09 11:35:01,514 [INFO] ApiDb:261 - Set plugin images path to: D:\stm\STM32CubeIDE_1.16.0\STM32CubeIDE\plugins\com.st.stm32cube.common.mx_6.12.0.202406281431\\db\/plugins/mcufinder/images/
2024-09-09 11:35:01,514 [WARN] DbFile:41 - Overriding database path with different value: C:\Users\udaya\.stmcufinder\plugins\mcufinder/ => C:\Users\udaya\.stmcufinder\plugins\mcufinder
2024-09-09 11:35:01,514 [INFO] ApiDb:250 - Set database path to: C:\Users\udaya\.stmcufinder\plugins\mcufinder//mcu/
2024-09-09 11:35:01,515 [WARN] DbFile:41 - Overriding database path with different value: C:\Users\udaya\.stmcufinder\plugins\mcufinder/ => C:\Users\udaya\.stmcufinder\plugins\mcufinder
2024-09-09 11:35:01,515 [INFO] DbMcusAds:125 - Set database path to: C:\Users\udaya\.stmcufinder\plugins\mcufinder//mcu/
2024-09-09 11:35:01,515 [WARN] DbFile:41 - Overriding database path with different value: C:\Users\udaya\.stmcufinder\plugins\mcufinder/ => C:\Users\udaya\.stmcufinder\plugins\mcufinder
2024-09-09 11:35:01,515 [WARN] DbFile:41 - Overriding database path with different value: C:\Users\udaya\.stmcufinder\plugins\mcufinder/ => C:\Users\udaya\.stmcufinder\plugins\mcufinder
2024-09-09 11:35:01,515 [INFO] CrossReferenceDbSqlite:203 - Set database path to: C:\Users\udaya\.stmcufinder\plugins\mcufinder//mcu/cs/
2024-09-09 11:35:01,533 [INFO] ApplicationProperties:184 - Using Application install path: D:\stm\STM32CubeIDE_1.16.0\STM32CubeIDE\plugins\com.st.stm32cube.common.mx_6.12.0.202406281431
2024-09-09 11:35:01,535 [INFO] PluginManage:196 - Search for loadable plugins [exclusion list=, ]
2024-09-09 11:35:01,536 [INFO] PluginManage:310 - Check plugin analytics
2024-09-09 11:35:01,738 [INFO] AnalyticsPlugin:253 - Accepted Software Licenses: STM32CubeMX.6.12.0
2024-09-09 11:35:01,738 [INFO] AnalyticsPlugin:255 - Accepted CMSIS Pack Licenses: 
2024-09-09 11:35:01,738 [INFO] AnalyticsPlugin:257 - Accepted Firmware Licenses: FW.WB.1.20.0,FW.F4.1.28.0
2024-09-09 11:35:01,743 [INFO] PluginManage:359 - Loaded plugin analytics (category:tool,tabindex:-1)
2024-09-09 11:35:01,743 [INFO] PluginManage:310 - Check plugin cadmodel
2024-09-09 11:35:01,760 [INFO] CADModel:105 - Init CAD model plugin
2024-09-09 11:35:01,760 [INFO] PluginManage:359 - Loaded plugin cadmodel (category:power,tabindex:5)
2024-09-09 11:35:01,760 [INFO] PluginManage:310 - Check plugin clock
2024-09-09 11:35:01,782 [INFO] PluginManage:359 - Loaded plugin clock (category:base,tabindex:2)
2024-09-09 11:35:01,783 [INFO] PluginManage:310 - Check plugin ddr
2024-09-09 11:35:01,786 [INFO] PluginManage:359 - Loaded plugin ddr (category:tool,tabindex:6)
2024-09-09 11:35:01,786 [INFO] PluginManage:310 - Check plugin filemanager
2024-09-09 11:35:01,965 [INFO] PluginManage:359 - Loaded plugin filemanager (category:base,tabindex:10)
2024-09-09 11:35:01,966 [INFO] PluginManage:310 - Check plugin ipmanager
2024-09-09 11:35:01,974 [INFO] PluginManage:359 - Loaded plugin ipmanager (category:base,tabindex:5)
2024-09-09 11:35:01,974 [INFO] PluginManage:310 - Check plugin lpbam
2024-09-09 11:35:01,991 [INFO] PluginManage:359 - Loaded plugin lpbam (category:base,tabindex:0)
2024-09-09 11:35:01,991 [INFO] PluginManage:310 - Check plugin memorymap
2024-09-09 11:35:02,014 [INFO] PluginManage:359 - Loaded plugin memorymap (category:base,tabindex:4)
2024-09-09 11:35:02,014 [INFO] PluginManage:310 - Check plugin pinoutandconfiguration
2024-09-09 11:35:02,031 [INFO] PluginManage:359 - Loaded plugin pinoutandconfiguration (category:base,tabindex:1)
2024-09-09 11:35:02,031 [INFO] PluginManage:310 - Check plugin pinoutconfig
2024-09-09 11:35:02,145 [WARN] SupportedApi:132 - Cannot load RTOS API schema: s4s-elt-must-match.1: The content of 'definitions' must match (annotation?, (simpleType | complexType)?, (unique | key | keyref)*)). A problem was found starting at: attribute.
2024-09-09 11:35:02,286 [INFO] PluginManage:359 - Loaded plugin pinoutconfig (category:base,tabindex:0)
2024-09-09 11:35:02,286 [INFO] PluginManage:310 - Check plugin power
2024-09-09 11:35:02,308 [INFO] PluginManage:359 - Loaded plugin power (category:power,tabindex:4)
2024-09-09 11:35:02,308 [INFO] PluginManage:310 - Check plugin projectmanager
2024-09-09 11:35:02,324 [INFO] PluginManage:359 - Loaded plugin projectmanager (category:projectmanager,tabindex:4)
2024-09-09 11:35:02,324 [INFO] PluginManage:310 - Check plugin rif
2024-09-09 11:35:02,339 [INFO] PluginManage:359 - Loaded plugin rif (category:base,tabindex:3)
2024-09-09 11:35:02,340 [INFO] PluginManage:310 - Check plugin thirdparty
2024-09-09 11:35:02,639 [INFO] PluginManage:359 - Loaded plugin thirdparty (category:base,tabindex:-1)
2024-09-09 11:35:02,639 [WARN] IntegrityCheckThread:84 - waiting for thirdparty lock release [integrity check]
2024-09-09 11:35:02,639 [INFO] PluginManage:310 - Check plugin tools
2024-09-09 11:35:02,639 [INFO] IntegrityCheckThread:86 - entering critical section [integrity check]
2024-09-09 11:35:02,639 [INFO] ThirdPartyUpdaterWithRetryManager:70 - Updater plugin not ready yet. [1/15]
2024-09-09 11:35:02,682 [INFO] PluginManage:359 - Loaded plugin tools (category:base,tabindex:7)
2024-09-09 11:35:02,682 [INFO] PluginManage:310 - Check plugin tutovideos
2024-09-09 11:35:02,873 [INFO] PluginManage:359 - Loaded plugin tutovideos (category:base,tabindex:-1)
2024-09-09 11:35:02,873 [INFO] PluginManage:310 - Check plugin updater
2024-09-09 11:35:02,891 [INFO] PluginManage:359 - Loaded plugin updater (category:base,tabindex:12)
2024-09-09 11:35:02,891 [INFO] PluginManage:310 - Check plugin userauth
2024-09-09 11:35:02,898 [INFO] UserAuth:113 - Init User Auth plugin
2024-09-09 11:35:02,898 [INFO] PluginManage:359 - Loaded plugin userauth (category:base,tabindex:14)
2024-09-09 11:35:02,898 [INFO] PluginManage:283 - PluginManage : Loaded plugins [18]
2024-09-09 11:35:03,130 [INFO] PinOutPanel:1561 - setPackage(No Configuration,No Configuration)
2024-09-09 11:35:03,220 [INFO] CADModel:165 - CPN selected for project level
2024-09-09 11:35:03,221 [INFO] CADModel:114 - Register for checkConnection events
2024-09-09 11:35:03,247 [INFO] IPUIPlugin:80 - create IPUIPlugin
2024-09-09 11:35:03,247 [INFO] PluginManager:220 - loadIPPluginJar : add adc
2024-09-09 11:35:03,283 [INFO] IPUIPlugin:80 - create IPUIPlugin
2024-09-09 11:35:03,283 [INFO] PluginManager:220 - loadIPPluginJar : add aes
2024-09-09 11:35:03,324 [INFO] IPUIPlugin:80 - create IPUIPlugin
2024-09-09 11:35:03,324 [INFO] PluginManager:220 - loadIPPluginJar : add can
2024-09-09 11:35:03,347 [INFO] IPUIPlugin:80 - create IPUIPlugin
2024-09-09 11:35:03,348 [INFO] PluginManager:220 - loadIPPluginJar : add comp
2024-09-09 11:35:03,382 [INFO] IPUIPlugin:80 - create IPUIPlugin
2024-09-09 11:35:03,382 [INFO] PluginManager:220 - loadIPPluginJar : add cryp
2024-09-09 11:35:03,394 [INFO] IPUIPlugin:80 - create IPUIPlugin
2024-09-09 11:35:03,394 [INFO] PluginManager:220 - loadIPPluginJar : add ddr_ctrl_phy
2024-09-09 11:35:03,425 [INFO] IPUIPlugin:80 - create IPUIPlugin
2024-09-09 11:35:03,425 [INFO] PluginManager:220 - loadIPPluginJar : add dfsdm
2024-09-09 11:35:03,440 [INFO] IPUIPlugin:80 - create IPUIPlugin
2024-09-09 11:35:03,440 [INFO] PluginManager:220 - loadIPPluginJar : add dma
2024-09-09 11:35:03,486 [INFO] IPUIPlugin:80 - create IPUIPlugin
2024-09-09 11:35:03,487 [INFO] PluginManager:220 - loadIPPluginJar : add dma3
2024-09-09 11:35:03,531 [INFO] IPUIPlugin:80 - create IPUIPlugin
2024-09-09 11:35:03,531 [INFO] PluginManager:220 - loadIPPluginJar : add extmemmanager
2024-09-09 11:35:03,551 [INFO] IPUIPlugin:80 - create IPUIPlugin
2024-09-09 11:35:03,552 [INFO] PluginManager:220 - loadIPPluginJar : add fatfs
2024-09-09 11:35:03,598 [INFO] IPUIPlugin:80 - create IPUIPlugin
2024-09-09 11:35:03,598 [INFO] PluginManager:220 - loadIPPluginJar : add fmc
2024-09-09 11:35:03,612 [INFO] IPUIPlugin:80 - create IPUIPlugin
2024-09-09 11:35:03,612 [INFO] PluginManager:220 - loadIPPluginJar : add freertos
2024-09-09 11:35:03,634 [INFO] IPUIPlugin:80 - create IPUIPlugin
2024-09-09 11:35:03,634 [INFO] PluginManager:220 - loadIPPluginJar : add genericplugin
2024-09-09 11:35:03,732 [INFO] IPUIPlugin:80 - create IPUIPlugin
2024-09-09 11:35:03,732 [INFO] PluginManager:220 - loadIPPluginJar : add gfxmmu
2024-09-09 11:35:03,868 [INFO] IPUIPlugin:80 - create IPUIPlugin
2024-09-09 11:35:03,868 [INFO] PluginManager:220 - loadIPPluginJar : add gic
2024-09-09 11:35:03,881 [INFO] IPUIPlugin:80 - create IPUIPlugin
2024-09-09 11:35:03,882 [INFO] PluginManager:220 - loadIPPluginJar : add gpio
2024-09-09 11:35:03,975 [INFO] IPUIPlugin:80 - create IPUIPlugin
2024-09-09 11:35:03,975 [INFO] PluginManager:220 - loadIPPluginJar : add gtzc
2024-09-09 11:35:04,016 [INFO] IPUIPlugin:80 - create IPUIPlugin
2024-09-09 11:35:04,016 [INFO] PluginManager:220 - loadIPPluginJar : add hash
2024-09-09 11:35:04,071 [INFO] IPUIPlugin:80 - create IPUIPlugin
2024-09-09 11:35:04,071 [INFO] PluginManager:220 - loadIPPluginJar : add i2c
2024-09-09 11:35:04,111 [INFO] IPUIPlugin:80 - create IPUIPlugin
2024-09-09 11:35:04,111 [INFO] PluginManager:220 - loadIPPluginJar : add i2s
2024-09-09 11:35:04,152 [INFO] IPUIPlugin:80 - create IPUIPlugin
2024-09-09 11:35:04,152 [INFO] PluginManager:220 - loadIPPluginJar : add i3c
2024-09-09 11:35:04,255 [INFO] IPUIPlugin:80 - create IPUIPlugin
2024-09-09 11:35:04,255 [INFO] PluginManager:220 - loadIPPluginJar : add ipddr
2024-09-09 11:35:04,351 [INFO] IPUIPlugin:80 - create IPUIPlugin
2024-09-09 11:35:04,352 [INFO] PluginManager:220 - loadIPPluginJar : add linkedlist
2024-09-09 11:35:04,389 [INFO] IPUIPlugin:80 - create IPUIPlugin
2024-09-09 11:35:04,389 [INFO] PluginManager:220 - loadIPPluginJar : add lorawan
2024-09-09 11:35:04,428 [INFO] IPUIPlugin:80 - create IPUIPlugin
2024-09-09 11:35:04,428 [INFO] PluginManager:220 - loadIPPluginJar : add ltdc
2024-09-09 11:35:04,442 [INFO] IPUIPlugin:80 - create IPUIPlugin
2024-09-09 11:35:04,442 [INFO] PluginManager:220 - loadIPPluginJar : add mdma
2024-09-09 11:35:04,454 [INFO] IPUIPlugin:80 - create IPUIPlugin
2024-09-09 11:35:04,454 [INFO] PluginManager:220 - loadIPPluginJar : add nvic
2024-09-09 11:35:04,492 [INFO] IPUIPlugin:80 - create IPUIPlugin
2024-09-09 11:35:04,492 [INFO] PluginManager:220 - loadIPPluginJar : add opamp
2024-09-09 11:35:04,554 [INFO] IPUIPlugin:80 - create IPUIPlugin
2024-09-09 11:35:04,554 [INFO] PluginManager:220 - loadIPPluginJar : add openamp
2024-09-09 11:35:04,602 [INFO] IPUIPlugin:80 - create IPUIPlugin
2024-09-09 11:35:04,602 [INFO] PluginManager:220 - loadIPPluginJar : add pdm2pcm
2024-09-09 11:35:04,617 [INFO] IPUIPlugin:80 - create IPUIPlugin
2024-09-09 11:35:04,620 [INFO] PluginManager:220 - loadIPPluginJar : add plateformsettings
2024-09-09 11:35:04,645 [INFO] IPUIPlugin:80 - create IPUIPlugin
2024-09-09 11:35:04,645 [INFO] PluginManager:220 - loadIPPluginJar : add quadspi
2024-09-09 11:35:04,673 [INFO] IPUIPlugin:80 - create IPUIPlugin
2024-09-09 11:35:04,674 [INFO] PluginManager:220 - loadIPPluginJar : add radio
2024-09-09 11:35:04,685 [INFO] IPUIPlugin:80 - create IPUIPlugin
2024-09-09 11:35:04,686 [INFO] PluginManager:220 - loadIPPluginJar : add resmgrutility
2024-09-09 11:35:04,734 [INFO] IPUIPlugin:80 - create IPUIPlugin
2024-09-09 11:35:04,734 [INFO] PluginManager:220 - loadIPPluginJar : add sai
2024-09-09 11:35:04,775 [INFO] IPUIPlugin:80 - create IPUIPlugin
2024-09-09 11:35:04,775 [INFO] PluginManager:220 - loadIPPluginJar : add spi
2024-09-09 11:35:04,847 [INFO] IPUIPlugin:80 - create IPUIPlugin
2024-09-09 11:35:04,848 [INFO] PluginManager:220 - loadIPPluginJar : add stm32_wpan
2024-09-09 11:35:04,873 [INFO] IPUIPlugin:80 - create IPUIPlugin
2024-09-09 11:35:04,873 [INFO] PluginManager:220 - loadIPPluginJar : add tim
2024-09-09 11:35:04,942 [INFO] IPUIPlugin:80 - create IPUIPlugin
2024-09-09 11:35:04,943 [INFO] PluginManager:220 - loadIPPluginJar : add touchsensing
2024-09-09 11:35:04,966 [INFO] IPUIPlugin:80 - create IPUIPlugin
2024-09-09 11:35:04,966 [INFO] PluginManager:220 - loadIPPluginJar : add tracer_emb
2024-09-09 11:35:04,989 [INFO] IPUIPlugin:80 - create IPUIPlugin
2024-09-09 11:35:04,989 [INFO] PluginManager:220 - loadIPPluginJar : add ts
2024-09-09 11:35:05,011 [INFO] IPUIPlugin:80 - create IPUIPlugin
2024-09-09 11:35:05,011 [INFO] PluginManager:220 - loadIPPluginJar : add tsc
2024-09-09 11:35:05,033 [INFO] IPUIPlugin:80 - create IPUIPlugin
2024-09-09 11:35:05,033 [INFO] PluginManager:220 - loadIPPluginJar : add ucpd
2024-09-09 11:35:05,082 [INFO] IPUIPlugin:80 - create IPUIPlugin
2024-09-09 11:35:05,082 [INFO] PluginManager:220 - loadIPPluginJar : add usart
2024-09-09 11:35:05,126 [INFO] IPUIPlugin:80 - create IPUIPlugin
2024-09-09 11:35:05,126 [INFO] PluginManager:220 - loadIPPluginJar : add usbx
2024-09-09 11:35:05,252 [INFO] CADModel:165 - CPN selected for project level
2024-09-09 11:35:05,252 [INFO] CADModel:114 - Register for checkConnection events
2024-09-09 11:35:05,252 [FATAL] Updater:334 - Updater called before beeing initialized
2024-09-09 11:35:05,252 [ERROR] CADModel:125 - Updater not yet initialized, retry later 
2024-09-09 11:35:05,403 [INFO] CADModel:165 - CPN selected for project level
2024-09-09 11:35:05,403 [INFO] CADModel:114 - Register for checkConnection events
2024-09-09 11:35:05,403 [FATAL] Updater:334 - Updater called before beeing initialized
2024-09-09 11:35:05,403 [ERROR] CADModel:125 - Updater not yet initialized, retry later 
2024-09-09 11:35:05,407 [FATAL] Updater:334 - Updater called before beeing initialized
2024-09-09 11:35:05,511 [FATAL] Updater:334 - Updater called before beeing initialized
2024-09-09 11:35:05,521 [INFO] DbMcusAds:53 - JSON generation date=Thu May 16 19:22:00 AEST 2024 (1715851320667)
2024-09-09 11:35:05,521 [FATAL] Updater:334 - Updater called before beeing initialized
2024-09-09 11:35:05,598 [WARN] DetailPanel:346 - Failed to get advertising image, set to default
2024-09-09 11:35:05,640 [INFO] ThirdPartyUpdaterWithRetryManager:70 - Updater plugin not ready yet. [2/15]
2024-09-09 11:35:05,674 [FATAL] Updater:334 - Updater called before beeing initialized
2024-09-09 11:35:05,676 [FATAL] Updater:334 - Updater called before beeing initialized
2024-09-09 11:35:05,676 [FATAL] Updater:334 - Updater called before beeing initialized
2024-09-09 11:35:05,676 [WARN] DetailPanel:346 - Failed to get advertising image, set to default
2024-09-09 11:35:05,677 [FATAL] Updater:334 - Updater called before beeing initialized
2024-09-09 11:35:05,738 [ERROR] Updater:1164 - MainUpdater not yet initialized. External WinMGr cannot be set.
2024-09-09 11:35:05,749 [INFO] Updater:1100 - Updater Version found : 6.12.0
2024-09-09 11:35:05,767 [INFO] ApplicationProperties:184 - Using Application install path: D:\stm\STM32CubeIDE_1.16.0\STM32CubeIDE\plugins\com.st.stm32cube.common.mx_6.12.0.202406281431
2024-09-09 11:35:06,085 [INFO] MainUpdater:2873 - connection check result : 10
2024-09-09 11:35:06,085 [INFO] MainUpdater:3567 - Updater definition file requires update
2024-09-09 11:35:06,086 [INFO] MainUpdater:290 - Updater Check For Update Now.
2024-09-09 11:35:06,087 [INFO] MicroXplorer:498 - Change Database Version : DB.6.0.120
2024-09-09 11:35:06,103 [INFO] McuFinderGlobals:63 - Set McuFinder mode to 2 (CubeIDE integrated)
2024-09-09 11:35:06,106 [INFO] ServerAccessManage:473 - Download File updaters.zip
2024-09-09 11:35:06,111 [INFO] UserAuth:417 - Internet connection configuration mode: 1
2024-09-09 11:35:06,158 [INFO] JxBrowserEngine:152 - Initiate JxBrowser Engine with user profile folder
2024-09-09 11:35:06,190 [INFO] FileExtend:240 - Unzip File : updaters.zip
2024-09-09 11:35:06,190 [INFO] FileExtend:255 - Standard Zip Deflate
2024-09-09 11:35:06,854 [INFO] ServerAccessManage:473 - Download File PacksControlFlags.xml
2024-09-09 11:35:06,964 [INFO] ServerAccessManage:473 - Download File cubemx.pidx
2024-09-09 11:35:07,144 [INFO] LoadServerUpdatesThread:375 - End of LoadServerUpdate Thread
2024-09-09 11:35:07,331 [INFO] CheckServerUpdateThread:120 - End of CheckServer Thread
2024-09-09 11:35:08,868 [WARN] PackLoader:240 - Cannot read IP mode file for STMicroelectronics.FP-SNS-MOTENVWB1.1.4.0
2024-09-09 11:35:08,891 [WARN] PackLoader:240 - Cannot read IP mode file for STMicroelectronics.X-CUBE-SMBUS.2.1.0
2024-09-09 11:35:08,935 [WARN] PackLoader:240 - Cannot read IP mode file for STMicroelectronics.X-CUBE-AZRTOS-F7.1.1.0
2024-09-09 11:35:09,028 [WARN] PackLoader:240 - Cannot read IP mode file for STMicroelectronics.X-CUBE-MEMS1.11.0.0
2024-09-09 11:35:09,187 [WARN] PackLoader:240 - Cannot read IP mode file for STMicroelectronics.FP-SNS-FLIGHT1.5.0.2
2024-09-09 11:35:09,207 [WARN] PackLoader:240 - Cannot read IP mode file for STMicroelectronics.X-CUBE-DISPLAY.3.0.0
2024-09-09 11:35:09,225 [WARN] PackLoader:240 - Cannot read IP mode file for STMicroelectronics.X-CUBE-BLE1.7.0.0
2024-09-09 11:35:09,240 [WARN] PackLoader:240 - Cannot read IP mode file for emotas.I-CUBE-CANOPEN.1.3.0
2024-09-09 11:35:09,259 [WARN] PackLoader:240 - Cannot read IP mode file for STMicroelectronics.X-CUBE-BLEMGR.3.1.0
2024-09-09 11:35:09,278 [WARN] PackLoader:240 - Cannot read IP mode file for STMicroelectronics.FP-SNS-SMARTAG2.1.2.0
2024-09-09 11:35:09,300 [INFO] LogOutputStream:77 - [STDOUT_REDIRECT] 1 : Invalid condition id : UX_CORESTACK_Condition cause : null
2024-09-09 11:35:09,301 [INFO] LogOutputStream:77 - [STDOUT_REDIRECT] 1 : Invalid condition id : UX_CORESTACK_Condition cause : null
2024-09-09 11:35:09,302 [INFO] LogOutputStream:77 - [STDOUT_REDIRECT] 1 : Invalid condition id : UX_CORESTACK_Condition cause : null
2024-09-09 11:35:09,303 [INFO] LogOutputStream:77 - [STDOUT_REDIRECT] 1 : Invalid condition id : UX_CORESTACK_Condition cause : null
2024-09-09 11:35:09,304 [INFO] LogOutputStream:77 - [STDOUT_REDIRECT] 1 : Invalid condition id : UX_CORESTACK_Condition cause : null
2024-09-09 11:35:09,308 [WARN] PackLoader:240 - Cannot read IP mode file for STMicroelectronics.X-CUBE-AZRTOS-WL.2.0.0
2024-09-09 11:35:09,325 [WARN] PackLoader:240 - Cannot read IP mode file for STMicroelectronics.FP-SNS-MOTENV1.5.0.0
2024-09-09 11:35:09,340 [WARN] PackLoader:240 - Cannot read IP mode file for wolfSSL.I-CUBE-wolfMQTT.1.19.0
2024-09-09 11:35:09,357 [WARN] PackLoader:240 - Cannot read IP mode file for WES.I-CUBE-Cesium.1.3.0
2024-09-09 11:35:09,370 [WARN] PackLoader:240 - Cannot read IP mode file for STMicroelectronics.X-CUBE-BLE2.3.3.0
2024-09-09 11:35:09,387 [WARN] PackLoader:240 - Cannot read IP mode file for STMicroelectronics.X-CUBE-TCPP.4.1.0
2024-09-09 11:35:09,420 [WARN] PackLoader:240 - Cannot read IP mode file for STMicroelectronics.X-CUBE-AZRTOS-G0.1.1.0
2024-09-09 11:35:09,442 [WARN] PackLoader:240 - Cannot read IP mode file for STMicroelectronics.X-CUBE-SAFEA1.1.2.2
2024-09-09 11:35:09,459 [WARN] PackLoader:240 - Cannot read IP mode file for STMicroelectronics.X-CUBE-NFC4.3.0.0
2024-09-09 11:35:09,483 [WARN] PackLoader:240 - Cannot read IP mode file for EmbeddedOffice.I-CUBE-FS-RTOS.1.0.1
2024-09-09 11:35:09,483 [ERROR] ConditionMgr:805 - Attr not supported : Dmpu
2024-09-09 11:35:09,483 [ERROR] ConditionMgr:805 - Attr not supported : Dmpu
2024-09-09 11:35:09,484 [ERROR] ConditionMgr:805 - Attr not supported : Dmpu
2024-09-09 11:35:09,484 [ERROR] ConditionMgr:805 - Attr not supported : Dmpu
2024-09-09 11:35:09,484 [ERROR] ConditionMgr:805 - Attr not supported : Dmpu
2024-09-09 11:35:09,484 [ERROR] ConditionMgr:805 - Attr not supported : Dmpu
2024-09-09 11:35:09,484 [ERROR] ConditionMgr:805 - Attr not supported : Dmpu
2024-09-09 11:35:09,484 [ERROR] ConditionMgr:805 - Attr not supported : Dmpu
2024-09-09 11:35:09,484 [ERROR] ConditionMgr:805 - Attr not supported : Dmpu
2024-09-09 11:35:09,484 [ERROR] ConditionMgr:805 - Attr not supported : Dmpu
2024-09-09 11:35:09,484 [ERROR] ConditionMgr:805 - Attr not supported : Dmpu
2024-09-09 11:35:09,484 [ERROR] ConditionMgr:805 - Attr not supported : Dmpu
2024-09-09 11:35:09,484 [ERROR] ConditionMgr:805 - Attr not supported : Dmpu
2024-09-09 11:35:09,484 [ERROR] ConditionMgr:805 - Attr not supported : Dmpu
2024-09-09 11:35:09,485 [ERROR] ConditionMgr:805 - Attr not supported : Dmpu
2024-09-09 11:35:09,485 [ERROR] ConditionMgr:805 - Attr not supported : Dmpu
2024-09-09 11:35:09,485 [ERROR] ConditionMgr:805 - Attr not supported : Dmpu
2024-09-09 11:35:09,485 [ERROR] ConditionMgr:805 - Attr not supported : Dmpu
2024-09-09 11:35:09,485 [ERROR] ConditionMgr:805 - Attr not supported : Dmpu
2024-09-09 11:35:09,485 [ERROR] ConditionMgr:805 - Attr not supported : Dmpu
2024-09-09 11:35:09,485 [ERROR] ConditionMgr:805 - Attr not supported : Dmpu
2024-09-09 11:35:09,485 [ERROR] ConditionMgr:805 - Attr not supported : Dmpu
2024-09-09 11:35:09,485 [ERROR] ConditionMgr:805 - Attr not supported : Dmpu
2024-09-09 11:35:09,485 [ERROR] ConditionMgr:805 - Attr not supported : Dmpu
2024-09-09 11:35:09,485 [ERROR] ConditionMgr:805 - Attr not supported : Dmpu
2024-09-09 11:35:09,485 [ERROR] ConditionMgr:805 - Attr not supported : Dmpu
2024-09-09 11:35:09,485 [ERROR] ConditionMgr:805 - Attr not supported : Dmpu
2024-09-09 11:35:09,485 [ERROR] ConditionMgr:805 - Attr not supported : Dmpu
2024-09-09 11:35:09,485 [ERROR] ConditionMgr:805 - Attr not supported : Dmpu
2024-09-09 11:35:09,485 [ERROR] ConditionMgr:805 - Attr not supported : Dmpu
2024-09-09 11:35:09,485 [ERROR] ConditionMgr:805 - Attr not supported : Dmpu
2024-09-09 11:35:09,485 [ERROR] ConditionMgr:805 - Attr not supported : Dmpu
2024-09-09 11:35:09,485 [ERROR] ConditionMgr:805 - Attr not supported : Dmpu
2024-09-09 11:35:09,485 [ERROR] ConditionMgr:805 - Attr not supported : Dmpu
2024-09-09 11:35:09,485 [ERROR] ConditionMgr:805 - Attr not supported : Dmpu
2024-09-09 11:35:09,486 [ERROR] ConditionMgr:805 - Attr not supported : Dmpu
2024-09-09 11:35:09,486 [ERROR] ConditionMgr:805 - Attr not supported : Dmpu
2024-09-09 11:35:09,486 [ERROR] ConditionMgr:805 - Attr not supported : Dmpu
2024-09-09 11:35:09,486 [ERROR] ConditionMgr:805 - Attr not supported : Dmpu
2024-09-09 11:35:09,486 [ERROR] ConditionMgr:805 - Attr not supported : Dmpu
2024-09-09 11:35:09,486 [ERROR] ConditionMgr:805 - Attr not supported : Dmpu
2024-09-09 11:35:09,486 [ERROR] ConditionMgr:805 - Attr not supported : Dmpu
2024-09-09 11:35:09,486 [ERROR] ConditionMgr:805 - Attr not supported : Dmpu
2024-09-09 11:35:09,486 [ERROR] ConditionMgr:805 - Attr not supported : Dmpu
2024-09-09 11:35:09,486 [ERROR] ConditionMgr:805 - Attr not supported : Dmpu
2024-09-09 11:35:09,486 [ERROR] ConditionMgr:805 - Attr not supported : Dmpu
2024-09-09 11:35:09,486 [ERROR] ConditionMgr:805 - Attr not supported : Dmpu
2024-09-09 11:35:09,486 [ERROR] ConditionMgr:805 - Attr not supported : Dmpu
2024-09-09 11:35:09,486 [ERROR] ConditionMgr:805 - Attr not supported : Dmpu
2024-09-09 11:35:09,486 [ERROR] ConditionMgr:805 - Attr not supported : Dmpu
2024-09-09 11:35:09,487 [ERROR] ConditionMgr:805 - Attr not supported : Dmpu
2024-09-09 11:35:09,487 [ERROR] ConditionMgr:805 - Attr not supported : Dmpu
2024-09-09 11:35:09,487 [ERROR] ConditionMgr:805 - Attr not supported : Dmpu
2024-09-09 11:35:09,487 [ERROR] ConditionMgr:805 - Attr not supported : Dmpu
2024-09-09 11:35:09,487 [ERROR] ConditionMgr:805 - Attr not supported : Dmpu
2024-09-09 11:35:09,487 [ERROR] ConditionMgr:805 - Attr not supported : Dmpu
2024-09-09 11:35:09,487 [ERROR] ConditionMgr:805 - Attr not supported : Dmpu
2024-09-09 11:35:09,487 [ERROR] ConditionMgr:805 - Attr not supported : Dmpu
2024-09-09 11:35:09,487 [ERROR] ConditionMgr:805 - Attr not supported : Dmpu
2024-09-09 11:35:09,487 [ERROR] ConditionMgr:805 - Attr not supported : Dmpu
2024-09-09 11:35:09,487 [ERROR] ConditionMgr:805 - Attr not supported : Dmpu
2024-09-09 11:35:09,487 [ERROR] ConditionMgr:805 - Attr not supported : Dmpu
2024-09-09 11:35:09,487 [ERROR] ConditionMgr:805 - Attr not supported : Dmpu
2024-09-09 11:35:09,487 [ERROR] ConditionMgr:805 - Attr not supported : Dmpu
2024-09-09 11:35:09,503 [WARN] PackLoader:240 - Cannot read IP mode file for RealThread.X-CUBE-RT-Thread_Nano.4.1.1
2024-09-09 11:35:09,517 [WARN] PackLoader:240 - Cannot read IP mode file for STMicroelectronics.FP-ATR-SIGFOX1.3.2.0
2024-09-09 11:35:09,531 [WARN] PackLoader:240 - Cannot read IP mode file for wolfSSL.I-CUBE-wolfSSL.5.7.2
2024-09-09 11:35:09,552 [WARN] PackLoader:240 - Cannot read IP mode file for STMicroelectronics.X-CUBE-EEPRMA1.5.1.0
2024-09-09 11:35:09,596 [WARN] PackLoader:240 - Cannot read IP mode file for ITTIA_DB.I-CUBE-ITTIADB.8.9.0
2024-09-09 11:35:09,690 [WARN] PackLoader:240 - Cannot read IP mode file for SEGGER.I-CUBE-embOS.1.3.1
2024-09-09 11:35:09,748 [WARN] PackLoader:240 - Cannot read IP mode file for STMicroelectronics.X-CUBE-ALGOBUILD.1.4.0
2024-09-09 11:35:09,767 [WARN] PackLoader:240 - Cannot read IP mode file for STMicroelectronics.X-CUBE-GNSS1.6.0.0
2024-09-09 11:35:09,808 [WARN] PackLoader:240 - Cannot read IP mode file for STMicroelectronics.X-CUBE-AZRTOS-F4.1.1.0
2024-09-09 11:35:09,834 [WARN] PackLoader:240 - Cannot read IP mode file for STMicroelectronics.X-CUBE-FREERTOS.1.2.0
2024-09-09 11:35:09,879 [WARN] PackLoader:240 - Cannot read IP mode file for STMicroelectronics.X-CUBE-AZRTOS-L5.2.0.0
2024-09-09 11:35:09,911 [WARN] PackLoader:240 - Cannot read IP mode file for STMicroelectronics.X-CUBE-NFC6.3.1.0
2024-09-09 11:35:09,935 [WARN] PackLoader:240 - Cannot read IP mode file for STMicroelectronics.X-CUBE-DPower.1.2.0
2024-09-09 11:35:09,958 [WARN] PackLoader:240 - Cannot read IP mode file for STMicroelectronics.X-CUBE-AI.9.0.0
2024-09-09 11:35:09,978 [WARN] PackLoader:240 - Cannot read IP mode file for STMicroelectronics.X-CUBE-NFC7.1.0.1
2024-09-09 11:35:09,997 [WARN] PackLoader:240 - Cannot read IP mode file for wolfSSL.I-CUBE-wolfTPM.3.2.0
2024-09-09 11:35:10,035 [WARN] ConditionMgr:438 - getConditionDescription Invalid condition id : LAN8742 Phy interface Condition cause : null
2024-09-09 11:35:10,036 [WARN] PackLoader:240 - Cannot read IP mode file for STMicroelectronics.X-CUBE-AZRTOS-L4.2.0.0
2024-09-09 11:35:10,038 [WARN] ConditionMgr:1039 - genDependencies : Invalid condition id : LAN8742 Phy interface Condition cause : null
2024-09-09 11:35:10,038 [WARN] ConditionMgr:1039 - genDependencies : Invalid condition id : LAN8742 Phy interface Condition cause : null
2024-09-09 11:35:10,039 [WARN] ConditionMgr:1039 - genDependencies : Invalid condition id : LAN8742 Phy interface Condition cause : null
2024-09-09 11:35:10,060 [WARN] PackLoader:240 - Cannot read IP mode file for STMicroelectronics.X-CUBE-SFXS2LP1.4.0.0
2024-09-09 11:35:10,100 [WARN] PackLoader:240 - Cannot read IP mode file for STMicroelectronics.X-CUBE-AZRTOS-H7.3.3.0
2024-09-09 11:35:10,131 [WARN] ConditionMgr:438 - getConditionDescription Invalid condition id : UX DEVICE CLASS RTOS Condition cause : null
2024-09-09 11:35:10,131 [WARN] ConditionMgr:438 - getConditionDescription Invalid condition id : UX DEVICE CLASS RTOS Condition cause : null
2024-09-09 11:35:10,133 [WARN] PackLoader:240 - Cannot read IP mode file for STMicroelectronics.X-CUBE-AZRTOS-WB.2.0.0
2024-09-09 11:35:10,134 [WARN] ConditionMgr:1039 - genDependencies : Invalid condition id : UX DEVICE CLASS RTOS Condition cause : null
2024-09-09 11:35:10,134 [WARN] ConditionMgr:1039 - genDependencies : Invalid condition id : UX DEVICE CLASS RTOS Condition cause : null
2024-09-09 11:35:10,134 [WARN] ConditionMgr:1039 - genDependencies : Invalid condition id : UX DEVICE CLASS RTOS Condition cause : null
2024-09-09 11:35:10,135 [WARN] ConditionMgr:1039 - genDependencies : Invalid condition id : UX DEVICE CLASS RTOS Condition cause : null
2024-09-09 11:35:10,135 [WARN] ConditionMgr:1039 - genDependencies : Invalid condition id : UX DEVICE CLASS RTOS Condition cause : null
2024-09-09 11:35:10,156 [WARN] PackLoader:240 - Cannot read IP mode file for STMicroelectronics.FP-SNS-STBOX1.2.0.0
2024-09-09 11:35:10,182 [WARN] PackLoader:240 - Cannot read IP mode file for STMicroelectronics.X-CUBE-SUBG2.5.0.0
2024-09-09 11:35:10,204 [WARN] PackLoader:240 - Cannot read IP mode file for Cesanta.I-CUBE-Mongoose.7.13.0
2024-09-09 11:35:10,233 [WARN] PackLoader:240 - Cannot read IP mode file for STMicroelectronics.X-CUBE-AZRTOS-G4.2.0.0
2024-09-09 11:35:10,235 [INFO] WebApp:167 - Instantiating new browser for Auth
2024-09-09 11:35:10,252 [WARN] PackLoader:240 - Cannot read IP mode file for STMicroelectronics.X-CUBE-ISPU.2.0.0
2024-09-09 11:35:10,280 [WARN] PackLoader:240 - Cannot read IP mode file for STMicroelectronics.X-CUBE-ALS.1.0.2
2024-09-09 11:35:10,355 [WARN] PackLoader:240 - Cannot read IP mode file for STMicroelectronics.X-CUBE-MEMS1.10.0.0
2024-09-09 11:35:10,499 [WARN] PackLoader:240 - Cannot read IP mode file for STMicroelectronics.X-CUBE-TOUCHGFX.4.24.0
2024-09-09 11:35:10,520 [WARN] PackLoader:240 - Cannot read IP mode file for portGmbH.I-Cube-SoM-uGOAL.1.1.0
2024-09-09 11:35:10,560 [WARN] PackLoader:240 - Cannot read IP mode file for STMicroelectronics.X-CUBE-AZRTOS-H7RS.1.0.0
2024-09-09 11:35:10,582 [WARN] PackLoader:240 - Cannot read IP mode file for STMicroelectronics.FP-ATR-ASTRA1.2.0.0
2024-09-09 11:35:10,614 [WARN] PackLoader:240 - Cannot read IP mode file for STMicroelectronics.X-CUBE-TOF1.3.4.2
2024-09-09 11:35:10,653 [WARN] PackLoader:240 - Cannot read IP mode file for STMicroelectronics.X-CUBE-AZRTOS-H7.3.2.0
2024-09-09 11:35:10,679 [WARN] PackLoader:240 - Cannot read IP mode file for Infineon.AIROC-Wi-Fi-Bluetooth-STM32.1.6.0
2024-09-09 11:35:10,696 [WARN] PackLoader:240 - Cannot read IP mode file for wolfSSL.I-CUBE-wolfSSH.1.4.17
2024-09-09 11:35:10,697 [INFO] ThirdParty:978 - Integrity check success = true
2024-09-09 11:35:10,697 [INFO] IntegrityCheckThread:100 - exiting critical section [integrity check]
2024-09-09 11:35:10,697 [INFO] IntegrityCheckThread:103 - End integrity checks thread
2024-09-09 11:35:11,349 [INFO] WebApp:448 - Apply proxy settings
2024-09-09 11:35:11,350 [INFO] WebApp:533 - Chromium requires no authentication
2024-09-09 11:35:11,364 [INFO] WebApp:476 - Direct internet connection detected
2024-09-09 11:35:11,404 [INFO] WebApp:869 - Register for checkConnection events
2024-09-09 11:35:11,405 [INFO] WebApp:448 - Apply proxy settings
2024-09-09 11:35:11,405 [INFO] WebApp:533 - Chromium requires no authentication
2024-09-09 11:35:11,406 [INFO] WebApp:476 - Direct internet connection detected
2024-09-09 11:35:11,641 [INFO] WebApp:220 - Starting web application
2024-09-09 11:35:11,641 [INFO] WebApp:578 - Web application path used D:\stm\STM32CubeIDE_1.16.0\STM32CubeIDE\plugins\com.st.stm32cube.common.mx_6.12.0.202406281431\db\plugins\mcufinder\reactClient1\index.html
2024-09-09 11:35:11,885 [INFO] UserAuth:417 - Internet connection configuration mode: 1
2024-09-09 11:35:11,918 [INFO] WebApp:186 - Connection restablished
2024-09-09 16:30:53,357 [INFO] WebApp:189 - Connection lost
2024-09-09 16:30:53,991 [INFO] WebApp:186 - Connection restablished
2024-09-09 16:58:29,630 [INFO] WebApp:388 - JxBrowser engine has been closed 
