2024-09-18 09:53:54,144 [INFO] Activator:176 - 


2024-09-18 09:53:54,152 [INFO] Activator:177 - !SESSION log4j initialized
2024-09-18 09:54:02,066 [INFO] LogOutputStream:77 - [STDOUT_REDIRECT] 
2024-09-18 09:54:05,508 [INFO] ApplicationProperties:184 - Using Application install path: D:\stm\STM32CubeIDE_1.16.0\STM32CubeIDE\plugins\com.st.stm32cube.common.mx_6.12.0.202406281431
2024-09-18 09:54:05,530 [INFO] DbMcusXml:78 - Set database path to: D:\stm\STM32CubeIDE_1.16.0\STM32CubeIDE\plugins\com.st.stm32cube.common.mx_6.12.0.202406281431\\db\/mcu/
2024-09-18 09:54:05,530 [INFO] ApiDb:274 - Set plugin database path to: D:\stm\STM32CubeIDE_1.16.0\STM32CubeIDE\plugins\com.st.stm32cube.common.mx_6.12.0.202406281431\\db\/plugins/boardmanager/
2024-09-18 09:54:05,531 [WARN] ApiDb:259 - Overriding images path with different value:  => D:\stm\STM32CubeIDE_1.16.0\STM32CubeIDE\plugins\com.st.stm32cube.common.mx_6.12.0.202406281431\\db\/plugins/mcufinder/images/
2024-09-18 09:54:05,546 [INFO] ApiDb:250 - Set database path to: C:\Users\udaya\.stmcufinder\plugins\mcufinder//mcu/
2024-09-18 09:54:05,547 [INFO] DbMcusAds:125 - Set database path to: C:\Users\udaya\.stmcufinder\plugins\mcufinder//mcu/
2024-09-18 09:54:05,551 [INFO] CrossReferenceDbSqlite:203 - Set database path to: C:\Users\udaya\.stmcufinder\plugins\mcufinder//mcu/cs/
2024-09-18 09:54:05,668 [INFO] RulesReader:64 - Compatibility file has been processed (297 Rules)
2024-09-18 09:54:05,752 [INFO] DbMcusXml:78 - Set database path to: D:\stm\STM32CubeIDE_1.16.0\STM32CubeIDE\plugins\com.st.stm32cube.common.mx_6.12.0.202406281431\\db\/mcu/
2024-09-18 09:54:05,752 [INFO] ApiDb:274 - Set plugin database path to: D:\stm\STM32CubeIDE_1.16.0\STM32CubeIDE\plugins\com.st.stm32cube.common.mx_6.12.0.202406281431\\db\/plugins/boardmanager/
2024-09-18 09:54:05,752 [INFO] ApiDb:261 - Set plugin images path to: D:\stm\STM32CubeIDE_1.16.0\STM32CubeIDE\plugins\com.st.stm32cube.common.mx_6.12.0.202406281431\\db\/plugins/mcufinder/images/
2024-09-18 09:54:05,752 [WARN] DbFile:41 - Overriding database path with different value: C:\Users\udaya\.stmcufinder\plugins\mcufinder/ => C:\Users\udaya\.stmcufinder\plugins\mcufinder
2024-09-18 09:54:05,752 [INFO] ApiDb:250 - Set database path to: C:\Users\udaya\.stmcufinder\plugins\mcufinder//mcu/
2024-09-18 09:54:05,752 [WARN] DbFile:41 - Overriding database path with different value: C:\Users\udaya\.stmcufinder\plugins\mcufinder/ => C:\Users\udaya\.stmcufinder\plugins\mcufinder
2024-09-18 09:54:05,752 [INFO] DbMcusAds:125 - Set database path to: C:\Users\udaya\.stmcufinder\plugins\mcufinder//mcu/
2024-09-18 09:54:05,752 [WARN] DbFile:41 - Overriding database path with different value: C:\Users\udaya\.stmcufinder\plugins\mcufinder/ => C:\Users\udaya\.stmcufinder\plugins\mcufinder
2024-09-18 09:54:05,753 [WARN] DbFile:41 - Overriding database path with different value: C:\Users\udaya\.stmcufinder\plugins\mcufinder/ => C:\Users\udaya\.stmcufinder\plugins\mcufinder
2024-09-18 09:54:05,753 [INFO] CrossReferenceDbSqlite:203 - Set database path to: C:\Users\udaya\.stmcufinder\plugins\mcufinder//mcu/cs/
2024-09-18 09:54:05,854 [INFO] MainPanel:268 - HeapMemory: 268435456
2024-09-18 09:54:05,979 [INFO] DbMcusXml:78 - Set database path to: D:\stm\STM32CubeIDE_1.16.0\STM32CubeIDE\plugins\com.st.stm32cube.common.mx_6.12.0.202406281431\\db\/mcu/
2024-09-18 09:54:05,980 [INFO] ApiDb:274 - Set plugin database path to: D:\stm\STM32CubeIDE_1.16.0\STM32CubeIDE\plugins\com.st.stm32cube.common.mx_6.12.0.202406281431\\db\/plugins/boardmanager/
2024-09-18 09:54:05,980 [INFO] ApiDb:261 - Set plugin images path to: D:\stm\STM32CubeIDE_1.16.0\STM32CubeIDE\plugins\com.st.stm32cube.common.mx_6.12.0.202406281431\\db\/plugins/mcufinder/images/
2024-09-18 09:54:05,981 [WARN] DbFile:41 - Overriding database path with different value: C:\Users\udaya\.stmcufinder\plugins\mcufinder/ => C:\Users\udaya\.stmcufinder\plugins\mcufinder
2024-09-18 09:54:05,981 [INFO] ApiDb:250 - Set database path to: C:\Users\udaya\.stmcufinder\plugins\mcufinder//mcu/
2024-09-18 09:54:05,981 [WARN] DbFile:41 - Overriding database path with different value: C:\Users\udaya\.stmcufinder\plugins\mcufinder/ => C:\Users\udaya\.stmcufinder\plugins\mcufinder
2024-09-18 09:54:05,981 [INFO] DbMcusAds:125 - Set database path to: C:\Users\udaya\.stmcufinder\plugins\mcufinder//mcu/
2024-09-18 09:54:05,981 [WARN] DbFile:41 - Overriding database path with different value: C:\Users\udaya\.stmcufinder\plugins\mcufinder/ => C:\Users\udaya\.stmcufinder\plugins\mcufinder
2024-09-18 09:54:05,981 [WARN] DbFile:41 - Overriding database path with different value: C:\Users\udaya\.stmcufinder\plugins\mcufinder/ => C:\Users\udaya\.stmcufinder\plugins\mcufinder
2024-09-18 09:54:05,981 [INFO] CrossReferenceDbSqlite:203 - Set database path to: C:\Users\udaya\.stmcufinder\plugins\mcufinder//mcu/cs/
2024-09-18 09:54:06,002 [INFO] ApplicationProperties:184 - Using Application install path: D:\stm\STM32CubeIDE_1.16.0\STM32CubeIDE\plugins\com.st.stm32cube.common.mx_6.12.0.202406281431
2024-09-18 09:54:06,003 [INFO] PluginManage:196 - Search for loadable plugins [exclusion list=, ]
2024-09-18 09:54:06,005 [INFO] PluginManage:310 - Check plugin analytics
2024-09-18 09:54:06,180 [INFO] AnalyticsPlugin:253 - Accepted Software Licenses: STM32CubeMX.6.12.0
2024-09-18 09:54:06,180 [INFO] AnalyticsPlugin:255 - Accepted CMSIS Pack Licenses: 
2024-09-18 09:54:06,180 [INFO] AnalyticsPlugin:257 - Accepted Firmware Licenses: FW.WB.1.20.0,FW.F4.1.28.0
2024-09-18 09:54:06,184 [INFO] PluginManage:359 - Loaded plugin analytics (category:tool,tabindex:-1)
2024-09-18 09:54:06,185 [INFO] PluginManage:310 - Check plugin cadmodel
2024-09-18 09:54:06,200 [INFO] CADModel:105 - Init CAD model plugin
2024-09-18 09:54:06,200 [INFO] PluginManage:359 - Loaded plugin cadmodel (category:power,tabindex:5)
2024-09-18 09:54:06,201 [INFO] PluginManage:310 - Check plugin clock
2024-09-18 09:54:06,220 [INFO] PluginManage:359 - Loaded plugin clock (category:base,tabindex:2)
2024-09-18 09:54:06,220 [INFO] PluginManage:310 - Check plugin ddr
2024-09-18 09:54:06,223 [INFO] PluginManage:359 - Loaded plugin ddr (category:tool,tabindex:6)
2024-09-18 09:54:06,223 [INFO] PluginManage:310 - Check plugin filemanager
2024-09-18 09:54:06,365 [INFO] PluginManage:359 - Loaded plugin filemanager (category:base,tabindex:10)
2024-09-18 09:54:06,365 [INFO] PluginManage:310 - Check plugin ipmanager
2024-09-18 09:54:06,371 [INFO] PluginManage:359 - Loaded plugin ipmanager (category:base,tabindex:5)
2024-09-18 09:54:06,372 [INFO] PluginManage:310 - Check plugin lpbam
2024-09-18 09:54:06,391 [INFO] PluginManage:359 - Loaded plugin lpbam (category:base,tabindex:0)
2024-09-18 09:54:06,392 [INFO] PluginManage:310 - Check plugin memorymap
2024-09-18 09:54:06,416 [INFO] PluginManage:359 - Loaded plugin memorymap (category:base,tabindex:4)
2024-09-18 09:54:06,416 [INFO] PluginManage:310 - Check plugin pinoutandconfiguration
2024-09-18 09:54:06,434 [INFO] PluginManage:359 - Loaded plugin pinoutandconfiguration (category:base,tabindex:1)
2024-09-18 09:54:06,435 [INFO] PluginManage:310 - Check plugin pinoutconfig
2024-09-18 09:54:06,540 [WARN] SupportedApi:132 - Cannot load RTOS API schema: s4s-elt-must-match.1: The content of 'definitions' must match (annotation?, (simpleType | complexType)?, (unique | key | keyref)*)). A problem was found starting at: attribute.
2024-09-18 09:54:06,681 [INFO] PluginManage:359 - Loaded plugin pinoutconfig (category:base,tabindex:0)
2024-09-18 09:54:06,681 [INFO] PluginManage:310 - Check plugin power
2024-09-18 09:54:06,704 [INFO] PluginManage:359 - Loaded plugin power (category:power,tabindex:4)
2024-09-18 09:54:06,704 [INFO] PluginManage:310 - Check plugin projectmanager
2024-09-18 09:54:06,720 [INFO] PluginManage:359 - Loaded plugin projectmanager (category:projectmanager,tabindex:4)
2024-09-18 09:54:06,720 [INFO] PluginManage:310 - Check plugin rif
2024-09-18 09:54:06,739 [INFO] PluginManage:359 - Loaded plugin rif (category:base,tabindex:3)
2024-09-18 09:54:06,739 [INFO] PluginManage:310 - Check plugin thirdparty
2024-09-18 09:54:07,064 [INFO] PluginManage:359 - Loaded plugin thirdparty (category:base,tabindex:-1)
2024-09-18 09:54:07,065 [INFO] PluginManage:310 - Check plugin tools
2024-09-18 09:54:07,065 [WARN] IntegrityCheckThread:84 - waiting for thirdparty lock release [integrity check]
2024-09-18 09:54:07,065 [INFO] IntegrityCheckThread:86 - entering critical section [integrity check]
2024-09-18 09:54:07,065 [INFO] ThirdPartyUpdaterWithRetryManager:70 - Updater plugin not ready yet. [1/15]
2024-09-18 09:54:07,109 [INFO] PluginManage:359 - Loaded plugin tools (category:base,tabindex:7)
2024-09-18 09:54:07,109 [INFO] PluginManage:310 - Check plugin tutovideos
2024-09-18 09:54:07,354 [INFO] PluginManage:359 - Loaded plugin tutovideos (category:base,tabindex:-1)
2024-09-18 09:54:07,354 [INFO] PluginManage:310 - Check plugin updater
2024-09-18 09:54:07,376 [INFO] PluginManage:359 - Loaded plugin updater (category:base,tabindex:12)
2024-09-18 09:54:07,376 [INFO] PluginManage:310 - Check plugin userauth
2024-09-18 09:54:07,387 [INFO] UserAuth:113 - Init User Auth plugin
2024-09-18 09:54:07,387 [INFO] PluginManage:359 - Loaded plugin userauth (category:base,tabindex:14)
2024-09-18 09:54:07,388 [INFO] PluginManage:283 - PluginManage : Loaded plugins [18]
2024-09-18 09:54:07,695 [INFO] PinOutPanel:1561 - setPackage(No Configuration,No Configuration)
2024-09-18 09:54:07,823 [INFO] CADModel:165 - CPN selected for project level
2024-09-18 09:54:07,823 [INFO] CADModel:114 - Register for checkConnection events
2024-09-18 09:54:07,860 [INFO] IPUIPlugin:80 - create IPUIPlugin
2024-09-18 09:54:07,860 [INFO] PluginManager:220 - loadIPPluginJar : add adc
2024-09-18 09:54:07,912 [INFO] IPUIPlugin:80 - create IPUIPlugin
2024-09-18 09:54:07,912 [INFO] PluginManager:220 - loadIPPluginJar : add aes
2024-09-18 09:54:07,977 [INFO] IPUIPlugin:80 - create IPUIPlugin
2024-09-18 09:54:07,977 [INFO] PluginManager:220 - loadIPPluginJar : add can
2024-09-18 09:54:08,016 [INFO] IPUIPlugin:80 - create IPUIPlugin
2024-09-18 09:54:08,016 [INFO] PluginManager:220 - loadIPPluginJar : add comp
2024-09-18 09:54:08,065 [INFO] IPUIPlugin:80 - create IPUIPlugin
2024-09-18 09:54:08,065 [INFO] PluginManager:220 - loadIPPluginJar : add cryp
2024-09-18 09:54:08,085 [INFO] IPUIPlugin:80 - create IPUIPlugin
2024-09-18 09:54:08,085 [INFO] PluginManager:220 - loadIPPluginJar : add ddr_ctrl_phy
2024-09-18 09:54:08,136 [INFO] IPUIPlugin:80 - create IPUIPlugin
2024-09-18 09:54:08,136 [INFO] PluginManager:220 - loadIPPluginJar : add dfsdm
2024-09-18 09:54:08,160 [INFO] IPUIPlugin:80 - create IPUIPlugin
2024-09-18 09:54:08,161 [INFO] PluginManager:220 - loadIPPluginJar : add dma
2024-09-18 09:54:08,235 [INFO] IPUIPlugin:80 - create IPUIPlugin
2024-09-18 09:54:08,236 [INFO] PluginManager:220 - loadIPPluginJar : add dma3
2024-09-18 09:54:08,324 [INFO] IPUIPlugin:80 - create IPUIPlugin
2024-09-18 09:54:08,324 [INFO] PluginManager:220 - loadIPPluginJar : add extmemmanager
2024-09-18 09:54:08,355 [INFO] IPUIPlugin:80 - create IPUIPlugin
2024-09-18 09:54:08,356 [INFO] PluginManager:220 - loadIPPluginJar : add fatfs
2024-09-18 09:54:08,434 [INFO] IPUIPlugin:80 - create IPUIPlugin
2024-09-18 09:54:08,435 [INFO] PluginManager:220 - loadIPPluginJar : add fmc
2024-09-18 09:54:08,455 [INFO] IPUIPlugin:80 - create IPUIPlugin
2024-09-18 09:54:08,455 [INFO] PluginManager:220 - loadIPPluginJar : add freertos
2024-09-18 09:54:08,486 [INFO] IPUIPlugin:80 - create IPUIPlugin
2024-09-18 09:54:08,486 [INFO] PluginManager:220 - loadIPPluginJar : add genericplugin
2024-09-18 09:54:08,628 [INFO] IPUIPlugin:80 - create IPUIPlugin
2024-09-18 09:54:08,628 [INFO] PluginManager:220 - loadIPPluginJar : add gfxmmu
2024-09-18 09:54:08,784 [INFO] IPUIPlugin:80 - create IPUIPlugin
2024-09-18 09:54:08,785 [INFO] PluginManager:220 - loadIPPluginJar : add gic
2024-09-18 09:54:08,800 [INFO] IPUIPlugin:80 - create IPUIPlugin
2024-09-18 09:54:08,800 [INFO] PluginManager:220 - loadIPPluginJar : add gpio
2024-09-18 09:54:08,906 [INFO] IPUIPlugin:80 - create IPUIPlugin
2024-09-18 09:54:08,907 [INFO] PluginManager:220 - loadIPPluginJar : add gtzc
2024-09-18 09:54:08,943 [INFO] IPUIPlugin:80 - create IPUIPlugin
2024-09-18 09:54:08,943 [INFO] PluginManager:220 - loadIPPluginJar : add hash
2024-09-18 09:54:09,003 [INFO] IPUIPlugin:80 - create IPUIPlugin
2024-09-18 09:54:09,003 [INFO] PluginManager:220 - loadIPPluginJar : add i2c
2024-09-18 09:54:09,052 [INFO] IPUIPlugin:80 - create IPUIPlugin
2024-09-18 09:54:09,052 [INFO] PluginManager:220 - loadIPPluginJar : add i2s
2024-09-18 09:54:09,113 [INFO] IPUIPlugin:80 - create IPUIPlugin
2024-09-18 09:54:09,114 [INFO] PluginManager:220 - loadIPPluginJar : add i3c
2024-09-18 09:54:09,258 [INFO] IPUIPlugin:80 - create IPUIPlugin
2024-09-18 09:54:09,258 [INFO] PluginManager:220 - loadIPPluginJar : add ipddr
2024-09-18 09:54:09,378 [INFO] IPUIPlugin:80 - create IPUIPlugin
2024-09-18 09:54:09,378 [INFO] PluginManager:220 - loadIPPluginJar : add linkedlist
2024-09-18 09:54:09,423 [INFO] IPUIPlugin:80 - create IPUIPlugin
2024-09-18 09:54:09,423 [INFO] PluginManager:220 - loadIPPluginJar : add lorawan
2024-09-18 09:54:09,468 [INFO] IPUIPlugin:80 - create IPUIPlugin
2024-09-18 09:54:09,468 [INFO] PluginManager:220 - loadIPPluginJar : add ltdc
2024-09-18 09:54:09,486 [INFO] IPUIPlugin:80 - create IPUIPlugin
2024-09-18 09:54:09,486 [INFO] PluginManager:220 - loadIPPluginJar : add mdma
2024-09-18 09:54:09,500 [INFO] IPUIPlugin:80 - create IPUIPlugin
2024-09-18 09:54:09,500 [INFO] PluginManager:220 - loadIPPluginJar : add nvic
2024-09-18 09:54:09,542 [INFO] IPUIPlugin:80 - create IPUIPlugin
2024-09-18 09:54:09,542 [INFO] PluginManager:220 - loadIPPluginJar : add opamp
2024-09-18 09:54:09,611 [INFO] IPUIPlugin:80 - create IPUIPlugin
2024-09-18 09:54:09,611 [INFO] PluginManager:220 - loadIPPluginJar : add openamp
2024-09-18 09:54:09,661 [INFO] IPUIPlugin:80 - create IPUIPlugin
2024-09-18 09:54:09,661 [INFO] PluginManager:220 - loadIPPluginJar : add pdm2pcm
2024-09-18 09:54:09,677 [INFO] IPUIPlugin:80 - create IPUIPlugin
2024-09-18 09:54:09,679 [INFO] PluginManager:220 - loadIPPluginJar : add plateformsettings
2024-09-18 09:54:09,703 [INFO] IPUIPlugin:80 - create IPUIPlugin
2024-09-18 09:54:09,703 [INFO] PluginManager:220 - loadIPPluginJar : add quadspi
2024-09-18 09:54:09,733 [INFO] IPUIPlugin:80 - create IPUIPlugin
2024-09-18 09:54:09,734 [INFO] PluginManager:220 - loadIPPluginJar : add radio
2024-09-18 09:54:09,748 [INFO] IPUIPlugin:80 - create IPUIPlugin
2024-09-18 09:54:09,748 [INFO] PluginManager:220 - loadIPPluginJar : add resmgrutility
2024-09-18 09:54:09,799 [INFO] IPUIPlugin:80 - create IPUIPlugin
2024-09-18 09:54:09,799 [INFO] PluginManager:220 - loadIPPluginJar : add sai
2024-09-18 09:54:09,840 [INFO] IPUIPlugin:80 - create IPUIPlugin
2024-09-18 09:54:09,841 [INFO] PluginManager:220 - loadIPPluginJar : add spi
2024-09-18 09:54:09,916 [INFO] IPUIPlugin:80 - create IPUIPlugin
2024-09-18 09:54:09,916 [INFO] PluginManager:220 - loadIPPluginJar : add stm32_wpan
2024-09-18 09:54:09,943 [INFO] IPUIPlugin:80 - create IPUIPlugin
2024-09-18 09:54:09,943 [INFO] PluginManager:220 - loadIPPluginJar : add tim
2024-09-18 09:54:10,010 [INFO] IPUIPlugin:80 - create IPUIPlugin
2024-09-18 09:54:10,010 [INFO] PluginManager:220 - loadIPPluginJar : add touchsensing
2024-09-18 09:54:10,035 [INFO] IPUIPlugin:80 - create IPUIPlugin
2024-09-18 09:54:10,035 [INFO] PluginManager:220 - loadIPPluginJar : add tracer_emb
2024-09-18 09:54:10,061 [INFO] IPUIPlugin:80 - create IPUIPlugin
2024-09-18 09:54:10,061 [INFO] PluginManager:220 - loadIPPluginJar : add ts
2024-09-18 09:54:10,067 [INFO] ThirdPartyUpdaterWithRetryManager:70 - Updater plugin not ready yet. [2/15]
2024-09-18 09:54:10,085 [INFO] IPUIPlugin:80 - create IPUIPlugin
2024-09-18 09:54:10,085 [INFO] PluginManager:220 - loadIPPluginJar : add tsc
2024-09-18 09:54:10,108 [INFO] IPUIPlugin:80 - create IPUIPlugin
2024-09-18 09:54:10,108 [INFO] PluginManager:220 - loadIPPluginJar : add ucpd
2024-09-18 09:54:10,166 [INFO] IPUIPlugin:80 - create IPUIPlugin
2024-09-18 09:54:10,166 [INFO] PluginManager:220 - loadIPPluginJar : add usart
2024-09-18 09:54:10,218 [INFO] IPUIPlugin:80 - create IPUIPlugin
2024-09-18 09:54:10,218 [INFO] PluginManager:220 - loadIPPluginJar : add usbx
2024-09-18 09:54:10,356 [INFO] CADModel:165 - CPN selected for project level
2024-09-18 09:54:10,356 [INFO] CADModel:114 - Register for checkConnection events
2024-09-18 09:54:10,356 [FATAL] Updater:334 - Updater called before beeing initialized
2024-09-18 09:54:10,356 [ERROR] CADModel:125 - Updater not yet initialized, retry later 
2024-09-18 09:54:10,514 [INFO] CADModel:165 - CPN selected for project level
2024-09-18 09:54:10,514 [INFO] CADModel:114 - Register for checkConnection events
2024-09-18 09:54:10,514 [FATAL] Updater:334 - Updater called before beeing initialized
2024-09-18 09:54:10,514 [ERROR] CADModel:125 - Updater not yet initialized, retry later 
2024-09-18 09:54:10,518 [FATAL] Updater:334 - Updater called before beeing initialized
2024-09-18 09:54:10,632 [FATAL] Updater:334 - Updater called before beeing initialized
2024-09-18 09:54:10,646 [INFO] DbMcusAds:53 - JSON generation date=Thu May 16 19:22:00 AEST 2024 (1715851320667)
2024-09-18 09:54:10,646 [FATAL] Updater:334 - Updater called before beeing initialized
2024-09-18 09:54:10,748 [WARN] DetailPanel:346 - Failed to get advertising image, set to default
2024-09-18 09:54:10,835 [FATAL] Updater:334 - Updater called before beeing initialized
2024-09-18 09:54:10,837 [FATAL] Updater:334 - Updater called before beeing initialized
2024-09-18 09:54:10,837 [FATAL] Updater:334 - Updater called before beeing initialized
2024-09-18 09:54:10,837 [WARN] DetailPanel:346 - Failed to get advertising image, set to default
2024-09-18 09:54:10,838 [FATAL] Updater:334 - Updater called before beeing initialized
2024-09-18 09:54:10,897 [ERROR] Updater:1164 - MainUpdater not yet initialized. External WinMGr cannot be set.
2024-09-18 09:54:10,908 [INFO] Updater:1100 - Updater Version found : 6.12.0
2024-09-18 09:54:10,930 [INFO] ApplicationProperties:184 - Using Application install path: D:\stm\STM32CubeIDE_1.16.0\STM32CubeIDE\plugins\com.st.stm32cube.common.mx_6.12.0.202406281431
2024-09-18 09:54:11,264 [INFO] MainUpdater:2873 - connection check result : 10
2024-09-18 09:54:11,266 [INFO] MainUpdater:290 - Updater Check For Update Now.
2024-09-18 09:54:11,266 [INFO] MicroXplorer:498 - Change Database Version : DB.6.0.120
2024-09-18 09:54:11,284 [INFO] McuFinderGlobals:63 - Set McuFinder mode to 2 (CubeIDE integrated)
2024-09-18 09:54:11,292 [INFO] UserAuth:417 - Internet connection configuration mode: 1
2024-09-18 09:54:11,330 [INFO] JxBrowserEngine:152 - Initiate JxBrowser Engine with user profile folder
2024-09-18 09:54:11,487 [INFO] CheckServerUpdateThread:120 - End of CheckServer Thread
2024-09-18 09:54:13,289 [WARN] PackLoader:240 - Cannot read IP mode file for STMicroelectronics.FP-SNS-MOTENVWB1.1.4.0
2024-09-18 09:54:13,311 [WARN] PackLoader:240 - Cannot read IP mode file for STMicroelectronics.X-CUBE-SMBUS.2.1.0
2024-09-18 09:54:13,361 [WARN] PackLoader:240 - Cannot read IP mode file for STMicroelectronics.X-CUBE-AZRTOS-F7.1.1.0
2024-09-18 09:54:13,457 [WARN] PackLoader:240 - Cannot read IP mode file for STMicroelectronics.X-CUBE-MEMS1.11.0.0
2024-09-18 09:54:13,655 [WARN] PackLoader:240 - Cannot read IP mode file for STMicroelectronics.FP-SNS-FLIGHT1.5.0.2
2024-09-18 09:54:13,676 [WARN] PackLoader:240 - Cannot read IP mode file for STMicroelectronics.X-CUBE-DISPLAY.3.0.0
2024-09-18 09:54:13,705 [WARN] PackLoader:240 - Cannot read IP mode file for STMicroelectronics.X-CUBE-BLE1.7.0.0
2024-09-18 09:54:13,728 [WARN] PackLoader:240 - Cannot read IP mode file for emotas.I-CUBE-CANOPEN.1.3.0
2024-09-18 09:54:13,753 [WARN] PackLoader:240 - Cannot read IP mode file for STMicroelectronics.X-CUBE-BLEMGR.3.1.0
2024-09-18 09:54:13,776 [WARN] PackLoader:240 - Cannot read IP mode file for STMicroelectronics.FP-SNS-SMARTAG2.1.2.0
2024-09-18 09:54:13,803 [INFO] LogOutputStream:77 - [STDOUT_REDIRECT] 1 : Invalid condition id : UX_CORESTACK_Condition cause : null
2024-09-18 09:54:13,804 [INFO] LogOutputStream:77 - [STDOUT_REDIRECT] 1 : Invalid condition id : UX_CORESTACK_Condition cause : null
2024-09-18 09:54:13,805 [INFO] LogOutputStream:77 - [STDOUT_REDIRECT] 1 : Invalid condition id : UX_CORESTACK_Condition cause : null
2024-09-18 09:54:13,807 [INFO] LogOutputStream:77 - [STDOUT_REDIRECT] 1 : Invalid condition id : UX_CORESTACK_Condition cause : null
2024-09-18 09:54:13,808 [INFO] LogOutputStream:77 - [STDOUT_REDIRECT] 1 : Invalid condition id : UX_CORESTACK_Condition cause : null
2024-09-18 09:54:13,811 [WARN] PackLoader:240 - Cannot read IP mode file for STMicroelectronics.X-CUBE-AZRTOS-WL.2.0.0
2024-09-18 09:54:13,834 [WARN] PackLoader:240 - Cannot read IP mode file for STMicroelectronics.FP-SNS-MOTENV1.5.0.0
2024-09-18 09:54:13,856 [WARN] PackLoader:240 - Cannot read IP mode file for wolfSSL.I-CUBE-wolfMQTT.1.19.0
2024-09-18 09:54:13,879 [WARN] PackLoader:240 - Cannot read IP mode file for WES.I-CUBE-Cesium.1.3.0
2024-09-18 09:54:13,897 [WARN] PackLoader:240 - Cannot read IP mode file for STMicroelectronics.X-CUBE-BLE2.3.3.0
2024-09-18 09:54:13,915 [WARN] PackLoader:240 - Cannot read IP mode file for STMicroelectronics.X-CUBE-TCPP.4.1.0
2024-09-18 09:54:13,956 [WARN] PackLoader:240 - Cannot read IP mode file for STMicroelectronics.X-CUBE-AZRTOS-G0.1.1.0
2024-09-18 09:54:13,979 [WARN] PackLoader:240 - Cannot read IP mode file for STMicroelectronics.X-CUBE-SAFEA1.1.2.2
2024-09-18 09:54:14,002 [WARN] PackLoader:240 - Cannot read IP mode file for STMicroelectronics.X-CUBE-NFC4.3.0.0
2024-09-18 09:54:14,031 [WARN] PackLoader:240 - Cannot read IP mode file for EmbeddedOffice.I-CUBE-FS-RTOS.1.0.1
2024-09-18 09:54:14,032 [ERROR] ConditionMgr:805 - Attr not supported : Dmpu
2024-09-18 09:54:14,032 [ERROR] ConditionMgr:805 - Attr not supported : Dmpu
2024-09-18 09:54:14,033 [ERROR] ConditionMgr:805 - Attr not supported : Dmpu
2024-09-18 09:54:14,033 [ERROR] ConditionMgr:805 - Attr not supported : Dmpu
2024-09-18 09:54:14,033 [ERROR] ConditionMgr:805 - Attr not supported : Dmpu
2024-09-18 09:54:14,033 [ERROR] ConditionMgr:805 - Attr not supported : Dmpu
2024-09-18 09:54:14,033 [ERROR] ConditionMgr:805 - Attr not supported : Dmpu
2024-09-18 09:54:14,033 [ERROR] ConditionMgr:805 - Attr not supported : Dmpu
2024-09-18 09:54:14,033 [ERROR] ConditionMgr:805 - Attr not supported : Dmpu
2024-09-18 09:54:14,033 [ERROR] ConditionMgr:805 - Attr not supported : Dmpu
2024-09-18 09:54:14,033 [ERROR] ConditionMgr:805 - Attr not supported : Dmpu
2024-09-18 09:54:14,033 [ERROR] ConditionMgr:805 - Attr not supported : Dmpu
2024-09-18 09:54:14,033 [ERROR] ConditionMgr:805 - Attr not supported : Dmpu
2024-09-18 09:54:14,034 [ERROR] ConditionMgr:805 - Attr not supported : Dmpu
2024-09-18 09:54:14,034 [ERROR] ConditionMgr:805 - Attr not supported : Dmpu
2024-09-18 09:54:14,034 [ERROR] ConditionMgr:805 - Attr not supported : Dmpu
2024-09-18 09:54:14,034 [ERROR] ConditionMgr:805 - Attr not supported : Dmpu
2024-09-18 09:54:14,034 [ERROR] ConditionMgr:805 - Attr not supported : Dmpu
2024-09-18 09:54:14,034 [ERROR] ConditionMgr:805 - Attr not supported : Dmpu
2024-09-18 09:54:14,034 [ERROR] ConditionMgr:805 - Attr not supported : Dmpu
2024-09-18 09:54:14,034 [ERROR] ConditionMgr:805 - Attr not supported : Dmpu
2024-09-18 09:54:14,034 [ERROR] ConditionMgr:805 - Attr not supported : Dmpu
2024-09-18 09:54:14,034 [ERROR] ConditionMgr:805 - Attr not supported : Dmpu
2024-09-18 09:54:14,034 [ERROR] ConditionMgr:805 - Attr not supported : Dmpu
2024-09-18 09:54:14,034 [ERROR] ConditionMgr:805 - Attr not supported : Dmpu
2024-09-18 09:54:14,034 [ERROR] ConditionMgr:805 - Attr not supported : Dmpu
2024-09-18 09:54:14,034 [ERROR] ConditionMgr:805 - Attr not supported : Dmpu
2024-09-18 09:54:14,035 [ERROR] ConditionMgr:805 - Attr not supported : Dmpu
2024-09-18 09:54:14,035 [ERROR] ConditionMgr:805 - Attr not supported : Dmpu
2024-09-18 09:54:14,035 [ERROR] ConditionMgr:805 - Attr not supported : Dmpu
2024-09-18 09:54:14,035 [ERROR] ConditionMgr:805 - Attr not supported : Dmpu
2024-09-18 09:54:14,035 [ERROR] ConditionMgr:805 - Attr not supported : Dmpu
2024-09-18 09:54:14,035 [ERROR] ConditionMgr:805 - Attr not supported : Dmpu
2024-09-18 09:54:14,035 [ERROR] ConditionMgr:805 - Attr not supported : Dmpu
2024-09-18 09:54:14,035 [ERROR] ConditionMgr:805 - Attr not supported : Dmpu
2024-09-18 09:54:14,035 [ERROR] ConditionMgr:805 - Attr not supported : Dmpu
2024-09-18 09:54:14,036 [ERROR] ConditionMgr:805 - Attr not supported : Dmpu
2024-09-18 09:54:14,036 [ERROR] ConditionMgr:805 - Attr not supported : Dmpu
2024-09-18 09:54:14,036 [ERROR] ConditionMgr:805 - Attr not supported : Dmpu
2024-09-18 09:54:14,036 [ERROR] ConditionMgr:805 - Attr not supported : Dmpu
2024-09-18 09:54:14,036 [ERROR] ConditionMgr:805 - Attr not supported : Dmpu
2024-09-18 09:54:14,036 [ERROR] ConditionMgr:805 - Attr not supported : Dmpu
2024-09-18 09:54:14,036 [ERROR] ConditionMgr:805 - Attr not supported : Dmpu
2024-09-18 09:54:14,036 [ERROR] ConditionMgr:805 - Attr not supported : Dmpu
2024-09-18 09:54:14,036 [ERROR] ConditionMgr:805 - Attr not supported : Dmpu
2024-09-18 09:54:14,036 [ERROR] ConditionMgr:805 - Attr not supported : Dmpu
2024-09-18 09:54:14,037 [ERROR] ConditionMgr:805 - Attr not supported : Dmpu
2024-09-18 09:54:14,037 [ERROR] ConditionMgr:805 - Attr not supported : Dmpu
2024-09-18 09:54:14,037 [ERROR] ConditionMgr:805 - Attr not supported : Dmpu
2024-09-18 09:54:14,037 [ERROR] ConditionMgr:805 - Attr not supported : Dmpu
2024-09-18 09:54:14,037 [ERROR] ConditionMgr:805 - Attr not supported : Dmpu
2024-09-18 09:54:14,037 [ERROR] ConditionMgr:805 - Attr not supported : Dmpu
2024-09-18 09:54:14,037 [ERROR] ConditionMgr:805 - Attr not supported : Dmpu
2024-09-18 09:54:14,037 [ERROR] ConditionMgr:805 - Attr not supported : Dmpu
2024-09-18 09:54:14,037 [ERROR] ConditionMgr:805 - Attr not supported : Dmpu
2024-09-18 09:54:14,037 [ERROR] ConditionMgr:805 - Attr not supported : Dmpu
2024-09-18 09:54:14,037 [ERROR] ConditionMgr:805 - Attr not supported : Dmpu
2024-09-18 09:54:14,038 [ERROR] ConditionMgr:805 - Attr not supported : Dmpu
2024-09-18 09:54:14,038 [ERROR] ConditionMgr:805 - Attr not supported : Dmpu
2024-09-18 09:54:14,038 [ERROR] ConditionMgr:805 - Attr not supported : Dmpu
2024-09-18 09:54:14,038 [ERROR] ConditionMgr:805 - Attr not supported : Dmpu
2024-09-18 09:54:14,038 [ERROR] ConditionMgr:805 - Attr not supported : Dmpu
2024-09-18 09:54:14,038 [ERROR] ConditionMgr:805 - Attr not supported : Dmpu
2024-09-18 09:54:14,038 [ERROR] ConditionMgr:805 - Attr not supported : Dmpu
2024-09-18 09:54:14,057 [WARN] PackLoader:240 - Cannot read IP mode file for RealThread.X-CUBE-RT-Thread_Nano.4.1.1
2024-09-18 09:54:14,075 [WARN] PackLoader:240 - Cannot read IP mode file for STMicroelectronics.FP-ATR-SIGFOX1.3.2.0
2024-09-18 09:54:14,089 [WARN] PackLoader:240 - Cannot read IP mode file for wolfSSL.I-CUBE-wolfSSL.5.7.2
2024-09-18 09:54:14,105 [WARN] PackLoader:240 - Cannot read IP mode file for STMicroelectronics.X-CUBE-EEPRMA1.5.1.0
2024-09-18 09:54:14,125 [WARN] PackLoader:240 - Cannot read IP mode file for ITTIA_DB.I-CUBE-ITTIADB.8.9.0
2024-09-18 09:54:14,169 [WARN] PackLoader:240 - Cannot read IP mode file for SEGGER.I-CUBE-embOS.1.3.1
2024-09-18 09:54:14,236 [WARN] PackLoader:240 - Cannot read IP mode file for STMicroelectronics.X-CUBE-ALGOBUILD.1.4.0
2024-09-18 09:54:14,254 [WARN] PackLoader:240 - Cannot read IP mode file for STMicroelectronics.X-CUBE-GNSS1.6.0.0
2024-09-18 09:54:14,289 [WARN] PackLoader:240 - Cannot read IP mode file for STMicroelectronics.X-CUBE-AZRTOS-F4.1.1.0
2024-09-18 09:54:14,313 [WARN] PackLoader:240 - Cannot read IP mode file for STMicroelectronics.X-CUBE-FREERTOS.1.2.0
2024-09-18 09:54:14,353 [WARN] PackLoader:240 - Cannot read IP mode file for STMicroelectronics.X-CUBE-AZRTOS-L5.2.0.0
2024-09-18 09:54:14,378 [WARN] PackLoader:240 - Cannot read IP mode file for STMicroelectronics.X-CUBE-NFC6.3.1.0
2024-09-18 09:54:14,408 [WARN] PackLoader:240 - Cannot read IP mode file for STMicroelectronics.X-CUBE-DPower.1.2.0
2024-09-18 09:54:14,432 [WARN] PackLoader:240 - Cannot read IP mode file for STMicroelectronics.X-CUBE-AI.9.0.0
2024-09-18 09:54:14,456 [WARN] PackLoader:240 - Cannot read IP mode file for STMicroelectronics.X-CUBE-NFC7.1.0.1
2024-09-18 09:54:14,476 [WARN] PackLoader:240 - Cannot read IP mode file for wolfSSL.I-CUBE-wolfTPM.3.2.0
2024-09-18 09:54:14,527 [WARN] ConditionMgr:438 - getConditionDescription Invalid condition id : LAN8742 Phy interface Condition cause : null
2024-09-18 09:54:14,528 [WARN] PackLoader:240 - Cannot read IP mode file for STMicroelectronics.X-CUBE-AZRTOS-L4.2.0.0
2024-09-18 09:54:14,530 [WARN] ConditionMgr:1039 - genDependencies : Invalid condition id : LAN8742 Phy interface Condition cause : null
2024-09-18 09:54:14,531 [WARN] ConditionMgr:1039 - genDependencies : Invalid condition id : LAN8742 Phy interface Condition cause : null
2024-09-18 09:54:14,532 [WARN] ConditionMgr:1039 - genDependencies : Invalid condition id : LAN8742 Phy interface Condition cause : null
2024-09-18 09:54:14,557 [WARN] PackLoader:240 - Cannot read IP mode file for STMicroelectronics.X-CUBE-SFXS2LP1.4.0.0
2024-09-18 09:54:14,623 [WARN] PackLoader:240 - Cannot read IP mode file for STMicroelectronics.X-CUBE-AZRTOS-H7.3.3.0
2024-09-18 09:54:14,668 [WARN] ConditionMgr:438 - getConditionDescription Invalid condition id : UX DEVICE CLASS RTOS Condition cause : null
2024-09-18 09:54:14,669 [WARN] ConditionMgr:438 - getConditionDescription Invalid condition id : UX DEVICE CLASS RTOS Condition cause : null
2024-09-18 09:54:14,672 [WARN] PackLoader:240 - Cannot read IP mode file for STMicroelectronics.X-CUBE-AZRTOS-WB.2.0.0
2024-09-18 09:54:14,673 [WARN] ConditionMgr:1039 - genDependencies : Invalid condition id : UX DEVICE CLASS RTOS Condition cause : null
2024-09-18 09:54:14,674 [WARN] ConditionMgr:1039 - genDependencies : Invalid condition id : UX DEVICE CLASS RTOS Condition cause : null
2024-09-18 09:54:14,675 [WARN] ConditionMgr:1039 - genDependencies : Invalid condition id : UX DEVICE CLASS RTOS Condition cause : null
2024-09-18 09:54:14,675 [WARN] ConditionMgr:1039 - genDependencies : Invalid condition id : UX DEVICE CLASS RTOS Condition cause : null
2024-09-18 09:54:14,675 [WARN] ConditionMgr:1039 - genDependencies : Invalid condition id : UX DEVICE CLASS RTOS Condition cause : null
2024-09-18 09:54:14,701 [WARN] PackLoader:240 - Cannot read IP mode file for STMicroelectronics.X-CUBE-GNSS1.7.0.0
2024-09-18 09:54:14,729 [WARN] PackLoader:240 - Cannot read IP mode file for STMicroelectronics.FP-SNS-STBOX1.2.0.0
2024-09-18 09:54:14,774 [WARN] PackLoader:240 - Cannot read IP mode file for STMicroelectronics.X-CUBE-SUBG2.5.0.0
2024-09-18 09:54:14,800 [WARN] PackLoader:240 - Cannot read IP mode file for Cesanta.I-CUBE-Mongoose.7.13.0
2024-09-18 09:54:14,844 [WARN] PackLoader:240 - Cannot read IP mode file for STMicroelectronics.X-CUBE-AZRTOS-G4.2.0.0
2024-09-18 09:54:14,868 [WARN] PackLoader:240 - Cannot read IP mode file for STMicroelectronics.X-CUBE-ISPU.2.0.0
2024-09-18 09:54:14,890 [WARN] PackLoader:240 - Cannot read IP mode file for STMicroelectronics.X-CUBE-ALS.1.0.2
2024-09-18 09:54:14,950 [WARN] PackLoader:240 - Cannot read IP mode file for STMicroelectronics.X-CUBE-MEMS1.10.0.0
2024-09-18 09:54:15,117 [WARN] PackLoader:240 - Cannot read IP mode file for STMicroelectronics.X-CUBE-TOUCHGFX.4.24.0
2024-09-18 09:54:15,145 [WARN] PackLoader:240 - Cannot read IP mode file for portGmbH.I-Cube-SoM-uGOAL.1.1.0
2024-09-18 09:54:15,193 [WARN] PackLoader:240 - Cannot read IP mode file for STMicroelectronics.X-CUBE-AZRTOS-H7RS.1.0.0
2024-09-18 09:54:15,219 [WARN] PackLoader:240 - Cannot read IP mode file for STMicroelectronics.FP-ATR-ASTRA1.2.0.0
2024-09-18 09:54:15,250 [WARN] PackLoader:240 - Cannot read IP mode file for STMicroelectronics.X-CUBE-TOF1.3.4.2
2024-09-18 09:54:15,303 [WARN] PackLoader:240 - Cannot read IP mode file for STMicroelectronics.X-CUBE-AZRTOS-H7.3.2.0
2024-09-18 09:54:15,337 [WARN] PackLoader:240 - Cannot read IP mode file for Infineon.AIROC-Wi-Fi-Bluetooth-STM32.1.6.0
2024-09-18 09:54:15,360 [WARN] PackLoader:240 - Cannot read IP mode file for wolfSSL.I-CUBE-wolfSSH.1.4.17
2024-09-18 09:54:15,361 [INFO] ThirdParty:978 - Integrity check success = true
2024-09-18 09:54:15,361 [INFO] IntegrityCheckThread:100 - exiting critical section [integrity check]
2024-09-18 09:54:15,361 [INFO] IntegrityCheckThread:103 - End integrity checks thread
2024-09-18 09:54:15,503 [INFO] WebApp:167 - Instantiating new browser for Auth
2024-09-18 09:54:16,773 [INFO] WebApp:448 - Apply proxy settings
2024-09-18 09:54:16,773 [INFO] WebApp:533 - Chromium requires no authentication
2024-09-18 09:54:16,793 [INFO] WebApp:476 - Direct internet connection detected
2024-09-18 09:54:16,842 [INFO] WebApp:869 - Register for checkConnection events
2024-09-18 09:54:16,842 [INFO] WebApp:448 - Apply proxy settings
2024-09-18 09:54:16,842 [INFO] WebApp:533 - Chromium requires no authentication
2024-09-18 09:54:16,843 [INFO] WebApp:476 - Direct internet connection detected
2024-09-18 09:54:17,266 [INFO] WebApp:186 - Connection restablished
2024-09-18 09:54:17,416 [INFO] WebApp:220 - Starting web application
2024-09-18 09:54:17,417 [INFO] WebApp:578 - Web application path used D:\stm\STM32CubeIDE_1.16.0\STM32CubeIDE\plugins\com.st.stm32cube.common.mx_6.12.0.202406281431\db\plugins\mcufinder\reactClient1\index.html
2024-09-18 09:54:17,613 [INFO] UserAuth:417 - Internet connection configuration mode: 1
2024-09-18 09:56:29,080 [INFO] WebApp:189 - Connection lost
2024-09-18 09:56:29,387 [INFO] WebApp:186 - Connection restablished
2024-09-18 09:56:35,815 [INFO] WebApp:189 - Connection lost
2024-09-18 09:56:36,026 [INFO] WebApp:186 - Connection restablished
2024-09-18 10:00:11,134 [INFO] WebApp:189 - Connection lost
2024-09-18 10:00:11,499 [INFO] WebApp:186 - Connection restablished
2024-09-18 10:00:18,327 [INFO] WebApp:189 - Connection lost
2024-09-18 10:00:18,563 [INFO] WebApp:186 - Connection restablished
2024-09-18 10:30:37,456 [INFO] WebApp:189 - Connection lost
2024-09-18 10:37:03,178 [ERROR] ConfigurationRetriever:142 - IOException on connection: sw-center.st.com
2024-09-18 10:37:03,179 [ERROR] ConfigurationRetriever:142 - IOException on connection: sw-center.st.com
2024-09-18 10:37:03,180 [ERROR] ConfigurationRetriever:142 - IOException on connection: sw-center.st.com
2024-09-18 10:37:03,423 [ERROR] ConfigurationRetriever:142 - IOException on connection: sw-center.st.com
2024-09-18 10:37:03,425 [ERROR] ConfigurationRetriever:142 - IOException on connection: sw-center.st.com
2024-09-18 10:37:03,427 [ERROR] ConfigurationRetriever:142 - IOException on connection: sw-center.st.com
2024-09-18 12:35:29,656 [INFO] WebApp:186 - Connection restablished
2024-09-18 12:35:33,319 [INFO] WebApp:189 - Connection lost
2024-09-18 12:35:33,691 [INFO] WebApp:186 - Connection restablished
2024-09-18 12:35:43,829 [INFO] WebApp:189 - Connection lost
2024-09-18 12:35:44,089 [INFO] WebApp:186 - Connection restablished
2024-09-18 13:19:01,298 [INFO] WebApp:189 - Connection lost
2024-09-18 13:19:01,717 [INFO] WebApp:186 - Connection restablished
2024-09-18 13:19:04,875 [INFO] WebApp:189 - Connection lost
2024-09-18 13:19:05,160 [INFO] WebApp:186 - Connection restablished
2024-09-18 13:19:07,843 [INFO] WebApp:189 - Connection lost
2024-09-18 13:19:08,259 [INFO] WebApp:186 - Connection restablished
2024-09-18 13:26:35,045 [INFO] Activator:176 - 


2024-09-18 13:26:35,048 [INFO] Activator:177 - !SESSION log4j initialized
2024-09-18 13:26:43,411 [INFO] LogOutputStream:77 - [STDOUT_REDIRECT] 
2024-09-18 13:26:46,377 [INFO] ApplicationProperties:184 - Using Application install path: D:\stm\STM32CubeIDE_1.16.0\STM32CubeIDE\plugins\com.st.stm32cube.common.mx_6.12.0.202406281431
2024-09-18 13:26:46,396 [INFO] DbMcusXml:78 - Set database path to: D:\stm\STM32CubeIDE_1.16.0\STM32CubeIDE\plugins\com.st.stm32cube.common.mx_6.12.0.202406281431\\db\/mcu/
2024-09-18 13:26:46,397 [INFO] ApiDb:274 - Set plugin database path to: D:\stm\STM32CubeIDE_1.16.0\STM32CubeIDE\plugins\com.st.stm32cube.common.mx_6.12.0.202406281431\\db\/plugins/boardmanager/
2024-09-18 13:26:46,397 [WARN] ApiDb:259 - Overriding images path with different value:  => D:\stm\STM32CubeIDE_1.16.0\STM32CubeIDE\plugins\com.st.stm32cube.common.mx_6.12.0.202406281431\\db\/plugins/mcufinder/images/
2024-09-18 13:26:46,412 [INFO] ApiDb:250 - Set database path to: C:\Users\udaya\.stmcufinder\plugins\mcufinder//mcu/
2024-09-18 13:26:46,414 [INFO] DbMcusAds:125 - Set database path to: C:\Users\udaya\.stmcufinder\plugins\mcufinder//mcu/
2024-09-18 13:26:46,417 [INFO] CrossReferenceDbSqlite:203 - Set database path to: C:\Users\udaya\.stmcufinder\plugins\mcufinder//mcu/cs/
2024-09-18 13:26:46,540 [INFO] RulesReader:64 - Compatibility file has been processed (297 Rules)
2024-09-18 13:26:46,619 [INFO] DbMcusXml:78 - Set database path to: D:\stm\STM32CubeIDE_1.16.0\STM32CubeIDE\plugins\com.st.stm32cube.common.mx_6.12.0.202406281431\\db\/mcu/
2024-09-18 13:26:46,619 [INFO] ApiDb:274 - Set plugin database path to: D:\stm\STM32CubeIDE_1.16.0\STM32CubeIDE\plugins\com.st.stm32cube.common.mx_6.12.0.202406281431\\db\/plugins/boardmanager/
2024-09-18 13:26:46,619 [INFO] ApiDb:261 - Set plugin images path to: D:\stm\STM32CubeIDE_1.16.0\STM32CubeIDE\plugins\com.st.stm32cube.common.mx_6.12.0.202406281431\\db\/plugins/mcufinder/images/
2024-09-18 13:26:46,619 [WARN] DbFile:41 - Overriding database path with different value: C:\Users\udaya\.stmcufinder\plugins\mcufinder/ => C:\Users\udaya\.stmcufinder\plugins\mcufinder
2024-09-18 13:26:46,620 [INFO] ApiDb:250 - Set database path to: C:\Users\udaya\.stmcufinder\plugins\mcufinder//mcu/
2024-09-18 13:26:46,620 [WARN] DbFile:41 - Overriding database path with different value: C:\Users\udaya\.stmcufinder\plugins\mcufinder/ => C:\Users\udaya\.stmcufinder\plugins\mcufinder
2024-09-18 13:26:46,620 [INFO] DbMcusAds:125 - Set database path to: C:\Users\udaya\.stmcufinder\plugins\mcufinder//mcu/
2024-09-18 13:26:46,620 [WARN] DbFile:41 - Overriding database path with different value: C:\Users\udaya\.stmcufinder\plugins\mcufinder/ => C:\Users\udaya\.stmcufinder\plugins\mcufinder
2024-09-18 13:26:46,620 [WARN] DbFile:41 - Overriding database path with different value: C:\Users\udaya\.stmcufinder\plugins\mcufinder/ => C:\Users\udaya\.stmcufinder\plugins\mcufinder
2024-09-18 13:26:46,620 [INFO] CrossReferenceDbSqlite:203 - Set database path to: C:\Users\udaya\.stmcufinder\plugins\mcufinder//mcu/cs/
2024-09-18 13:26:46,714 [INFO] MainPanel:268 - HeapMemory: 268435456
2024-09-18 13:26:46,821 [INFO] DbMcusXml:78 - Set database path to: D:\stm\STM32CubeIDE_1.16.0\STM32CubeIDE\plugins\com.st.stm32cube.common.mx_6.12.0.202406281431\\db\/mcu/
2024-09-18 13:26:46,821 [INFO] ApiDb:274 - Set plugin database path to: D:\stm\STM32CubeIDE_1.16.0\STM32CubeIDE\plugins\com.st.stm32cube.common.mx_6.12.0.202406281431\\db\/plugins/boardmanager/
2024-09-18 13:26:46,821 [INFO] ApiDb:261 - Set plugin images path to: D:\stm\STM32CubeIDE_1.16.0\STM32CubeIDE\plugins\com.st.stm32cube.common.mx_6.12.0.202406281431\\db\/plugins/mcufinder/images/
2024-09-18 13:26:46,822 [WARN] DbFile:41 - Overriding database path with different value: C:\Users\udaya\.stmcufinder\plugins\mcufinder/ => C:\Users\udaya\.stmcufinder\plugins\mcufinder
2024-09-18 13:26:46,822 [INFO] ApiDb:250 - Set database path to: C:\Users\udaya\.stmcufinder\plugins\mcufinder//mcu/
2024-09-18 13:26:46,822 [WARN] DbFile:41 - Overriding database path with different value: C:\Users\udaya\.stmcufinder\plugins\mcufinder/ => C:\Users\udaya\.stmcufinder\plugins\mcufinder
2024-09-18 13:26:46,822 [INFO] DbMcusAds:125 - Set database path to: C:\Users\udaya\.stmcufinder\plugins\mcufinder//mcu/
2024-09-18 13:26:46,822 [WARN] DbFile:41 - Overriding database path with different value: C:\Users\udaya\.stmcufinder\plugins\mcufinder/ => C:\Users\udaya\.stmcufinder\plugins\mcufinder
2024-09-18 13:26:46,822 [WARN] DbFile:41 - Overriding database path with different value: C:\Users\udaya\.stmcufinder\plugins\mcufinder/ => C:\Users\udaya\.stmcufinder\plugins\mcufinder
2024-09-18 13:26:46,822 [INFO] CrossReferenceDbSqlite:203 - Set database path to: C:\Users\udaya\.stmcufinder\plugins\mcufinder//mcu/cs/
2024-09-18 13:26:46,840 [INFO] ApplicationProperties:184 - Using Application install path: D:\stm\STM32CubeIDE_1.16.0\STM32CubeIDE\plugins\com.st.stm32cube.common.mx_6.12.0.202406281431
2024-09-18 13:26:46,842 [INFO] PluginManage:196 - Search for loadable plugins [exclusion list=, ]
2024-09-18 13:26:46,844 [INFO] PluginManage:310 - Check plugin analytics
2024-09-18 13:26:47,004 [INFO] AnalyticsPlugin:253 - Accepted Software Licenses: STM32CubeMX.6.12.0
2024-09-18 13:26:47,004 [INFO] AnalyticsPlugin:255 - Accepted CMSIS Pack Licenses: 
2024-09-18 13:26:47,005 [INFO] AnalyticsPlugin:257 - Accepted Firmware Licenses: FW.WB.1.20.0,FW.F4.1.28.0
2024-09-18 13:26:47,006 [INFO] PluginManage:359 - Loaded plugin analytics (category:tool,tabindex:-1)
2024-09-18 13:26:47,007 [INFO] PluginManage:310 - Check plugin cadmodel
2024-09-18 13:26:47,021 [INFO] CADModel:105 - Init CAD model plugin
2024-09-18 13:26:47,021 [INFO] PluginManage:359 - Loaded plugin cadmodel (category:power,tabindex:5)
2024-09-18 13:26:47,021 [INFO] PluginManage:310 - Check plugin clock
2024-09-18 13:26:47,040 [INFO] PluginManage:359 - Loaded plugin clock (category:base,tabindex:2)
2024-09-18 13:26:47,041 [INFO] PluginManage:310 - Check plugin ddr
2024-09-18 13:26:47,043 [INFO] PluginManage:359 - Loaded plugin ddr (category:tool,tabindex:6)
2024-09-18 13:26:47,043 [INFO] PluginManage:310 - Check plugin filemanager
2024-09-18 13:26:47,192 [INFO] PluginManage:359 - Loaded plugin filemanager (category:base,tabindex:10)
2024-09-18 13:26:47,193 [INFO] PluginManage:310 - Check plugin ipmanager
2024-09-18 13:26:47,200 [INFO] PluginManage:359 - Loaded plugin ipmanager (category:base,tabindex:5)
2024-09-18 13:26:47,200 [INFO] PluginManage:310 - Check plugin lpbam
2024-09-18 13:26:47,219 [INFO] PluginManage:359 - Loaded plugin lpbam (category:base,tabindex:0)
2024-09-18 13:26:47,219 [INFO] PluginManage:310 - Check plugin memorymap
2024-09-18 13:26:47,242 [INFO] PluginManage:359 - Loaded plugin memorymap (category:base,tabindex:4)
2024-09-18 13:26:47,242 [INFO] PluginManage:310 - Check plugin pinoutandconfiguration
2024-09-18 13:26:47,259 [INFO] PluginManage:359 - Loaded plugin pinoutandconfiguration (category:base,tabindex:1)
2024-09-18 13:26:47,259 [INFO] PluginManage:310 - Check plugin pinoutconfig
2024-09-18 13:26:47,373 [WARN] SupportedApi:132 - Cannot load RTOS API schema: s4s-elt-must-match.1: The content of 'definitions' must match (annotation?, (simpleType | complexType)?, (unique | key | keyref)*)). A problem was found starting at: attribute.
2024-09-18 13:26:47,518 [INFO] PluginManage:359 - Loaded plugin pinoutconfig (category:base,tabindex:0)
2024-09-18 13:26:47,518 [INFO] PluginManage:310 - Check plugin power
2024-09-18 13:26:47,538 [INFO] PluginManage:359 - Loaded plugin power (category:power,tabindex:4)
2024-09-18 13:26:47,538 [INFO] PluginManage:310 - Check plugin projectmanager
2024-09-18 13:26:47,554 [INFO] PluginManage:359 - Loaded plugin projectmanager (category:projectmanager,tabindex:4)
2024-09-18 13:26:47,554 [INFO] PluginManage:310 - Check plugin rif
2024-09-18 13:26:47,569 [INFO] PluginManage:359 - Loaded plugin rif (category:base,tabindex:3)
2024-09-18 13:26:47,569 [INFO] PluginManage:310 - Check plugin thirdparty
2024-09-18 13:26:47,852 [INFO] PluginManage:359 - Loaded plugin thirdparty (category:base,tabindex:-1)
2024-09-18 13:26:47,853 [INFO] PluginManage:310 - Check plugin tools
2024-09-18 13:26:47,852 [WARN] IntegrityCheckThread:84 - waiting for thirdparty lock release [integrity check]
2024-09-18 13:26:47,853 [INFO] IntegrityCheckThread:86 - entering critical section [integrity check]
2024-09-18 13:26:47,854 [INFO] ThirdPartyUpdaterWithRetryManager:70 - Updater plugin not ready yet. [1/15]
2024-09-18 13:26:47,890 [INFO] PluginManage:359 - Loaded plugin tools (category:base,tabindex:7)
2024-09-18 13:26:47,890 [INFO] PluginManage:310 - Check plugin tutovideos
2024-09-18 13:26:48,085 [INFO] PluginManage:359 - Loaded plugin tutovideos (category:base,tabindex:-1)
2024-09-18 13:26:48,085 [INFO] PluginManage:310 - Check plugin updater
2024-09-18 13:26:48,102 [INFO] PluginManage:359 - Loaded plugin updater (category:base,tabindex:12)
2024-09-18 13:26:48,102 [INFO] PluginManage:310 - Check plugin userauth
2024-09-18 13:26:48,108 [INFO] UserAuth:113 - Init User Auth plugin
2024-09-18 13:26:48,108 [INFO] PluginManage:359 - Loaded plugin userauth (category:base,tabindex:14)
2024-09-18 13:26:48,108 [INFO] PluginManage:283 - PluginManage : Loaded plugins [18]
2024-09-18 13:26:48,329 [INFO] PinOutPanel:1561 - setPackage(No Configuration,No Configuration)
2024-09-18 13:26:48,414 [INFO] CADModel:165 - CPN selected for project level
2024-09-18 13:26:48,414 [INFO] CADModel:114 - Register for checkConnection events
2024-09-18 13:26:48,443 [INFO] IPUIPlugin:80 - create IPUIPlugin
2024-09-18 13:26:48,444 [INFO] PluginManager:220 - loadIPPluginJar : add adc
2024-09-18 13:26:48,482 [INFO] IPUIPlugin:80 - create IPUIPlugin
2024-09-18 13:26:48,482 [INFO] PluginManager:220 - loadIPPluginJar : add aes
2024-09-18 13:26:48,526 [INFO] IPUIPlugin:80 - create IPUIPlugin
2024-09-18 13:26:48,526 [INFO] PluginManager:220 - loadIPPluginJar : add can
2024-09-18 13:26:48,551 [INFO] IPUIPlugin:80 - create IPUIPlugin
2024-09-18 13:26:48,551 [INFO] PluginManager:220 - loadIPPluginJar : add comp
2024-09-18 13:26:48,586 [INFO] IPUIPlugin:80 - create IPUIPlugin
2024-09-18 13:26:48,587 [INFO] PluginManager:220 - loadIPPluginJar : add cryp
2024-09-18 13:26:48,599 [INFO] IPUIPlugin:80 - create IPUIPlugin
2024-09-18 13:26:48,599 [INFO] PluginManager:220 - loadIPPluginJar : add ddr_ctrl_phy
2024-09-18 13:26:48,632 [INFO] IPUIPlugin:80 - create IPUIPlugin
2024-09-18 13:26:48,632 [INFO] PluginManager:220 - loadIPPluginJar : add dfsdm
2024-09-18 13:26:48,646 [INFO] IPUIPlugin:80 - create IPUIPlugin
2024-09-18 13:26:48,647 [INFO] PluginManager:220 - loadIPPluginJar : add dma
2024-09-18 13:26:48,697 [INFO] IPUIPlugin:80 - create IPUIPlugin
2024-09-18 13:26:48,697 [INFO] PluginManager:220 - loadIPPluginJar : add dma3
2024-09-18 13:26:48,745 [INFO] IPUIPlugin:80 - create IPUIPlugin
2024-09-18 13:26:48,745 [INFO] PluginManager:220 - loadIPPluginJar : add extmemmanager
2024-09-18 13:26:48,767 [INFO] IPUIPlugin:80 - create IPUIPlugin
2024-09-18 13:26:48,767 [INFO] PluginManager:220 - loadIPPluginJar : add fatfs
2024-09-18 13:26:48,816 [INFO] IPUIPlugin:80 - create IPUIPlugin
2024-09-18 13:26:48,816 [INFO] PluginManager:220 - loadIPPluginJar : add fmc
2024-09-18 13:26:48,831 [INFO] IPUIPlugin:80 - create IPUIPlugin
2024-09-18 13:26:48,831 [INFO] PluginManager:220 - loadIPPluginJar : add freertos
2024-09-18 13:26:48,853 [INFO] IPUIPlugin:80 - create IPUIPlugin
2024-09-18 13:26:48,853 [INFO] PluginManager:220 - loadIPPluginJar : add genericplugin
2024-09-18 13:26:48,955 [INFO] IPUIPlugin:80 - create IPUIPlugin
2024-09-18 13:26:48,956 [INFO] PluginManager:220 - loadIPPluginJar : add gfxmmu
2024-09-18 13:26:49,095 [INFO] IPUIPlugin:80 - create IPUIPlugin
2024-09-18 13:26:49,095 [INFO] PluginManager:220 - loadIPPluginJar : add gic
2024-09-18 13:26:49,108 [INFO] IPUIPlugin:80 - create IPUIPlugin
2024-09-18 13:26:49,108 [INFO] PluginManager:220 - loadIPPluginJar : add gpio
2024-09-18 13:26:49,210 [INFO] IPUIPlugin:80 - create IPUIPlugin
2024-09-18 13:26:49,210 [INFO] PluginManager:220 - loadIPPluginJar : add gtzc
2024-09-18 13:26:49,245 [INFO] IPUIPlugin:80 - create IPUIPlugin
2024-09-18 13:26:49,245 [INFO] PluginManager:220 - loadIPPluginJar : add hash
2024-09-18 13:26:49,303 [INFO] IPUIPlugin:80 - create IPUIPlugin
2024-09-18 13:26:49,303 [INFO] PluginManager:220 - loadIPPluginJar : add i2c
2024-09-18 13:26:49,343 [INFO] IPUIPlugin:80 - create IPUIPlugin
2024-09-18 13:26:49,343 [INFO] PluginManager:220 - loadIPPluginJar : add i2s
2024-09-18 13:26:49,388 [INFO] IPUIPlugin:80 - create IPUIPlugin
2024-09-18 13:26:49,388 [INFO] PluginManager:220 - loadIPPluginJar : add i3c
2024-09-18 13:26:49,496 [INFO] IPUIPlugin:80 - create IPUIPlugin
2024-09-18 13:26:49,496 [INFO] PluginManager:220 - loadIPPluginJar : add ipddr
2024-09-18 13:26:49,597 [INFO] IPUIPlugin:80 - create IPUIPlugin
2024-09-18 13:26:49,597 [INFO] PluginManager:220 - loadIPPluginJar : add linkedlist
2024-09-18 13:26:49,634 [INFO] IPUIPlugin:80 - create IPUIPlugin
2024-09-18 13:26:49,634 [INFO] PluginManager:220 - loadIPPluginJar : add lorawan
2024-09-18 13:26:49,675 [INFO] IPUIPlugin:80 - create IPUIPlugin
2024-09-18 13:26:49,675 [INFO] PluginManager:220 - loadIPPluginJar : add ltdc
2024-09-18 13:26:49,688 [INFO] IPUIPlugin:80 - create IPUIPlugin
2024-09-18 13:26:49,688 [INFO] PluginManager:220 - loadIPPluginJar : add mdma
2024-09-18 13:26:49,702 [INFO] IPUIPlugin:80 - create IPUIPlugin
2024-09-18 13:26:49,702 [INFO] PluginManager:220 - loadIPPluginJar : add nvic
2024-09-18 13:26:49,740 [INFO] IPUIPlugin:80 - create IPUIPlugin
2024-09-18 13:26:49,740 [INFO] PluginManager:220 - loadIPPluginJar : add opamp
2024-09-18 13:26:49,807 [INFO] IPUIPlugin:80 - create IPUIPlugin
2024-09-18 13:26:49,807 [INFO] PluginManager:220 - loadIPPluginJar : add openamp
2024-09-18 13:26:49,857 [INFO] IPUIPlugin:80 - create IPUIPlugin
2024-09-18 13:26:49,857 [INFO] PluginManager:220 - loadIPPluginJar : add pdm2pcm
2024-09-18 13:26:49,873 [INFO] IPUIPlugin:80 - create IPUIPlugin
2024-09-18 13:26:49,876 [INFO] PluginManager:220 - loadIPPluginJar : add plateformsettings
2024-09-18 13:26:49,901 [INFO] IPUIPlugin:80 - create IPUIPlugin
2024-09-18 13:26:49,901 [INFO] PluginManager:220 - loadIPPluginJar : add quadspi
2024-09-18 13:26:49,930 [INFO] IPUIPlugin:80 - create IPUIPlugin
2024-09-18 13:26:49,931 [INFO] PluginManager:220 - loadIPPluginJar : add radio
2024-09-18 13:26:49,943 [INFO] IPUIPlugin:80 - create IPUIPlugin
2024-09-18 13:26:49,943 [INFO] PluginManager:220 - loadIPPluginJar : add resmgrutility
2024-09-18 13:26:49,994 [INFO] IPUIPlugin:80 - create IPUIPlugin
2024-09-18 13:26:49,994 [INFO] PluginManager:220 - loadIPPluginJar : add sai
2024-09-18 13:26:50,036 [INFO] IPUIPlugin:80 - create IPUIPlugin
2024-09-18 13:26:50,037 [INFO] PluginManager:220 - loadIPPluginJar : add spi
2024-09-18 13:26:50,110 [INFO] IPUIPlugin:80 - create IPUIPlugin
2024-09-18 13:26:50,110 [INFO] PluginManager:220 - loadIPPluginJar : add stm32_wpan
2024-09-18 13:26:50,135 [INFO] IPUIPlugin:80 - create IPUIPlugin
2024-09-18 13:26:50,135 [INFO] PluginManager:220 - loadIPPluginJar : add tim
2024-09-18 13:26:50,199 [INFO] IPUIPlugin:80 - create IPUIPlugin
2024-09-18 13:26:50,199 [INFO] PluginManager:220 - loadIPPluginJar : add touchsensing
2024-09-18 13:26:50,223 [INFO] IPUIPlugin:80 - create IPUIPlugin
2024-09-18 13:26:50,223 [INFO] PluginManager:220 - loadIPPluginJar : add tracer_emb
2024-09-18 13:26:50,247 [INFO] IPUIPlugin:80 - create IPUIPlugin
2024-09-18 13:26:50,247 [INFO] PluginManager:220 - loadIPPluginJar : add ts
2024-09-18 13:26:50,271 [INFO] IPUIPlugin:80 - create IPUIPlugin
2024-09-18 13:26:50,271 [INFO] PluginManager:220 - loadIPPluginJar : add tsc
2024-09-18 13:26:50,294 [INFO] IPUIPlugin:80 - create IPUIPlugin
2024-09-18 13:26:50,294 [INFO] PluginManager:220 - loadIPPluginJar : add ucpd
2024-09-18 13:26:50,344 [INFO] IPUIPlugin:80 - create IPUIPlugin
2024-09-18 13:26:50,344 [INFO] PluginManager:220 - loadIPPluginJar : add usart
2024-09-18 13:26:50,390 [INFO] IPUIPlugin:80 - create IPUIPlugin
2024-09-18 13:26:50,390 [INFO] PluginManager:220 - loadIPPluginJar : add usbx
2024-09-18 13:26:50,516 [INFO] CADModel:165 - CPN selected for project level
2024-09-18 13:26:50,516 [INFO] CADModel:114 - Register for checkConnection events
2024-09-18 13:26:50,516 [FATAL] Updater:334 - Updater called before beeing initialized
2024-09-18 13:26:50,516 [ERROR] CADModel:125 - Updater not yet initialized, retry later 
2024-09-18 13:26:50,656 [INFO] CADModel:165 - CPN selected for project level
2024-09-18 13:26:50,656 [INFO] CADModel:114 - Register for checkConnection events
2024-09-18 13:26:50,656 [FATAL] Updater:334 - Updater called before beeing initialized
2024-09-18 13:26:50,656 [ERROR] CADModel:125 - Updater not yet initialized, retry later 
2024-09-18 13:26:50,660 [FATAL] Updater:334 - Updater called before beeing initialized
2024-09-18 13:26:50,778 [FATAL] Updater:334 - Updater called before beeing initialized
2024-09-18 13:26:50,788 [INFO] DbMcusAds:53 - JSON generation date=Thu May 16 19:22:00 AEST 2024 (1715851320667)
2024-09-18 13:26:50,789 [FATAL] Updater:334 - Updater called before beeing initialized
2024-09-18 13:26:50,856 [INFO] ThirdPartyUpdaterWithRetryManager:70 - Updater plugin not ready yet. [2/15]
2024-09-18 13:26:50,864 [WARN] DetailPanel:346 - Failed to get advertising image, set to default
2024-09-18 13:26:50,941 [FATAL] Updater:334 - Updater called before beeing initialized
2024-09-18 13:26:50,943 [FATAL] Updater:334 - Updater called before beeing initialized
2024-09-18 13:26:50,943 [FATAL] Updater:334 - Updater called before beeing initialized
2024-09-18 13:26:50,944 [WARN] DetailPanel:346 - Failed to get advertising image, set to default
2024-09-18 13:26:50,944 [FATAL] Updater:334 - Updater called before beeing initialized
2024-09-18 13:26:51,013 [ERROR] Updater:1164 - MainUpdater not yet initialized. External WinMGr cannot be set.
2024-09-18 13:26:51,025 [INFO] Updater:1100 - Updater Version found : 6.12.0
2024-09-18 13:26:51,043 [INFO] ApplicationProperties:184 - Using Application install path: D:\stm\STM32CubeIDE_1.16.0\STM32CubeIDE\plugins\com.st.stm32cube.common.mx_6.12.0.202406281431
2024-09-18 13:26:51,369 [INFO] MainUpdater:2873 - connection check result : 10
2024-09-18 13:26:51,370 [INFO] MainUpdater:290 - Updater Check For Update Now.
2024-09-18 13:26:51,370 [INFO] MicroXplorer:498 - Change Database Version : DB.6.0.120
2024-09-18 13:26:51,389 [INFO] McuFinderGlobals:63 - Set McuFinder mode to 2 (CubeIDE integrated)
2024-09-18 13:26:51,398 [INFO] UserAuth:417 - Internet connection configuration mode: 1
2024-09-18 13:26:51,434 [INFO] JxBrowserEngine:152 - Initiate JxBrowser Engine with user profile folder
2024-09-18 13:26:51,600 [INFO] CheckServerUpdateThread:120 - End of CheckServer Thread
2024-09-18 13:26:54,161 [WARN] PackLoader:240 - Cannot read IP mode file for STMicroelectronics.FP-SNS-MOTENVWB1.1.4.0
2024-09-18 13:26:54,185 [WARN] PackLoader:240 - Cannot read IP mode file for STMicroelectronics.X-CUBE-SMBUS.2.1.0
2024-09-18 13:26:54,228 [WARN] PackLoader:240 - Cannot read IP mode file for STMicroelectronics.X-CUBE-AZRTOS-F7.1.1.0
2024-09-18 13:26:54,349 [WARN] PackLoader:240 - Cannot read IP mode file for STMicroelectronics.X-CUBE-MEMS1.11.0.0
2024-09-18 13:26:54,541 [WARN] PackLoader:240 - Cannot read IP mode file for STMicroelectronics.FP-SNS-FLIGHT1.5.0.2
2024-09-18 13:26:54,562 [WARN] PackLoader:240 - Cannot read IP mode file for STMicroelectronics.X-CUBE-DISPLAY.3.0.0
2024-09-18 13:26:54,585 [WARN] PackLoader:240 - Cannot read IP mode file for STMicroelectronics.X-CUBE-BLE1.7.0.0
2024-09-18 13:26:54,604 [WARN] PackLoader:240 - Cannot read IP mode file for emotas.I-CUBE-CANOPEN.1.3.0
2024-09-18 13:26:54,624 [WARN] PackLoader:240 - Cannot read IP mode file for STMicroelectronics.X-CUBE-BLEMGR.3.1.0
2024-09-18 13:26:54,643 [WARN] PackLoader:240 - Cannot read IP mode file for STMicroelectronics.FP-SNS-SMARTAG2.1.2.0
2024-09-18 13:26:54,665 [INFO] LogOutputStream:77 - [STDOUT_REDIRECT] 1 : Invalid condition id : UX_CORESTACK_Condition cause : null
2024-09-18 13:26:54,665 [INFO] LogOutputStream:77 - [STDOUT_REDIRECT] 1 : Invalid condition id : UX_CORESTACK_Condition cause : null
2024-09-18 13:26:54,667 [INFO] LogOutputStream:77 - [STDOUT_REDIRECT] 1 : Invalid condition id : UX_CORESTACK_Condition cause : null
2024-09-18 13:26:54,668 [INFO] LogOutputStream:77 - [STDOUT_REDIRECT] 1 : Invalid condition id : UX_CORESTACK_Condition cause : null
2024-09-18 13:26:54,669 [INFO] LogOutputStream:77 - [STDOUT_REDIRECT] 1 : Invalid condition id : UX_CORESTACK_Condition cause : null
2024-09-18 13:26:54,671 [WARN] PackLoader:240 - Cannot read IP mode file for STMicroelectronics.X-CUBE-AZRTOS-WL.2.0.0
2024-09-18 13:26:54,687 [INFO] WebApp:167 - Instantiating new browser for Auth
2024-09-18 13:26:54,688 [WARN] PackLoader:240 - Cannot read IP mode file for STMicroelectronics.FP-SNS-MOTENV1.5.0.0
2024-09-18 13:26:54,711 [WARN] PackLoader:240 - Cannot read IP mode file for wolfSSL.I-CUBE-wolfMQTT.1.19.0
2024-09-18 13:26:54,741 [WARN] PackLoader:240 - Cannot read IP mode file for WES.I-CUBE-Cesium.1.3.0
2024-09-18 13:26:54,762 [WARN] PackLoader:240 - Cannot read IP mode file for STMicroelectronics.X-CUBE-BLE2.3.3.0
2024-09-18 13:26:54,780 [WARN] PackLoader:240 - Cannot read IP mode file for STMicroelectronics.X-CUBE-TCPP.4.1.0
2024-09-18 13:26:54,816 [WARN] PackLoader:240 - Cannot read IP mode file for STMicroelectronics.X-CUBE-AZRTOS-G0.1.1.0
2024-09-18 13:26:54,838 [WARN] PackLoader:240 - Cannot read IP mode file for STMicroelectronics.X-CUBE-SAFEA1.1.2.2
2024-09-18 13:26:54,870 [WARN] PackLoader:240 - Cannot read IP mode file for STMicroelectronics.X-CUBE-NFC4.3.0.0
2024-09-18 13:26:54,903 [WARN] PackLoader:240 - Cannot read IP mode file for EmbeddedOffice.I-CUBE-FS-RTOS.1.0.1
2024-09-18 13:26:54,903 [ERROR] ConditionMgr:805 - Attr not supported : Dmpu
2024-09-18 13:26:54,904 [ERROR] ConditionMgr:805 - Attr not supported : Dmpu
2024-09-18 13:26:54,904 [ERROR] ConditionMgr:805 - Attr not supported : Dmpu
2024-09-18 13:26:54,904 [ERROR] ConditionMgr:805 - Attr not supported : Dmpu
2024-09-18 13:26:54,904 [ERROR] ConditionMgr:805 - Attr not supported : Dmpu
2024-09-18 13:26:54,904 [ERROR] ConditionMgr:805 - Attr not supported : Dmpu
2024-09-18 13:26:54,904 [ERROR] ConditionMgr:805 - Attr not supported : Dmpu
2024-09-18 13:26:54,904 [ERROR] ConditionMgr:805 - Attr not supported : Dmpu
2024-09-18 13:26:54,904 [ERROR] ConditionMgr:805 - Attr not supported : Dmpu
2024-09-18 13:26:54,904 [ERROR] ConditionMgr:805 - Attr not supported : Dmpu
2024-09-18 13:26:54,904 [ERROR] ConditionMgr:805 - Attr not supported : Dmpu
2024-09-18 13:26:54,904 [ERROR] ConditionMgr:805 - Attr not supported : Dmpu
2024-09-18 13:26:54,904 [ERROR] ConditionMgr:805 - Attr not supported : Dmpu
2024-09-18 13:26:54,904 [ERROR] ConditionMgr:805 - Attr not supported : Dmpu
2024-09-18 13:26:54,904 [ERROR] ConditionMgr:805 - Attr not supported : Dmpu
2024-09-18 13:26:54,905 [ERROR] ConditionMgr:805 - Attr not supported : Dmpu
2024-09-18 13:26:54,905 [ERROR] ConditionMgr:805 - Attr not supported : Dmpu
2024-09-18 13:26:54,905 [ERROR] ConditionMgr:805 - Attr not supported : Dmpu
2024-09-18 13:26:54,905 [ERROR] ConditionMgr:805 - Attr not supported : Dmpu
2024-09-18 13:26:54,905 [ERROR] ConditionMgr:805 - Attr not supported : Dmpu
2024-09-18 13:26:54,905 [ERROR] ConditionMgr:805 - Attr not supported : Dmpu
2024-09-18 13:26:54,905 [ERROR] ConditionMgr:805 - Attr not supported : Dmpu
2024-09-18 13:26:54,905 [ERROR] ConditionMgr:805 - Attr not supported : Dmpu
2024-09-18 13:26:54,905 [ERROR] ConditionMgr:805 - Attr not supported : Dmpu
2024-09-18 13:26:54,905 [ERROR] ConditionMgr:805 - Attr not supported : Dmpu
2024-09-18 13:26:54,906 [ERROR] ConditionMgr:805 - Attr not supported : Dmpu
2024-09-18 13:26:54,906 [ERROR] ConditionMgr:805 - Attr not supported : Dmpu
2024-09-18 13:26:54,906 [ERROR] ConditionMgr:805 - Attr not supported : Dmpu
2024-09-18 13:26:54,906 [ERROR] ConditionMgr:805 - Attr not supported : Dmpu
2024-09-18 13:26:54,906 [ERROR] ConditionMgr:805 - Attr not supported : Dmpu
2024-09-18 13:26:54,906 [ERROR] ConditionMgr:805 - Attr not supported : Dmpu
2024-09-18 13:26:54,906 [ERROR] ConditionMgr:805 - Attr not supported : Dmpu
2024-09-18 13:26:54,906 [ERROR] ConditionMgr:805 - Attr not supported : Dmpu
2024-09-18 13:26:54,906 [ERROR] ConditionMgr:805 - Attr not supported : Dmpu
2024-09-18 13:26:54,907 [ERROR] ConditionMgr:805 - Attr not supported : Dmpu
2024-09-18 13:26:54,907 [ERROR] ConditionMgr:805 - Attr not supported : Dmpu
2024-09-18 13:26:54,907 [ERROR] ConditionMgr:805 - Attr not supported : Dmpu
2024-09-18 13:26:54,907 [ERROR] ConditionMgr:805 - Attr not supported : Dmpu
2024-09-18 13:26:54,907 [ERROR] ConditionMgr:805 - Attr not supported : Dmpu
2024-09-18 13:26:54,907 [ERROR] ConditionMgr:805 - Attr not supported : Dmpu
2024-09-18 13:26:54,908 [ERROR] ConditionMgr:805 - Attr not supported : Dmpu
2024-09-18 13:26:54,908 [ERROR] ConditionMgr:805 - Attr not supported : Dmpu
2024-09-18 13:26:54,908 [ERROR] ConditionMgr:805 - Attr not supported : Dmpu
2024-09-18 13:26:54,908 [ERROR] ConditionMgr:805 - Attr not supported : Dmpu
2024-09-18 13:26:54,908 [ERROR] ConditionMgr:805 - Attr not supported : Dmpu
2024-09-18 13:26:54,908 [ERROR] ConditionMgr:805 - Attr not supported : Dmpu
2024-09-18 13:26:54,908 [ERROR] ConditionMgr:805 - Attr not supported : Dmpu
2024-09-18 13:26:54,908 [ERROR] ConditionMgr:805 - Attr not supported : Dmpu
2024-09-18 13:26:54,908 [ERROR] ConditionMgr:805 - Attr not supported : Dmpu
2024-09-18 13:26:54,908 [ERROR] ConditionMgr:805 - Attr not supported : Dmpu
2024-09-18 13:26:54,908 [ERROR] ConditionMgr:805 - Attr not supported : Dmpu
2024-09-18 13:26:54,908 [ERROR] ConditionMgr:805 - Attr not supported : Dmpu
2024-09-18 13:26:54,908 [ERROR] ConditionMgr:805 - Attr not supported : Dmpu
2024-09-18 13:26:54,908 [ERROR] ConditionMgr:805 - Attr not supported : Dmpu
2024-09-18 13:26:54,908 [ERROR] ConditionMgr:805 - Attr not supported : Dmpu
2024-09-18 13:26:54,909 [ERROR] ConditionMgr:805 - Attr not supported : Dmpu
2024-09-18 13:26:54,909 [ERROR] ConditionMgr:805 - Attr not supported : Dmpu
2024-09-18 13:26:54,909 [ERROR] ConditionMgr:805 - Attr not supported : Dmpu
2024-09-18 13:26:54,909 [ERROR] ConditionMgr:805 - Attr not supported : Dmpu
2024-09-18 13:26:54,909 [ERROR] ConditionMgr:805 - Attr not supported : Dmpu
2024-09-18 13:26:54,909 [ERROR] ConditionMgr:805 - Attr not supported : Dmpu
2024-09-18 13:26:54,909 [ERROR] ConditionMgr:805 - Attr not supported : Dmpu
2024-09-18 13:26:54,909 [ERROR] ConditionMgr:805 - Attr not supported : Dmpu
2024-09-18 13:26:54,909 [ERROR] ConditionMgr:805 - Attr not supported : Dmpu
2024-09-18 13:26:54,931 [WARN] PackLoader:240 - Cannot read IP mode file for RealThread.X-CUBE-RT-Thread_Nano.4.1.1
2024-09-18 13:26:54,952 [WARN] PackLoader:240 - Cannot read IP mode file for STMicroelectronics.FP-ATR-SIGFOX1.3.2.0
2024-09-18 13:26:54,974 [WARN] PackLoader:240 - Cannot read IP mode file for wolfSSL.I-CUBE-wolfSSL.5.7.2
2024-09-18 13:26:54,998 [WARN] PackLoader:240 - Cannot read IP mode file for STMicroelectronics.X-CUBE-EEPRMA1.5.1.0
2024-09-18 13:26:55,015 [WARN] PackLoader:240 - Cannot read IP mode file for ITTIA_DB.I-CUBE-ITTIADB.8.9.0
2024-09-18 13:26:55,054 [WARN] PackLoader:240 - Cannot read IP mode file for SEGGER.I-CUBE-embOS.1.3.1
2024-09-18 13:26:55,102 [WARN] PackLoader:240 - Cannot read IP mode file for STMicroelectronics.X-CUBE-ALGOBUILD.1.4.0
2024-09-18 13:26:55,120 [WARN] PackLoader:240 - Cannot read IP mode file for STMicroelectronics.X-CUBE-GNSS1.6.0.0
2024-09-18 13:26:55,153 [WARN] PackLoader:240 - Cannot read IP mode file for STMicroelectronics.X-CUBE-AZRTOS-F4.1.1.0
2024-09-18 13:26:55,172 [WARN] PackLoader:240 - Cannot read IP mode file for STMicroelectronics.X-CUBE-FREERTOS.1.2.0
2024-09-18 13:26:55,204 [WARN] PackLoader:240 - Cannot read IP mode file for STMicroelectronics.X-CUBE-AZRTOS-L5.2.0.0
2024-09-18 13:26:55,224 [WARN] PackLoader:240 - Cannot read IP mode file for STMicroelectronics.X-CUBE-NFC6.3.1.0
2024-09-18 13:26:55,243 [WARN] PackLoader:240 - Cannot read IP mode file for STMicroelectronics.X-CUBE-DPower.1.2.0
2024-09-18 13:26:55,259 [WARN] PackLoader:240 - Cannot read IP mode file for STMicroelectronics.X-CUBE-AI.9.0.0
2024-09-18 13:26:55,274 [WARN] PackLoader:240 - Cannot read IP mode file for STMicroelectronics.X-CUBE-NFC7.1.0.1
2024-09-18 13:26:55,295 [WARN] PackLoader:240 - Cannot read IP mode file for wolfSSL.I-CUBE-wolfTPM.3.2.0
2024-09-18 13:26:55,339 [WARN] ConditionMgr:438 - getConditionDescription Invalid condition id : LAN8742 Phy interface Condition cause : null
2024-09-18 13:26:55,340 [WARN] PackLoader:240 - Cannot read IP mode file for STMicroelectronics.X-CUBE-AZRTOS-L4.2.0.0
2024-09-18 13:26:55,342 [WARN] ConditionMgr:1039 - genDependencies : Invalid condition id : LAN8742 Phy interface Condition cause : null
2024-09-18 13:26:55,342 [WARN] ConditionMgr:1039 - genDependencies : Invalid condition id : LAN8742 Phy interface Condition cause : null
2024-09-18 13:26:55,347 [WARN] ConditionMgr:1039 - genDependencies : Invalid condition id : LAN8742 Phy interface Condition cause : null
2024-09-18 13:26:55,372 [WARN] PackLoader:240 - Cannot read IP mode file for STMicroelectronics.X-CUBE-SFXS2LP1.4.0.0
2024-09-18 13:26:55,415 [WARN] PackLoader:240 - Cannot read IP mode file for STMicroelectronics.X-CUBE-AZRTOS-H7.3.3.0
2024-09-18 13:26:55,451 [WARN] ConditionMgr:438 - getConditionDescription Invalid condition id : UX DEVICE CLASS RTOS Condition cause : null
2024-09-18 13:26:55,451 [WARN] ConditionMgr:438 - getConditionDescription Invalid condition id : UX DEVICE CLASS RTOS Condition cause : null
2024-09-18 13:26:55,454 [WARN] PackLoader:240 - Cannot read IP mode file for STMicroelectronics.X-CUBE-AZRTOS-WB.2.0.0
2024-09-18 13:26:55,455 [WARN] ConditionMgr:1039 - genDependencies : Invalid condition id : UX DEVICE CLASS RTOS Condition cause : null
2024-09-18 13:26:55,455 [WARN] ConditionMgr:1039 - genDependencies : Invalid condition id : UX DEVICE CLASS RTOS Condition cause : null
2024-09-18 13:26:55,456 [WARN] ConditionMgr:1039 - genDependencies : Invalid condition id : UX DEVICE CLASS RTOS Condition cause : null
2024-09-18 13:26:55,456 [WARN] ConditionMgr:1039 - genDependencies : Invalid condition id : UX DEVICE CLASS RTOS Condition cause : null
2024-09-18 13:26:55,456 [WARN] ConditionMgr:1039 - genDependencies : Invalid condition id : UX DEVICE CLASS RTOS Condition cause : null
2024-09-18 13:26:55,475 [WARN] PackLoader:240 - Cannot read IP mode file for STMicroelectronics.X-CUBE-GNSS1.7.0.0
2024-09-18 13:26:55,495 [WARN] PackLoader:240 - Cannot read IP mode file for STMicroelectronics.FP-SNS-STBOX1.2.0.0
2024-09-18 13:26:55,522 [WARN] PackLoader:240 - Cannot read IP mode file for STMicroelectronics.X-CUBE-SUBG2.5.0.0
2024-09-18 13:26:55,544 [WARN] PackLoader:240 - Cannot read IP mode file for Cesanta.I-CUBE-Mongoose.7.13.0
2024-09-18 13:26:55,575 [WARN] PackLoader:240 - Cannot read IP mode file for STMicroelectronics.X-CUBE-AZRTOS-G4.2.0.0
2024-09-18 13:26:55,597 [WARN] PackLoader:240 - Cannot read IP mode file for STMicroelectronics.X-CUBE-ISPU.2.0.0
2024-09-18 13:26:55,617 [WARN] PackLoader:240 - Cannot read IP mode file for STMicroelectronics.X-CUBE-ALS.1.0.2
2024-09-18 13:26:55,684 [WARN] PackLoader:240 - Cannot read IP mode file for STMicroelectronics.X-CUBE-MEMS1.10.0.0
2024-09-18 13:26:55,815 [WARN] PackLoader:240 - Cannot read IP mode file for STMicroelectronics.X-CUBE-TOUCHGFX.4.24.0
2024-09-18 13:26:55,818 [INFO] WebApp:448 - Apply proxy settings
2024-09-18 13:26:55,819 [INFO] WebApp:533 - Chromium requires no authentication
2024-09-18 13:26:55,838 [INFO] WebApp:476 - Direct internet connection detected
2024-09-18 13:26:55,840 [WARN] PackLoader:240 - Cannot read IP mode file for portGmbH.I-Cube-SoM-uGOAL.1.1.0
2024-09-18 13:26:55,890 [WARN] PackLoader:240 - Cannot read IP mode file for STMicroelectronics.X-CUBE-AZRTOS-H7RS.1.0.0
2024-09-18 13:26:55,907 [INFO] WebApp:869 - Register for checkConnection events
2024-09-18 13:26:55,908 [INFO] WebApp:448 - Apply proxy settings
2024-09-18 13:26:55,908 [INFO] WebApp:533 - Chromium requires no authentication
2024-09-18 13:26:55,910 [INFO] WebApp:476 - Direct internet connection detected
2024-09-18 13:26:55,919 [WARN] PackLoader:240 - Cannot read IP mode file for STMicroelectronics.FP-ATR-ASTRA1.2.0.0
2024-09-18 13:26:55,952 [WARN] PackLoader:240 - Cannot read IP mode file for STMicroelectronics.X-CUBE-TOF1.3.4.2
2024-09-18 13:26:56,007 [WARN] PackLoader:240 - Cannot read IP mode file for STMicroelectronics.X-CUBE-AZRTOS-H7.3.2.0
2024-09-18 13:26:56,042 [WARN] PackLoader:240 - Cannot read IP mode file for Infineon.AIROC-Wi-Fi-Bluetooth-STM32.1.6.0
2024-09-18 13:26:56,067 [WARN] PackLoader:240 - Cannot read IP mode file for wolfSSL.I-CUBE-wolfSSH.1.4.17
2024-09-18 13:26:56,067 [INFO] ThirdParty:978 - Integrity check success = true
2024-09-18 13:26:56,068 [INFO] IntegrityCheckThread:100 - exiting critical section [integrity check]
2024-09-18 13:26:56,068 [INFO] IntegrityCheckThread:103 - End integrity checks thread
2024-09-18 13:26:56,262 [INFO] WebApp:220 - Starting web application
2024-09-18 13:26:56,263 [INFO] WebApp:578 - Web application path used D:\stm\STM32CubeIDE_1.16.0\STM32CubeIDE\plugins\com.st.stm32cube.common.mx_6.12.0.202406281431\db\plugins\mcufinder\reactClient1\index.html
2024-09-18 13:26:56,408 [INFO] WebApp:186 - Connection restablished
2024-09-18 13:26:56,450 [INFO] UserAuth:417 - Internet connection configuration mode: 1
2024-09-18 13:34:23,265 [INFO] WebApp:189 - Connection lost
2024-09-18 13:34:23,626 [INFO] WebApp:186 - Connection restablished
2024-09-18 13:34:29,321 [INFO] WebApp:189 - Connection lost
2024-09-18 13:34:29,594 [INFO] WebApp:186 - Connection restablished
2024-09-18 14:51:29,058 [INFO] WebApp:189 - Connection lost
2024-09-18 14:51:29,525 [INFO] WebApp:186 - Connection restablished
2024-09-18 14:51:32,806 [INFO] WebApp:189 - Connection lost
2024-09-18 14:51:33,111 [INFO] WebApp:186 - Connection restablished
2024-09-18 14:51:35,822 [INFO] WebApp:189 - Connection lost
2024-09-18 14:51:36,097 [INFO] WebApp:186 - Connection restablished
2024-09-18 14:53:20,808 [INFO] WebApp:189 - Connection lost
2024-09-18 14:53:21,180 [INFO] WebApp:186 - Connection restablished
2024-09-18 14:55:25,697 [INFO] WebApp:189 - Connection lost
2024-09-18 14:55:26,054 [INFO] WebApp:186 - Connection restablished
2024-09-18 14:55:33,323 [INFO] WebApp:189 - Connection lost
2024-09-18 14:55:33,614 [INFO] WebApp:186 - Connection restablished
2024-09-18 15:12:12,781 [INFO] WebApp:189 - Connection lost
2024-09-18 15:12:13,139 [INFO] WebApp:186 - Connection restablished
2024-09-18 15:12:19,824 [INFO] WebApp:189 - Connection lost
2024-09-18 15:12:20,083 [INFO] WebApp:186 - Connection restablished
